[ 2017-09-09T00:09:41+08:00 ] ::1 /peihuo/index.php
INFO: [ app_init ] --START--
INFO: Run Behavior\BuildLiteBehavior [ RunTime:0.000000s ]
INFO: [ app_init ] --END-- [ RunTime:0.001000s ]
INFO: [ app_begin ] --START--
INFO: Run Behavior\ReadHtmlCacheBehavior [ RunTime:0.001000s ]
INFO: [ app_begin ] --END-- [ RunTime:0.001000s ]
INFO: [ view_parse ] --START--
INFO: [ template_filter ] --START--
INFO: Run Behavior\ContentReplaceBehavior [ RunTime:0.000000s ]
INFO: [ template_filter ] --END-- [ RunTime:0.001001s ]
NOTIC: [8] Undefined variable: webname F:\phpStudy\WWW\peihuo\Application\Runtime\Cache\Home\2a94b8bda04ff446dcedd42276fc99ee.php 第 24 行.
INFO: Run Behavior\ParseTemplateBehavior [ RunTime:0.018001s ]
INFO: [ view_parse ] --END-- [ RunTime:0.018001s ]
INFO: [ view_filter ] --START--
INFO: Run Behavior\WriteHtmlCacheBehavior [ RunTime:0.001000s ]
INFO: [ view_filter ] --END-- [ RunTime:0.001000s ]
INFO: [ app_end ] --START--
INFO: Run Behavior\ShowPageTraceBehavior [ RunTime:0.001000s ]
INFO: [ app_end ] --END-- [ RunTime:0.001000s ]

[ 2017-09-09T00:09:42+08:00 ] ::1 /peihuo/index.php?a=welcome
INFO: [ app_init ] --START--
INFO: Run Behavior\BuildLiteBehavior [ RunTime:0.000000s ]
INFO: [ app_init ] --END-- [ RunTime:0.001000s ]
INFO: [ app_begin ] --START--
INFO: Run Behavior\ReadHtmlCacheBehavior [ RunTime:0.001000s ]
INFO: [ app_begin ] --END-- [ RunTime:0.001000s ]
INFO: [ view_parse ] --START--
INFO: [ template_filter ] --START--
INFO: Run Behavior\ContentReplaceBehavior [ RunTime:0.000000s ]
INFO: [ template_filter ] --END-- [ RunTime:0.000000s ]
INFO: Run Behavior\ParseTemplateBehavior [ RunTime:0.032002s ]
INFO: [ view_parse ] --END-- [ RunTime:0.032002s ]
INFO: [ view_filter ] --START--
INFO: Run Behavior\WriteHtmlCacheBehavior [ RunTime:0.001000s ]
INFO: [ view_filter ] --END-- [ RunTime:0.001000s ]
INFO: [ app_end ] --START--
INFO: Run Behavior\ShowPageTraceBehavior [ RunTime:0.001000s ]
INFO: [ app_end ] --END-- [ RunTime:0.001000s ]

[ 2017-09-09T00:11:43+08:00 ] ::1 /peihuo/index.php
INFO: [ app_init ] --START--
INFO: Run Behavior\BuildLiteBehavior [ RunTime:0.000000s ]
INFO: [ app_init ] --END-- [ RunTime:0.000000s ]
INFO: [ app_begin ] --START--
INFO: Run Behavior\ReadHtmlCacheBehavior [ RunTime:0.001000s ]
INFO: [ app_begin ] --END-- [ RunTime:0.001000s ]
INFO: [ view_parse ] --START--
INFO: [ template_filter ] --START--
INFO: Run Behavior\ContentReplaceBehavior [ RunTime:0.000000s ]
INFO: [ template_filter ] --END-- [ RunTime:0.000000s ]
NOTIC: [8] Undefined variable: webname F:\phpStudy\WWW\peihuo\Application\Runtime\Cache\Home\2a94b8bda04ff446dcedd42276fc99ee.php 第 24 行.
INFO: Run Behavior\ParseTemplateBehavior [ RunTime:0.012001s ]
INFO: [ view_parse ] --END-- [ RunTime:0.012001s ]
INFO: [ view_filter ] --START--
INFO: Run Behavior\WriteHtmlCacheBehavior [ RunTime:0.001000s ]
INFO: [ view_filter ] --END-- [ RunTime:0.001000s ]
INFO: [ app_end ] --START--
INFO: Run Behavior\ShowPageTraceBehavior [ RunTime:0.001000s ]
INFO: [ app_end ] --END-- [ RunTime:0.001000s ]

[ 2017-09-09T00:11:43+08:00 ] ::1 /peihuo/index.php?a=welcome
INFO: [ app_init ] --START--
INFO: Run Behavior\BuildLiteBehavior [ RunTime:0.000000s ]
INFO: [ app_init ] --END-- [ RunTime:0.001000s ]
INFO: [ app_begin ] --START--
INFO: Run Behavior\ReadHtmlCacheBehavior [ RunTime:0.000000s ]
INFO: [ app_begin ] --END-- [ RunTime:0.000000s ]
INFO: [ view_parse ] --START--
INFO: [ template_filter ] --START--
INFO: Run Behavior\ContentReplaceBehavior [ RunTime:0.000000s ]
INFO: [ template_filter ] --END-- [ RunTime:0.000000s ]
INFO: Run Behavior\ParseTemplateBehavior [ RunTime:0.010001s ]
INFO: [ view_parse ] --END-- [ RunTime:0.011001s ]
INFO: [ view_filter ] --START--
INFO: Run Behavior\WriteHtmlCacheBehavior [ RunTime:0.000000s ]
INFO: [ view_filter ] --END-- [ RunTime:0.000000s ]
INFO: [ app_end ] --START--
INFO: Run Behavior\ShowPageTraceBehavior [ RunTime:0.001000s ]
INFO: [ app_end ] --END-- [ RunTime:0.001000s ]

[ 2017-09-09T00:13:09+08:00 ] ::1 /peihuo/index.php?c=order
INFO: [ app_init ] --START--
INFO: Run Behavior\BuildLiteBehavior [ RunTime:0.000000s ]
INFO: [ app_init ] --END-- [ RunTime:0.000000s ]
INFO: [ app_begin ] --START--
INFO: Run Behavior\ReadHtmlCacheBehavior [ RunTime:0.001001s ]
INFO: [ app_begin ] --END-- [ RunTime:0.001001s ]
ERR: 无法加载控制器:Order

[ 2017-09-09T00:42:52+08:00 ] ::1 /peihuo/index.php?c=order
INFO: [ app_init ] --START--
INFO: Run Behavior\BuildLiteBehavior [ RunTime:0.000000s ]
INFO: [ app_init ] --END-- [ RunTime:0.000000s ]
INFO: [ app_begin ] --START--
INFO: Run Behavior\ReadHtmlCacheBehavior [ RunTime:0.001000s ]
INFO: [ app_begin ] --END-- [ RunTime:0.001000s ]
NOTIC: [2048] Declaration of Common\Model\FoodModel::find() should be compatible with Think\Model::find($options = Array) F:\phpStudy\WWW\peihuo\Application\Common\Model\OrderModel.class.php 第 10 行.
SQL: SHOW COLUMNS FROM `ph_order` [ RunTime:0.1070s ]
ERR: Think\Model:getOrderList方法不存在！

[ 2017-09-09T00:44:06+08:00 ] ::1 /peihuo/index.php?c=order
INFO: [ app_init ] --START--
INFO: Run Behavior\BuildLiteBehavior [ RunTime:0.001000s ]
INFO: [ app_init ] --END-- [ RunTime:0.001000s ]
INFO: [ app_begin ] --START--
INFO: Run Behavior\ReadHtmlCacheBehavior [ RunTime:0.001000s ]
INFO: [ app_begin ] --END-- [ RunTime:0.001000s ]
NOTIC: [2048] Declaration of Common\Model\OrderModel::find() should be compatible with Think\Model::find($options = Array) F:\phpStudy\WWW\peihuo\Application\Common\Model\OrderModel.class.php 第 10 行.
SQL: SHOW COLUMNS FROM `ph_order` [ RunTime:0.0390s ]
SQL: SELECT * FROM `ph_order` WHERE `status` <> -1 ORDER BY order_id desc  [ RunTime:0.0000s ]
SQL: SELECT COUNT(*) AS tp_count FROM `ph_order` WHERE `status` <> -1 LIMIT 1   [ RunTime:0.0000s ]
NOTIC: [2048] Declaration of Common\Model\CategoryModel::find() should be compatible with Think\Model::find($options = Array) F:\phpStudy\WWW\peihuo\Application\Common\Model\CategoryModel.class.php 第 102 行.
SQL: SHOW COLUMNS FROM `ph_category` [ RunTime:0.0430s ]
SQL: SELECT * FROM `ph_category` WHERE `status` <> -1 ORDER BY category_id asc  [ RunTime:0.0010s ]
INFO: [ view_parse ] --START--
INFO: [ template_filter ] --START--
INFO: Run Behavior\ContentReplaceBehavior [ RunTime:0.000000s ]
INFO: [ template_filter ] --END-- [ RunTime:0.000000s ]
INFO: Run Behavior\ParseTemplateBehavior [ RunTime:0.032001s ]
INFO: [ view_parse ] --END-- [ RunTime:0.032001s ]
INFO: [ view_filter ] --START--
INFO: Run Behavior\WriteHtmlCacheBehavior [ RunTime:0.001000s ]
INFO: [ view_filter ] --END-- [ RunTime:0.001000s ]
INFO: [ app_end ] --START--
INFO: Run Behavior\ShowPageTraceBehavior [ RunTime:0.001001s ]
INFO: [ app_end ] --END-- [ RunTime:0.001001s ]

[ 2017-09-09T00:44:20+08:00 ] ::1 /peihuo/index.php?c=order&a=add
INFO: [ app_init ] --START--
INFO: Run Behavior\BuildLiteBehavior [ RunTime:0.000000s ]
INFO: [ app_init ] --END-- [ RunTime:0.001000s ]
INFO: [ app_begin ] --START--
INFO: Run Behavior\ReadHtmlCacheBehavior [ RunTime:0.001000s ]
INFO: [ app_begin ] --END-- [ RunTime:0.001000s ]
NOTIC: [2048] Declaration of Common\Model\CategoryModel::find() should be compatible with Think\Model::find($options = Array) F:\phpStudy\WWW\peihuo\Application\Common\Model\CategoryModel.class.php 第 10 行.
SQL: SHOW COLUMNS FROM `ph_category` [ RunTime:0.0120s ]
SQL: SELECT * FROM `ph_category` WHERE `status` <> -1 ORDER BY category_id asc  [ RunTime:0.0600s ]
INFO: [ view_parse ] --START--
INFO: [ template_filter ] --START--
INFO: Run Behavior\ContentReplaceBehavior [ RunTime:0.000000s ]
INFO: [ template_filter ] --END-- [ RunTime:0.000000s ]
NOTIC: [8] Undefined variable: food F:\phpStudy\WWW\peihuo\Application\Runtime\Cache\Home\585339be4d132c0afead7245d660e331.php 第 32 行.
NOTIC: [8] Undefined variable: food F:\phpStudy\WWW\peihuo\Application\Runtime\Cache\Home\585339be4d132c0afead7245d660e331.php 第 36 行.
NOTIC: [8] Undefined variable: food F:\phpStudy\WWW\peihuo\Application\Runtime\Cache\Home\585339be4d132c0afead7245d660e331.php 第 47 行.
NOTIC: [8] Undefined variable: food F:\phpStudy\WWW\peihuo\Application\Runtime\Cache\Home\585339be4d132c0afead7245d660e331.php 第 47 行.
NOTIC: [8] Undefined variable: food F:\phpStudy\WWW\peihuo\Application\Runtime\Cache\Home\585339be4d132c0afead7245d660e331.php 第 47 行.
NOTIC: [8] Undefined variable: food F:\phpStudy\WWW\peihuo\Application\Runtime\Cache\Home\585339be4d132c0afead7245d660e331.php 第 47 行.
NOTIC: [8] Undefined variable: food F:\phpStudy\WWW\peihuo\Application\Runtime\Cache\Home\585339be4d132c0afead7245d660e331.php 第 47 行.
NOTIC: [8] Undefined variable: food F:\phpStudy\WWW\peihuo\Application\Runtime\Cache\Home\585339be4d132c0afead7245d660e331.php 第 47 行.
NOTIC: [8] Undefined variable: food F:\phpStudy\WWW\peihuo\Application\Runtime\Cache\Home\585339be4d132c0afead7245d660e331.php 第 47 行.
NOTIC: [8] Undefined variable: food F:\phpStudy\WWW\peihuo\Application\Runtime\Cache\Home\585339be4d132c0afead7245d660e331.php 第 47 行.
NOTIC: [8] Undefined variable: food F:\phpStudy\WWW\peihuo\Application\Runtime\Cache\Home\585339be4d132c0afead7245d660e331.php 第 57 行.
NOTIC: [8] Undefined variable: food F:\phpStudy\WWW\peihuo\Application\Runtime\Cache\Home\585339be4d132c0afead7245d660e331.php 第 63 行.
INFO: Run Behavior\ParseTemplateBehavior [ RunTime:0.012000s ]
INFO: [ view_parse ] --END-- [ RunTime:0.012000s ]
INFO: [ view_filter ] --START--
INFO: Run Behavior\WriteHtmlCacheBehavior [ RunTime:0.001001s ]
INFO: [ view_filter ] --END-- [ RunTime:0.001001s ]
INFO: [ app_end ] --START--
INFO: Run Behavior\ShowPageTraceBehavior [ RunTime:0.001000s ]
INFO: [ app_end ] --END-- [ RunTime:0.001000s ]

[ 2017-09-09T00:50:17+08:00 ] ::1 /peihuo/index.php?c=order&a=add
INFO: [ app_init ] --START--
INFO: Run Behavior\BuildLiteBehavior [ RunTime:0.000000s ]
INFO: [ app_init ] --END-- [ RunTime:0.001000s ]
INFO: [ app_begin ] --START--
INFO: Run Behavior\ReadHtmlCacheBehavior [ RunTime:0.002000s ]
INFO: [ app_begin ] --END-- [ RunTime:0.002000s ]
NOTIC: [2048] Declaration of Common\Model\CategoryModel::find() should be compatible with Think\Model::find($options = Array) F:\phpStudy\WWW\peihuo\Application\Common\Model\CategoryModel.class.php 第 10 行.
SQL: SHOW COLUMNS FROM `ph_category` [ RunTime:0.0340s ]
SQL: SELECT * FROM `ph_category` WHERE `status` <> -1 ORDER BY category_id asc  [ RunTime:0.0010s ]
INFO: [ view_parse ] --START--
INFO: [ template_filter ] --START--
INFO: Run Behavior\ContentReplaceBehavior [ RunTime:0.000000s ]
INFO: [ template_filter ] --END-- [ RunTime:0.000000s ]
NOTIC: [8] Undefined variable: food F:\phpStudy\WWW\peihuo\Application\Runtime\Cache\Home\585339be4d132c0afead7245d660e331.php 第 32 行.
NOTIC: [8] Undefined variable: food F:\phpStudy\WWW\peihuo\Application\Runtime\Cache\Home\585339be4d132c0afead7245d660e331.php 第 36 行.
NOTIC: [8] Undefined variable: food F:\phpStudy\WWW\peihuo\Application\Runtime\Cache\Home\585339be4d132c0afead7245d660e331.php 第 47 行.
NOTIC: [8] Undefined variable: food F:\phpStudy\WWW\peihuo\Application\Runtime\Cache\Home\585339be4d132c0afead7245d660e331.php 第 47 行.
NOTIC: [8] Undefined variable: food F:\phpStudy\WWW\peihuo\Application\Runtime\Cache\Home\585339be4d132c0afead7245d660e331.php 第 47 行.
NOTIC: [8] Undefined variable: food F:\phpStudy\WWW\peihuo\Application\Runtime\Cache\Home\585339be4d132c0afead7245d660e331.php 第 47 行.
NOTIC: [8] Undefined variable: food F:\phpStudy\WWW\peihuo\Application\Runtime\Cache\Home\585339be4d132c0afead7245d660e331.php 第 47 行.
NOTIC: [8] Undefined variable: food F:\phpStudy\WWW\peihuo\Application\Runtime\Cache\Home\585339be4d132c0afead7245d660e331.php 第 47 行.
NOTIC: [8] Undefined variable: food F:\phpStudy\WWW\peihuo\Application\Runtime\Cache\Home\585339be4d132c0afead7245d660e331.php 第 47 行.
NOTIC: [8] Undefined variable: food F:\phpStudy\WWW\peihuo\Application\Runtime\Cache\Home\585339be4d132c0afead7245d660e331.php 第 47 行.
NOTIC: [8] Undefined variable: food F:\phpStudy\WWW\peihuo\Application\Runtime\Cache\Home\585339be4d132c0afead7245d660e331.php 第 57 行.
NOTIC: [8] Undefined variable: food F:\phpStudy\WWW\peihuo\Application\Runtime\Cache\Home\585339be4d132c0afead7245d660e331.php 第 63 行.
INFO: Run Behavior\ParseTemplateBehavior [ RunTime:0.028002s ]
INFO: [ view_parse ] --END-- [ RunTime:0.028002s ]
INFO: [ view_filter ] --START--
INFO: Run Behavior\WriteHtmlCacheBehavior [ RunTime:0.001000s ]
INFO: [ view_filter ] --END-- [ RunTime:0.001000s ]
INFO: [ app_end ] --START--
INFO: Run Behavior\ShowPageTraceBehavior [ RunTime:0.001000s ]
INFO: [ app_end ] --END-- [ RunTime:0.001000s ]

[ 2017-09-09T00:56:04+08:00 ] ::1 /peihuo/index.php?c=order&a=add
INFO: [ app_init ] --START--
INFO: Run Behavior\BuildLiteBehavior [ RunTime:0.000000s ]
INFO: [ app_init ] --END-- [ RunTime:0.001000s ]
INFO: [ app_begin ] --START--
INFO: Run Behavior\ReadHtmlCacheBehavior [ RunTime:0.002000s ]
INFO: [ app_begin ] --END-- [ RunTime:0.002000s ]
NOTIC: [2048] Declaration of Common\Model\CategoryModel::find() should be compatible with Think\Model::find($options = Array) F:\phpStudy\WWW\peihuo\Application\Common\Model\CategoryModel.class.php 第 10 行.
SQL: SHOW COLUMNS FROM `ph_category` [ RunTime:0.0200s ]
SQL: SELECT * FROM `ph_category` WHERE `status` <> -1 ORDER BY category_id asc  [ RunTime:0.0000s ]
INFO: [ view_parse ] --START--
INFO: [ template_filter ] --START--
INFO: Run Behavior\ContentReplaceBehavior [ RunTime:0.000000s ]
INFO: [ template_filter ] --END-- [ RunTime:0.000000s ]
NOTIC: [8] Undefined variable: food F:\phpStudy\WWW\peihuo\Application\Runtime\Cache\Home\585339be4d132c0afead7245d660e331.php 第 32 行.
NOTIC: [8] Undefined variable: food F:\phpStudy\WWW\peihuo\Application\Runtime\Cache\Home\585339be4d132c0afead7245d660e331.php 第 36 行.
NOTIC: [8] Undefined variable: food F:\phpStudy\WWW\peihuo\Application\Runtime\Cache\Home\585339be4d132c0afead7245d660e331.php 第 47 行.
NOTIC: [8] Undefined variable: food F:\phpStudy\WWW\peihuo\Application\Runtime\Cache\Home\585339be4d132c0afead7245d660e331.php 第 47 行.
NOTIC: [8] Undefined variable: food F:\phpStudy\WWW\peihuo\Application\Runtime\Cache\Home\585339be4d132c0afead7245d660e331.php 第 47 行.
NOTIC: [8] Undefined variable: food F:\phpStudy\WWW\peihuo\Application\Runtime\Cache\Home\585339be4d132c0afead7245d660e331.php 第 47 行.
NOTIC: [8] Undefined variable: food F:\phpStudy\WWW\peihuo\Application\Runtime\Cache\Home\585339be4d132c0afead7245d660e331.php 第 47 行.
NOTIC: [8] Undefined variable: food F:\phpStudy\WWW\peihuo\Application\Runtime\Cache\Home\585339be4d132c0afead7245d660e331.php 第 47 行.
NOTIC: [8] Undefined variable: food F:\phpStudy\WWW\peihuo\Application\Runtime\Cache\Home\585339be4d132c0afead7245d660e331.php 第 47 行.
NOTIC: [8] Undefined variable: food F:\phpStudy\WWW\peihuo\Application\Runtime\Cache\Home\585339be4d132c0afead7245d660e331.php 第 47 行.
NOTIC: [8] Undefined variable: food F:\phpStudy\WWW\peihuo\Application\Runtime\Cache\Home\585339be4d132c0afead7245d660e331.php 第 57 行.
NOTIC: [8] Undefined variable: food F:\phpStudy\WWW\peihuo\Application\Runtime\Cache\Home\585339be4d132c0afead7245d660e331.php 第 63 行.
INFO: Run Behavior\ParseTemplateBehavior [ RunTime:0.013000s ]
INFO: [ view_parse ] --END-- [ RunTime:0.013000s ]
INFO: [ view_filter ] --START--
INFO: Run Behavior\WriteHtmlCacheBehavior [ RunTime:0.000000s ]
INFO: [ view_filter ] --END-- [ RunTime:0.000000s ]
INFO: [ app_end ] --START--
INFO: Run Behavior\ShowPageTraceBehavior [ RunTime:0.000000s ]
INFO: [ app_end ] --END-- [ RunTime:0.001000s ]

[ 2017-09-09T00:56:07+08:00 ] ::1 /peihuo/index.php?c=order
INFO: [ app_init ] --START--
INFO: Run Behavior\BuildLiteBehavior [ RunTime:0.000000s ]
INFO: [ app_init ] --END-- [ RunTime:0.001000s ]
INFO: [ app_begin ] --START--
INFO: Run Behavior\ReadHtmlCacheBehavior [ RunTime:0.001000s ]
INFO: [ app_begin ] --END-- [ RunTime:0.001000s ]
NOTIC: [2048] Declaration of Common\Model\OrderModel::find() should be compatible with Think\Model::find($options = Array) F:\phpStudy\WWW\peihuo\Application\Common\Model\OrderModel.class.php 第 10 行.
SQL: SHOW COLUMNS FROM `ph_order` [ RunTime:0.0260s ]
SQL: SELECT * FROM `ph_order` WHERE `status` <> -1 ORDER BY order_id desc  [ RunTime:0.0010s ]
SQL: SELECT COUNT(*) AS tp_count FROM `ph_order` WHERE `status` <> -1 LIMIT 1   [ RunTime:0.0000s ]
NOTIC: [2048] Declaration of Common\Model\CategoryModel::find() should be compatible with Think\Model::find($options = Array) F:\phpStudy\WWW\peihuo\Application\Common\Model\CategoryModel.class.php 第 102 行.
SQL: SHOW COLUMNS FROM `ph_category` [ RunTime:0.0120s ]
SQL: SELECT * FROM `ph_category` WHERE `status` <> -1 ORDER BY category_id asc  [ RunTime:0.0000s ]
INFO: [ view_parse ] --START--
INFO: [ template_filter ] --START--
INFO: Run Behavior\ContentReplaceBehavior [ RunTime:0.000000s ]
INFO: [ template_filter ] --END-- [ RunTime:0.000000s ]
INFO: Run Behavior\ParseTemplateBehavior [ RunTime:0.013001s ]
INFO: [ view_parse ] --END-- [ RunTime:0.013001s ]
INFO: [ view_filter ] --START--
INFO: Run Behavior\WriteHtmlCacheBehavior [ RunTime:0.001000s ]
INFO: [ view_filter ] --END-- [ RunTime:0.001000s ]
INFO: [ app_end ] --START--
INFO: Run Behavior\ShowPageTraceBehavior [ RunTime:0.001000s ]
INFO: [ app_end ] --END-- [ RunTime:0.001000s ]

[ 2017-09-09T00:56:09+08:00 ] ::1 /peihuo/index.php?c=food&a=add
INFO: [ app_init ] --START--
INFO: Run Behavior\BuildLiteBehavior [ RunTime:0.000000s ]
INFO: [ app_init ] --END-- [ RunTime:0.001000s ]
INFO: [ app_begin ] --START--
INFO: Run Behavior\ReadHtmlCacheBehavior [ RunTime:0.002000s ]
INFO: [ app_begin ] --END-- [ RunTime:0.002000s ]
NOTIC: [2048] Declaration of Common\Model\CategoryModel::find() should be compatible with Think\Model::find($options = Array) F:\phpStudy\WWW\peihuo\Application\Common\Model\CategoryModel.class.php 第 10 行.
SQL: SHOW COLUMNS FROM `ph_category` [ RunTime:0.0160s ]
SQL: SELECT * FROM `ph_category` WHERE `status` <> -1 ORDER BY category_id asc  [ RunTime:0.0000s ]
INFO: [ view_parse ] --START--
INFO: [ template_filter ] --START--
INFO: Run Behavior\ContentReplaceBehavior [ RunTime:0.000000s ]
INFO: [ template_filter ] --END-- [ RunTime:0.000000s ]
NOTIC: [8] Undefined variable: food F:\phpStudy\WWW\peihuo\Application\Runtime\Cache\Home\f32f7efa1e2a64ec27ee4e408cd4e59e.php 第 32 行.
NOTIC: [8] Undefined variable: food F:\phpStudy\WWW\peihuo\Application\Runtime\Cache\Home\f32f7efa1e2a64ec27ee4e408cd4e59e.php 第 36 行.
NOTIC: [8] Undefined variable: food F:\phpStudy\WWW\peihuo\Application\Runtime\Cache\Home\f32f7efa1e2a64ec27ee4e408cd4e59e.php 第 47 行.
NOTIC: [8] Undefined variable: food F:\phpStudy\WWW\peihuo\Application\Runtime\Cache\Home\f32f7efa1e2a64ec27ee4e408cd4e59e.php 第 47 行.
NOTIC: [8] Undefined variable: food F:\phpStudy\WWW\peihuo\Application\Runtime\Cache\Home\f32f7efa1e2a64ec27ee4e408cd4e59e.php 第 47 行.
NOTIC: [8] Undefined variable: food F:\phpStudy\WWW\peihuo\Application\Runtime\Cache\Home\f32f7efa1e2a64ec27ee4e408cd4e59e.php 第 47 行.
NOTIC: [8] Undefined variable: food F:\phpStudy\WWW\peihuo\Application\Runtime\Cache\Home\f32f7efa1e2a64ec27ee4e408cd4e59e.php 第 47 行.
NOTIC: [8] Undefined variable: food F:\phpStudy\WWW\peihuo\Application\Runtime\Cache\Home\f32f7efa1e2a64ec27ee4e408cd4e59e.php 第 47 行.
NOTIC: [8] Undefined variable: food F:\phpStudy\WWW\peihuo\Application\Runtime\Cache\Home\f32f7efa1e2a64ec27ee4e408cd4e59e.php 第 47 行.
NOTIC: [8] Undefined variable: food F:\phpStudy\WWW\peihuo\Application\Runtime\Cache\Home\f32f7efa1e2a64ec27ee4e408cd4e59e.php 第 47 行.
NOTIC: [8] Undefined variable: food F:\phpStudy\WWW\peihuo\Application\Runtime\Cache\Home\f32f7efa1e2a64ec27ee4e408cd4e59e.php 第 57 行.
NOTIC: [8] Undefined variable: food F:\phpStudy\WWW\peihuo\Application\Runtime\Cache\Home\f32f7efa1e2a64ec27ee4e408cd4e59e.php 第 63 行.
INFO: Run Behavior\ParseTemplateBehavior [ RunTime:0.018001s ]
INFO: [ view_parse ] --END-- [ RunTime:0.018001s ]
INFO: [ view_filter ] --START--
INFO: Run Behavior\WriteHtmlCacheBehavior [ RunTime:0.001000s ]
INFO: [ view_filter ] --END-- [ RunTime:0.001000s ]
INFO: [ app_end ] --START--
INFO: Run Behavior\ShowPageTraceBehavior [ RunTime:0.001000s ]
INFO: [ app_end ] --END-- [ RunTime:0.001000s ]

[ 2017-09-09T00:59:33+08:00 ] ::1 /peihuo/index.php?c=order
INFO: [ app_init ] --START--
INFO: Run Behavior\BuildLiteBehavior [ RunTime:0.000000s ]
INFO: [ app_init ] --END-- [ RunTime:0.001000s ]
INFO: [ app_begin ] --START--
INFO: Run Behavior\ReadHtmlCacheBehavior [ RunTime:0.001000s ]
INFO: [ app_begin ] --END-- [ RunTime:0.001000s ]
NOTIC: [2048] Declaration of Common\Model\OrderModel::find() should be compatible with Think\Model::find($options = Array) F:\phpStudy\WWW\peihuo\Application\Common\Model\OrderModel.class.php 第 10 行.
SQL: SHOW COLUMNS FROM `ph_order` [ RunTime:0.1080s ]
SQL: SELECT * FROM `ph_order` WHERE `status` <> -1 ORDER BY order_id desc  [ RunTime:0.0000s ]
SQL: SELECT COUNT(*) AS tp_count FROM `ph_order` WHERE `status` <> -1 LIMIT 1   [ RunTime:0.0000s ]
NOTIC: [2048] Declaration of Common\Model\CategoryModel::find() should be compatible with Think\Model::find($options = Array) F:\phpStudy\WWW\peihuo\Application\Common\Model\CategoryModel.class.php 第 102 行.
SQL: SHOW COLUMNS FROM `ph_category` [ RunTime:0.0150s ]
SQL: SELECT * FROM `ph_category` WHERE `status` <> -1 ORDER BY category_id asc  [ RunTime:0.0010s ]
INFO: [ view_parse ] --START--
INFO: [ template_filter ] --START--
INFO: Run Behavior\ContentReplaceBehavior [ RunTime:0.000000s ]
INFO: [ template_filter ] --END-- [ RunTime:0.000000s ]
INFO: Run Behavior\ParseTemplateBehavior [ RunTime:0.021001s ]
INFO: [ view_parse ] --END-- [ RunTime:0.021001s ]
INFO: [ view_filter ] --START--
INFO: Run Behavior\WriteHtmlCacheBehavior [ RunTime:0.001000s ]
INFO: [ view_filter ] --END-- [ RunTime:0.001000s ]
INFO: [ app_end ] --START--
INFO: Run Behavior\ShowPageTraceBehavior [ RunTime:0.001000s ]
INFO: [ app_end ] --END-- [ RunTime:0.001000s ]

[ 2017-09-09T00:59:35+08:00 ] ::1 /peihuo/index.php?c=food
INFO: [ app_init ] --START--
INFO: Run Behavior\BuildLiteBehavior [ RunTime:0.000000s ]
INFO: [ app_init ] --END-- [ RunTime:0.001000s ]
INFO: [ app_begin ] --START--
INFO: Run Behavior\ReadHtmlCacheBehavior [ RunTime:0.002000s ]
INFO: [ app_begin ] --END-- [ RunTime:0.002000s ]
NOTIC: [2048] Declaration of Common\Model\FoodModel::find() should be compatible with Think\Model::find($options = Array) F:\phpStudy\WWW\peihuo\Application\Common\Model\FoodModel.class.php 第 10 行.
SQL: SHOW COLUMNS FROM `ph_food` [ RunTime:0.0430s ]
SQL: SELECT * FROM `ph_food` WHERE `status` <> -1 ORDER BY food_id desc  [ RunTime:0.0520s ]
SQL: SELECT COUNT(*) AS tp_count FROM `ph_food` WHERE `status` <> -1 LIMIT 1   [ RunTime:0.0000s ]
NOTIC: [2048] Declaration of Common\Model\CategoryModel::find() should be compatible with Think\Model::find($options = Array) F:\phpStudy\WWW\peihuo\Application\Common\Model\CategoryModel.class.php 第 102 行.
SQL: SHOW COLUMNS FROM `ph_category` [ RunTime:0.0310s ]
SQL: SELECT * FROM `ph_category` WHERE `status` <> -1 ORDER BY category_id asc  [ RunTime:0.0000s ]
INFO: [ view_parse ] --START--
INFO: [ template_filter ] --START--
INFO: Run Behavior\ContentReplaceBehavior [ RunTime:0.000000s ]
INFO: [ template_filter ] --END-- [ RunTime:0.000000s ]
INFO: Run Behavior\ParseTemplateBehavior [ RunTime:0.040003s ]
INFO: [ view_parse ] --END-- [ RunTime:0.040003s ]
INFO: [ view_filter ] --START--
INFO: Run Behavior\WriteHtmlCacheBehavior [ RunTime:0.001000s ]
INFO: [ view_filter ] --END-- [ RunTime:0.001000s ]
INFO: [ app_end ] --START--
INFO: Run Behavior\ShowPageTraceBehavior [ RunTime:0.001000s ]
INFO: [ app_end ] --END-- [ RunTime:0.001000s ]

[ 2017-09-09T00:59:37+08:00 ] ::1 /peihuo/index.php?c=category
INFO: [ app_init ] --START--
INFO: Run Behavior\BuildLiteBehavior [ RunTime:0.000000s ]
INFO: [ app_init ] --END-- [ RunTime:0.001000s ]
INFO: [ app_begin ] --START--
INFO: Run Behavior\ReadHtmlCacheBehavior [ RunTime:0.001000s ]
INFO: [ app_begin ] --END-- [ RunTime:0.001000s ]
NOTIC: [2048] Declaration of Common\Model\CategoryModel::find() should be compatible with Think\Model::find($options = Array) F:\phpStudy\WWW\peihuo\Application\Common\Model\CategoryModel.class.php 第 10 行.
SQL: SHOW COLUMNS FROM `ph_category` [ RunTime:0.0250s ]
SQL: SELECT * FROM `ph_category` WHERE `status` <> -1 ORDER BY category_id asc  [ RunTime:0.0000s ]
SQL: SELECT COUNT(*) AS tp_count FROM `ph_category` WHERE `status` <> -1 LIMIT 1   [ RunTime:0.0000s ]
INFO: [ view_parse ] --START--
INFO: [ template_filter ] --START--
INFO: Run Behavior\ContentReplaceBehavior [ RunTime:0.000000s ]
INFO: [ template_filter ] --END-- [ RunTime:0.000000s ]
INFO: Run Behavior\ParseTemplateBehavior [ RunTime:0.043003s ]
INFO: [ view_parse ] --END-- [ RunTime:0.044003s ]
INFO: [ view_filter ] --START--
INFO: Run Behavior\WriteHtmlCacheBehavior [ RunTime:0.001000s ]
INFO: [ view_filter ] --END-- [ RunTime:0.001000s ]
INFO: [ app_end ] --START--
INFO: Run Behavior\ShowPageTraceBehavior [ RunTime:0.001000s ]
INFO: [ app_end ] --END-- [ RunTime:0.001000s ]

[ 2017-09-09T00:59:41+08:00 ] ::1 /peihuo/index.php?c=hotel
INFO: [ app_init ] --START--
INFO: Run Behavior\BuildLiteBehavior [ RunTime:0.000000s ]
INFO: [ app_init ] --END-- [ RunTime:0.001000s ]
INFO: [ app_begin ] --START--
INFO: Run Behavior\ReadHtmlCacheBehavior [ RunTime:0.001000s ]
INFO: [ app_begin ] --END-- [ RunTime:0.001000s ]
NOTIC: [2048] Declaration of Common\Model\HotelModel::find() should be compatible with Think\Model::find($options = Array) F:\phpStudy\WWW\peihuo\Application\Common\Model\HotelModel.class.php 第 10 行.
SQL: SHOW COLUMNS FROM `ph_hotel` [ RunTime:0.0200s ]
SQL: SELECT * FROM `ph_hotel` WHERE `status` <> -1 ORDER BY hotel_id desc  [ RunTime:0.0000s ]
SQL: SELECT COUNT(*) AS tp_count FROM `ph_hotel` WHERE `status` <> -1 LIMIT 1   [ RunTime:0.0000s ]
INFO: [ view_parse ] --START--
INFO: [ template_filter ] --START--
INFO: Run Behavior\ContentReplaceBehavior [ RunTime:0.000000s ]
INFO: [ template_filter ] --END-- [ RunTime:0.001000s ]
INFO: Run Behavior\ParseTemplateBehavior [ RunTime:0.065004s ]
INFO: [ view_parse ] --END-- [ RunTime:0.065004s ]
INFO: [ view_filter ] --START--
INFO: Run Behavior\WriteHtmlCacheBehavior [ RunTime:0.001000s ]
INFO: [ view_filter ] --END-- [ RunTime:0.001000s ]
INFO: [ app_end ] --START--
INFO: Run Behavior\ShowPageTraceBehavior [ RunTime:0.002000s ]
INFO: [ app_end ] --END-- [ RunTime:0.002000s ]

[ 2017-09-09T00:59:59+08:00 ] ::1 /peihuo/index.php?c=order
INFO: [ app_init ] --START--
INFO: Run Behavior\BuildLiteBehavior [ RunTime:0.000000s ]
INFO: [ app_init ] --END-- [ RunTime:0.001000s ]
INFO: [ app_begin ] --START--
INFO: Run Behavior\ReadHtmlCacheBehavior [ RunTime:0.001000s ]
INFO: [ app_begin ] --END-- [ RunTime:0.001000s ]
NOTIC: [2048] Declaration of Common\Model\OrderModel::find() should be compatible with Think\Model::find($options = Array) F:\phpStudy\WWW\peihuo\Application\Common\Model\OrderModel.class.php 第 10 行.
SQL: SHOW COLUMNS FROM `ph_order` [ RunTime:0.0130s ]
SQL: SELECT * FROM `ph_order` WHERE `status` <> -1 ORDER BY order_id desc  [ RunTime:0.0000s ]
SQL: SELECT COUNT(*) AS tp_count FROM `ph_order` WHERE `status` <> -1 LIMIT 1   [ RunTime:0.0010s ]
NOTIC: [2048] Declaration of Common\Model\CategoryModel::find() should be compatible with Think\Model::find($options = Array) F:\phpStudy\WWW\peihuo\Application\Common\Model\CategoryModel.class.php 第 102 行.
SQL: SHOW COLUMNS FROM `ph_category` [ RunTime:0.0140s ]
SQL: SELECT * FROM `ph_category` WHERE `status` <> -1 ORDER BY category_id asc  [ RunTime:0.0000s ]
INFO: [ view_parse ] --START--
INFO: [ template_filter ] --START--
INFO: Run Behavior\ContentReplaceBehavior [ RunTime:0.001000s ]
INFO: [ template_filter ] --END-- [ RunTime:0.001000s ]
INFO: Run Behavior\ParseTemplateBehavior [ RunTime:0.013001s ]
INFO: [ view_parse ] --END-- [ RunTime:0.013001s ]
INFO: [ view_filter ] --START--
INFO: Run Behavior\WriteHtmlCacheBehavior [ RunTime:0.001000s ]
INFO: [ view_filter ] --END-- [ RunTime:0.001000s ]
INFO: [ app_end ] --START--
INFO: Run Behavior\ShowPageTraceBehavior [ RunTime:0.001000s ]
INFO: [ app_end ] --END-- [ RunTime:0.001000s ]

[ 2017-09-09T01:00:13+08:00 ] ::1 /peihuo/index.php?c=order
INFO: [ app_init ] --START--
INFO: Run Behavior\BuildLiteBehavior [ RunTime:0.000000s ]
INFO: [ app_init ] --END-- [ RunTime:0.001000s ]
INFO: [ app_begin ] --START--
INFO: Run Behavior\ReadHtmlCacheBehavior [ RunTime:0.002000s ]
INFO: [ app_begin ] --END-- [ RunTime:0.002000s ]
NOTIC: [2048] Declaration of Common\Model\OrderModel::find() should be compatible with Think\Model::find($options = Array) F:\phpStudy\WWW\peihuo\Application\Common\Model\OrderModel.class.php 第 10 行.
SQL: SHOW COLUMNS FROM `ph_order` [ RunTime:0.0120s ]
SQL: SELECT * FROM `ph_order` WHERE `status` <> -1 ORDER BY order_id desc  [ RunTime:0.0000s ]
SQL: SELECT COUNT(*) AS tp_count FROM `ph_order` WHERE `status` <> -1 LIMIT 1   [ RunTime:0.0000s ]
NOTIC: [2048] Declaration of Common\Model\CategoryModel::find() should be compatible with Think\Model::find($options = Array) F:\phpStudy\WWW\peihuo\Application\Common\Model\CategoryModel.class.php 第 102 行.
SQL: SHOW COLUMNS FROM `ph_category` [ RunTime:0.0120s ]
SQL: SELECT * FROM `ph_category` WHERE `status` <> -1 ORDER BY category_id asc  [ RunTime:0.0000s ]
INFO: [ view_parse ] --START--
INFO: [ template_filter ] --START--
INFO: Run Behavior\ContentReplaceBehavior [ RunTime:0.000000s ]
INFO: [ template_filter ] --END-- [ RunTime:0.000000s ]
INFO: Run Behavior\ParseTemplateBehavior [ RunTime:0.013001s ]
INFO: [ view_parse ] --END-- [ RunTime:0.013001s ]
INFO: [ view_filter ] --START--
INFO: Run Behavior\WriteHtmlCacheBehavior [ RunTime:0.001000s ]
INFO: [ view_filter ] --END-- [ RunTime:0.001000s ]
INFO: [ app_end ] --START--
INFO: Run Behavior\ShowPageTraceBehavior [ RunTime:0.001000s ]
INFO: [ app_end ] --END-- [ RunTime:0.001000s ]

[ 2017-09-09T01:00:16+08:00 ] ::1 /peihuo/index.php?c=food&a=add
INFO: [ app_init ] --START--
INFO: Run Behavior\BuildLiteBehavior [ RunTime:0.000000s ]
INFO: [ app_init ] --END-- [ RunTime:0.001000s ]
INFO: [ app_begin ] --START--
INFO: Run Behavior\ReadHtmlCacheBehavior [ RunTime:0.001000s ]
INFO: [ app_begin ] --END-- [ RunTime:0.001000s ]
NOTIC: [2048] Declaration of Common\Model\CategoryModel::find() should be compatible with Think\Model::find($options = Array) F:\phpStudy\WWW\peihuo\Application\Common\Model\CategoryModel.class.php 第 10 行.
SQL: SHOW COLUMNS FROM `ph_category` [ RunTime:0.0130s ]
SQL: SELECT * FROM `ph_category` WHERE `status` <> -1 ORDER BY category_id asc  [ RunTime:0.0000s ]
INFO: [ view_parse ] --START--
INFO: [ template_filter ] --START--
INFO: Run Behavior\ContentReplaceBehavior [ RunTime:0.000000s ]
INFO: [ template_filter ] --END-- [ RunTime:0.000000s ]
NOTIC: [8] Undefined variable: food F:\phpStudy\WWW\peihuo\Application\Runtime\Cache\Home\f32f7efa1e2a64ec27ee4e408cd4e59e.php 第 32 行.
NOTIC: [8] Undefined variable: food F:\phpStudy\WWW\peihuo\Application\Runtime\Cache\Home\f32f7efa1e2a64ec27ee4e408cd4e59e.php 第 36 行.
NOTIC: [8] Undefined variable: food F:\phpStudy\WWW\peihuo\Application\Runtime\Cache\Home\f32f7efa1e2a64ec27ee4e408cd4e59e.php 第 47 行.
NOTIC: [8] Undefined variable: food F:\phpStudy\WWW\peihuo\Application\Runtime\Cache\Home\f32f7efa1e2a64ec27ee4e408cd4e59e.php 第 47 行.
NOTIC: [8] Undefined variable: food F:\phpStudy\WWW\peihuo\Application\Runtime\Cache\Home\f32f7efa1e2a64ec27ee4e408cd4e59e.php 第 47 行.
NOTIC: [8] Undefined variable: food F:\phpStudy\WWW\peihuo\Application\Runtime\Cache\Home\f32f7efa1e2a64ec27ee4e408cd4e59e.php 第 47 行.
NOTIC: [8] Undefined variable: food F:\phpStudy\WWW\peihuo\Application\Runtime\Cache\Home\f32f7efa1e2a64ec27ee4e408cd4e59e.php 第 47 行.
NOTIC: [8] Undefined variable: food F:\phpStudy\WWW\peihuo\Application\Runtime\Cache\Home\f32f7efa1e2a64ec27ee4e408cd4e59e.php 第 47 行.
NOTIC: [8] Undefined variable: food F:\phpStudy\WWW\peihuo\Application\Runtime\Cache\Home\f32f7efa1e2a64ec27ee4e408cd4e59e.php 第 47 行.
NOTIC: [8] Undefined variable: food F:\phpStudy\WWW\peihuo\Application\Runtime\Cache\Home\f32f7efa1e2a64ec27ee4e408cd4e59e.php 第 47 行.
NOTIC: [8] Undefined variable: food F:\phpStudy\WWW\peihuo\Application\Runtime\Cache\Home\f32f7efa1e2a64ec27ee4e408cd4e59e.php 第 57 行.
NOTIC: [8] Undefined variable: food F:\phpStudy\WWW\peihuo\Application\Runtime\Cache\Home\f32f7efa1e2a64ec27ee4e408cd4e59e.php 第 63 行.
INFO: Run Behavior\ParseTemplateBehavior [ RunTime:0.017001s ]
INFO: [ view_parse ] --END-- [ RunTime:0.017001s ]
INFO: [ view_filter ] --START--
INFO: Run Behavior\WriteHtmlCacheBehavior [ RunTime:0.001000s ]
INFO: [ view_filter ] --END-- [ RunTime:0.001000s ]
INFO: [ app_end ] --START--
INFO: Run Behavior\ShowPageTraceBehavior [ RunTime:0.001000s ]
INFO: [ app_end ] --END-- [ RunTime:0.001000s ]

[ 2017-09-09T01:04:14+08:00 ] ::1 /peihuo/index.php?c=food&a=add
INFO: [ app_init ] --START--
INFO: Run Behavior\BuildLiteBehavior [ RunTime:0.000000s ]
INFO: [ app_init ] --END-- [ RunTime:0.000000s ]
INFO: [ app_begin ] --START--
INFO: Run Behavior\ReadHtmlCacheBehavior [ RunTime:0.001000s ]
INFO: [ app_begin ] --END-- [ RunTime:0.001000s ]
NOTIC: [2048] Declaration of Common\Model\CategoryModel::find() should be compatible with Think\Model::find($options = Array) F:\phpStudy\WWW\peihuo\Application\Common\Model\CategoryModel.class.php 第 10 行.
SQL: SHOW COLUMNS FROM `ph_category` [ RunTime:0.0230s ]
SQL: SELECT * FROM `ph_category` WHERE `status` <> -1 ORDER BY category_id asc  [ RunTime:0.0000s ]
INFO: [ view_parse ] --START--
INFO: [ template_filter ] --START--
INFO: Run Behavior\ContentReplaceBehavior [ RunTime:0.000000s ]
INFO: [ template_filter ] --END-- [ RunTime:0.000000s ]
NOTIC: [8] Undefined variable: food F:\phpStudy\WWW\peihuo\Application\Runtime\Cache\Home\f32f7efa1e2a64ec27ee4e408cd4e59e.php 第 32 行.
NOTIC: [8] Undefined variable: food F:\phpStudy\WWW\peihuo\Application\Runtime\Cache\Home\f32f7efa1e2a64ec27ee4e408cd4e59e.php 第 36 行.
NOTIC: [8] Undefined variable: food F:\phpStudy\WWW\peihuo\Application\Runtime\Cache\Home\f32f7efa1e2a64ec27ee4e408cd4e59e.php 第 47 行.
NOTIC: [8] Undefined variable: food F:\phpStudy\WWW\peihuo\Application\Runtime\Cache\Home\f32f7efa1e2a64ec27ee4e408cd4e59e.php 第 47 行.
NOTIC: [8] Undefined variable: food F:\phpStudy\WWW\peihuo\Application\Runtime\Cache\Home\f32f7efa1e2a64ec27ee4e408cd4e59e.php 第 47 行.
NOTIC: [8] Undefined variable: food F:\phpStudy\WWW\peihuo\Application\Runtime\Cache\Home\f32f7efa1e2a64ec27ee4e408cd4e59e.php 第 47 行.
NOTIC: [8] Undefined variable: food F:\phpStudy\WWW\peihuo\Application\Runtime\Cache\Home\f32f7efa1e2a64ec27ee4e408cd4e59e.php 第 47 行.
NOTIC: [8] Undefined variable: food F:\phpStudy\WWW\peihuo\Application\Runtime\Cache\Home\f32f7efa1e2a64ec27ee4e408cd4e59e.php 第 47 行.
NOTIC: [8] Undefined variable: food F:\phpStudy\WWW\peihuo\Application\Runtime\Cache\Home\f32f7efa1e2a64ec27ee4e408cd4e59e.php 第 47 行.
NOTIC: [8] Undefined variable: food F:\phpStudy\WWW\peihuo\Application\Runtime\Cache\Home\f32f7efa1e2a64ec27ee4e408cd4e59e.php 第 47 行.
NOTIC: [8] Undefined variable: food F:\phpStudy\WWW\peihuo\Application\Runtime\Cache\Home\f32f7efa1e2a64ec27ee4e408cd4e59e.php 第 57 行.
NOTIC: [8] Undefined variable: food F:\phpStudy\WWW\peihuo\Application\Runtime\Cache\Home\f32f7efa1e2a64ec27ee4e408cd4e59e.php 第 63 行.
INFO: Run Behavior\ParseTemplateBehavior [ RunTime:0.021001s ]
INFO: [ view_parse ] --END-- [ RunTime:0.021001s ]
INFO: [ view_filter ] --START--
INFO: Run Behavior\WriteHtmlCacheBehavior [ RunTime:0.001000s ]
INFO: [ view_filter ] --END-- [ RunTime:0.001000s ]
INFO: [ app_end ] --START--
INFO: Run Behavior\ShowPageTraceBehavior [ RunTime:0.001000s ]
INFO: [ app_end ] --END-- [ RunTime:0.001000s ]

[ 2017-09-09T01:04:34+08:00 ] ::1 /peihuo/index.php?c=order
INFO: [ app_init ] --START--
INFO: Run Behavior\BuildLiteBehavior [ RunTime:0.000000s ]
INFO: [ app_init ] --END-- [ RunTime:0.001000s ]
INFO: [ app_begin ] --START--
INFO: Run Behavior\ReadHtmlCacheBehavior [ RunTime:0.002000s ]
INFO: [ app_begin ] --END-- [ RunTime:0.002000s ]
NOTIC: [2048] Declaration of Common\Model\OrderModel::find() should be compatible with Think\Model::find($options = Array) F:\phpStudy\WWW\peihuo\Application\Common\Model\OrderModel.class.php 第 10 行.
SQL: SHOW COLUMNS FROM `ph_order` [ RunTime:0.0350s ]
SQL: SELECT * FROM `ph_order` WHERE `status` <> -1 ORDER BY order_id desc  [ RunTime:0.0000s ]
SQL: SELECT COUNT(*) AS tp_count FROM `ph_order` WHERE `status` <> -1 LIMIT 1   [ RunTime:0.0000s ]
NOTIC: [2048] Declaration of Common\Model\CategoryModel::find() should be compatible with Think\Model::find($options = Array) F:\phpStudy\WWW\peihuo\Application\Common\Model\CategoryModel.class.php 第 102 行.
SQL: SHOW COLUMNS FROM `ph_category` [ RunTime:0.0200s ]
SQL: SELECT * FROM `ph_category` WHERE `status` <> -1 ORDER BY category_id asc  [ RunTime:0.0010s ]
INFO: [ view_parse ] --START--
INFO: [ template_filter ] --START--
INFO: Run Behavior\ContentReplaceBehavior [ RunTime:0.000000s ]
INFO: [ template_filter ] --END-- [ RunTime:0.000000s ]
INFO: Run Behavior\ParseTemplateBehavior [ RunTime:0.010000s ]
INFO: [ view_parse ] --END-- [ RunTime:0.010000s ]
INFO: [ view_filter ] --START--
INFO: Run Behavior\WriteHtmlCacheBehavior [ RunTime:0.000000s ]
INFO: [ view_filter ] --END-- [ RunTime:0.001000s ]
INFO: [ app_end ] --START--
INFO: Run Behavior\ShowPageTraceBehavior [ RunTime:0.000000s ]
INFO: [ app_end ] --END-- [ RunTime:0.000000s ]

[ 2017-09-09T01:04:36+08:00 ] ::1 /peihuo/index.php?c=order&a=add
INFO: [ app_init ] --START--
INFO: Run Behavior\BuildLiteBehavior [ RunTime:0.000000s ]
INFO: [ app_init ] --END-- [ RunTime:0.001000s ]
INFO: [ app_begin ] --START--
INFO: Run Behavior\ReadHtmlCacheBehavior [ RunTime:0.001000s ]
INFO: [ app_begin ] --END-- [ RunTime:0.001000s ]
NOTIC: [2048] Declaration of Common\Model\CategoryModel::find() should be compatible with Think\Model::find($options = Array) F:\phpStudy\WWW\peihuo\Application\Common\Model\CategoryModel.class.php 第 10 行.
SQL: SHOW COLUMNS FROM `ph_category` [ RunTime:0.0110s ]
SQL: SELECT * FROM `ph_category` WHERE `status` <> -1 ORDER BY category_id asc  [ RunTime:0.0010s ]
INFO: [ view_parse ] --START--
INFO: [ template_filter ] --START--
INFO: Run Behavior\ContentReplaceBehavior [ RunTime:0.000000s ]
INFO: [ template_filter ] --END-- [ RunTime:0.000000s ]

[ 2017-09-09T01:06:23+08:00 ] ::1 /peihuo/index.php?c=order&a=add
INFO: [ app_init ] --START--
INFO: Run Behavior\BuildLiteBehavior [ RunTime:0.000000s ]
INFO: [ app_init ] --END-- [ RunTime:0.001000s ]
INFO: [ app_begin ] --START--
INFO: Run Behavior\ReadHtmlCacheBehavior [ RunTime:0.001000s ]
INFO: [ app_begin ] --END-- [ RunTime:0.001000s ]
NOTIC: [2048] Declaration of Common\Model\CategoryModel::find() should be compatible with Think\Model::find($options = Array) F:\phpStudy\WWW\peihuo\Application\Common\Model\CategoryModel.class.php 第 10 行.
SQL: SHOW COLUMNS FROM `ph_category` [ RunTime:0.0110s ]
SQL: SELECT * FROM `ph_category` WHERE `status` <> -1 ORDER BY category_id asc  [ RunTime:0.0000s ]
INFO: [ view_parse ] --START--
INFO: [ template_filter ] --START--
INFO: Run Behavior\ContentReplaceBehavior [ RunTime:0.000000s ]
INFO: [ template_filter ] --END-- [ RunTime:0.000000s ]

[ 2017-09-09T01:06:29+08:00 ] ::1 /peihuo/index.php?c=order
INFO: [ app_init ] --START--
INFO: Run Behavior\BuildLiteBehavior [ RunTime:0.000000s ]
INFO: [ app_init ] --END-- [ RunTime:0.001000s ]
INFO: [ app_begin ] --START--
INFO: Run Behavior\ReadHtmlCacheBehavior [ RunTime:0.002000s ]
INFO: [ app_begin ] --END-- [ RunTime:0.002000s ]
NOTIC: [2048] Declaration of Common\Model\OrderModel::find() should be compatible with Think\Model::find($options = Array) F:\phpStudy\WWW\peihuo\Application\Common\Model\OrderModel.class.php 第 10 行.
SQL: SHOW COLUMNS FROM `ph_order` [ RunTime:0.0410s ]
SQL: SELECT * FROM `ph_order` WHERE `status` <> -1 ORDER BY order_id desc  [ RunTime:0.0000s ]
SQL: SELECT COUNT(*) AS tp_count FROM `ph_order` WHERE `status` <> -1 LIMIT 1   [ RunTime:0.0010s ]
NOTIC: [2048] Declaration of Common\Model\CategoryModel::find() should be compatible with Think\Model::find($options = Array) F:\phpStudy\WWW\peihuo\Application\Common\Model\CategoryModel.class.php 第 102 行.
SQL: SHOW COLUMNS FROM `ph_category` [ RunTime:0.0220s ]
SQL: SELECT * FROM `ph_category` WHERE `status` <> -1 ORDER BY category_id asc  [ RunTime:0.0010s ]
INFO: [ view_parse ] --START--
INFO: [ template_filter ] --START--
INFO: Run Behavior\ContentReplaceBehavior [ RunTime:0.000000s ]
INFO: [ template_filter ] --END-- [ RunTime:0.000000s ]
INFO: Run Behavior\ParseTemplateBehavior [ RunTime:0.019002s ]
INFO: [ view_parse ] --END-- [ RunTime:0.019002s ]
INFO: [ view_filter ] --START--
INFO: Run Behavior\WriteHtmlCacheBehavior [ RunTime:0.002000s ]
INFO: [ view_filter ] --END-- [ RunTime:0.002000s ]
INFO: [ app_end ] --START--
INFO: Run Behavior\ShowPageTraceBehavior [ RunTime:0.001000s ]
INFO: [ app_end ] --END-- [ RunTime:0.001000s ]

[ 2017-09-09T01:06:31+08:00 ] ::1 /peihuo/index.php?c=order&a=add
INFO: [ app_init ] --START--
INFO: Run Behavior\BuildLiteBehavior [ RunTime:0.000000s ]
INFO: [ app_init ] --END-- [ RunTime:0.001000s ]
INFO: [ app_begin ] --START--
INFO: Run Behavior\ReadHtmlCacheBehavior [ RunTime:0.001000s ]
INFO: [ app_begin ] --END-- [ RunTime:0.001000s ]
NOTIC: [2048] Declaration of Common\Model\CategoryModel::find() should be compatible with Think\Model::find($options = Array) F:\phpStudy\WWW\peihuo\Application\Common\Model\CategoryModel.class.php 第 10 行.
SQL: SHOW COLUMNS FROM `ph_category` [ RunTime:0.0160s ]
SQL: SELECT * FROM `ph_category` WHERE `status` <> -1 ORDER BY category_id asc  [ RunTime:0.0010s ]
INFO: [ view_parse ] --START--
INFO: [ template_filter ] --START--
INFO: Run Behavior\ContentReplaceBehavior [ RunTime:0.000000s ]
INFO: [ template_filter ] --END-- [ RunTime:0.000000s ]

[ 2017-09-09T01:06:48+08:00 ] ::1 /peihuo/index.php?c=order&a=add
INFO: [ app_init ] --START--
INFO: Run Behavior\BuildLiteBehavior [ RunTime:0.000000s ]
INFO: [ app_init ] --END-- [ RunTime:0.000000s ]
INFO: [ app_begin ] --START--
INFO: Run Behavior\ReadHtmlCacheBehavior [ RunTime:0.001000s ]
INFO: [ app_begin ] --END-- [ RunTime:0.001000s ]
NOTIC: [2048] Declaration of Common\Model\CategoryModel::find() should be compatible with Think\Model::find($options = Array) F:\phpStudy\WWW\peihuo\Application\Common\Model\CategoryModel.class.php 第 10 行.
SQL: SHOW COLUMNS FROM `ph_category` [ RunTime:0.0170s ]
SQL: SELECT * FROM `ph_category` WHERE `status` <> -1 ORDER BY category_id asc  [ RunTime:0.0010s ]
INFO: [ view_parse ] --START--
INFO: [ template_filter ] --START--
INFO: Run Behavior\ContentReplaceBehavior [ RunTime:0.000000s ]
INFO: [ template_filter ] --END-- [ RunTime:0.000000s ]
INFO: Run Behavior\ParseTemplateBehavior [ RunTime:0.012001s ]
INFO: [ view_parse ] --END-- [ RunTime:0.012001s ]
INFO: [ view_filter ] --START--
INFO: Run Behavior\WriteHtmlCacheBehavior [ RunTime:0.001000s ]
INFO: [ view_filter ] --END-- [ RunTime:0.001000s ]
INFO: [ app_end ] --START--
INFO: Run Behavior\ShowPageTraceBehavior [ RunTime:0.001000s ]
INFO: [ app_end ] --END-- [ RunTime:0.001000s ]

[ 2017-09-09T01:18:58+08:00 ] ::1 /peihuo/index.php?c=order
INFO: [ app_init ] --START--
INFO: Run Behavior\BuildLiteBehavior [ RunTime:0.000000s ]
INFO: [ app_init ] --END-- [ RunTime:0.001000s ]
INFO: [ app_begin ] --START--
INFO: Run Behavior\ReadHtmlCacheBehavior [ RunTime:0.002000s ]
INFO: [ app_begin ] --END-- [ RunTime:0.002000s ]
NOTIC: [2048] Declaration of Common\Model\OrderModel::find() should be compatible with Think\Model::find($options = Array) F:\phpStudy\WWW\peihuo\Application\Common\Model\OrderModel.class.php 第 10 行.
SQL: SHOW COLUMNS FROM `ph_order` [ RunTime:0.0470s ]
SQL: SELECT * FROM `ph_order` WHERE `status` <> -1 ORDER BY order_id desc  [ RunTime:0.0010s ]
SQL: SELECT COUNT(*) AS tp_count FROM `ph_order` WHERE `status` <> -1 LIMIT 1   [ RunTime:0.0000s ]
NOTIC: [2048] Declaration of Common\Model\HotelModel::find() should be compatible with Think\Model::find($options = Array) F:\phpStudy\WWW\peihuo\Application\Common\Model\HotelModel.class.php 第 123 行.
SQL: SHOW COLUMNS FROM `ph_hotel` [ RunTime:0.0150s ]
SQL: SELECT * FROM `ph_hotel` WHERE `status` <> -1 ORDER BY hotel_id desc  [ RunTime:0.0000s ]
INFO: [ view_parse ] --START--
INFO: [ template_filter ] --START--
INFO: Run Behavior\ContentReplaceBehavior [ RunTime:0.000000s ]
INFO: [ template_filter ] --END-- [ RunTime:0.000000s ]
INFO: Run Behavior\ParseTemplateBehavior [ RunTime:0.019001s ]
INFO: [ view_parse ] --END-- [ RunTime:0.019001s ]
INFO: [ view_filter ] --START--
INFO: Run Behavior\WriteHtmlCacheBehavior [ RunTime:0.001000s ]
INFO: [ view_filter ] --END-- [ RunTime:0.001000s ]
INFO: [ app_end ] --START--
INFO: Run Behavior\ShowPageTraceBehavior [ RunTime:0.001000s ]
INFO: [ app_end ] --END-- [ RunTime:0.001000s ]

[ 2017-09-09T01:18:59+08:00 ] ::1 /peihuo/index.php?c=order&a=add
INFO: [ app_init ] --START--
INFO: Run Behavior\BuildLiteBehavior [ RunTime:0.000000s ]
INFO: [ app_init ] --END-- [ RunTime:0.001000s ]
INFO: [ app_begin ] --START--
INFO: Run Behavior\ReadHtmlCacheBehavior [ RunTime:0.002000s ]
INFO: [ app_begin ] --END-- [ RunTime:0.002000s ]
NOTIC: [2048] Declaration of Common\Model\CategoryModel::find() should be compatible with Think\Model::find($options = Array) F:\phpStudy\WWW\peihuo\Application\Common\Model\CategoryModel.class.php 第 10 行.
SQL: SHOW COLUMNS FROM `ph_category` [ RunTime:0.0210s ]
SQL: SELECT * FROM `ph_category` WHERE `status` <> -1 ORDER BY category_id asc  [ RunTime:0.0010s ]
INFO: [ view_parse ] --START--
INFO: [ template_filter ] --START--
INFO: Run Behavior\ContentReplaceBehavior [ RunTime:0.000000s ]
INFO: [ template_filter ] --END-- [ RunTime:0.000000s ]
NOTIC: [8] Undefined variable: hotel F:\phpStudy\WWW\peihuo\Application\Runtime\Cache\Home\585339be4d132c0afead7245d660e331.php 第 50 行.
INFO: Run Behavior\ParseTemplateBehavior [ RunTime:0.019001s ]
INFO: [ view_parse ] --END-- [ RunTime:0.019001s ]
INFO: [ view_filter ] --START--
INFO: Run Behavior\WriteHtmlCacheBehavior [ RunTime:0.001000s ]
INFO: [ view_filter ] --END-- [ RunTime:0.001000s ]
INFO: [ app_end ] --START--
INFO: Run Behavior\ShowPageTraceBehavior [ RunTime:0.002000s ]
INFO: [ app_end ] --END-- [ RunTime:0.002000s ]

[ 2017-09-09T01:19:00+08:00 ] ::1 /peihuo/index.php?c=order&a=add
INFO: [ app_init ] --START--
INFO: Run Behavior\BuildLiteBehavior [ RunTime:0.000000s ]
INFO: [ app_init ] --END-- [ RunTime:0.001000s ]
INFO: [ app_begin ] --START--
INFO: Run Behavior\ReadHtmlCacheBehavior [ RunTime:0.001000s ]
INFO: [ app_begin ] --END-- [ RunTime:0.001000s ]
NOTIC: [2048] Declaration of Common\Model\CategoryModel::find() should be compatible with Think\Model::find($options = Array) F:\phpStudy\WWW\peihuo\Application\Common\Model\CategoryModel.class.php 第 10 行.
SQL: SHOW COLUMNS FROM `ph_category` [ RunTime:0.0140s ]
SQL: SELECT * FROM `ph_category` WHERE `status` <> -1 ORDER BY category_id asc  [ RunTime:0.0010s ]
INFO: [ view_parse ] --START--
INFO: [ template_filter ] --START--
INFO: Run Behavior\ContentReplaceBehavior [ RunTime:0.000000s ]
INFO: [ template_filter ] --END-- [ RunTime:0.000000s ]
NOTIC: [8] Undefined variable: hotel F:\phpStudy\WWW\peihuo\Application\Runtime\Cache\Home\585339be4d132c0afead7245d660e331.php 第 50 行.
INFO: Run Behavior\ParseTemplateBehavior [ RunTime:0.014001s ]
INFO: [ view_parse ] --END-- [ RunTime:0.014001s ]
INFO: [ view_filter ] --START--
INFO: Run Behavior\WriteHtmlCacheBehavior [ RunTime:0.000000s ]
INFO: [ view_filter ] --END-- [ RunTime:0.000000s ]
INFO: [ app_end ] --START--
INFO: Run Behavior\ShowPageTraceBehavior [ RunTime:0.001000s ]
INFO: [ app_end ] --END-- [ RunTime:0.001000s ]

[ 2017-09-09T01:21:32+08:00 ] ::1 /peihuo/index.php?c=order&a=add
INFO: [ app_init ] --START--
INFO: Run Behavior\BuildLiteBehavior [ RunTime:0.000000s ]
INFO: [ app_init ] --END-- [ RunTime:0.001000s ]
INFO: [ app_begin ] --START--
INFO: Run Behavior\ReadHtmlCacheBehavior [ RunTime:0.001000s ]
INFO: [ app_begin ] --END-- [ RunTime:0.001000s ]
NOTIC: [2048] Declaration of Common\Model\CategoryModel::find() should be compatible with Think\Model::find($options = Array) F:\phpStudy\WWW\peihuo\Application\Common\Model\CategoryModel.class.php 第 10 行.
SQL: SHOW COLUMNS FROM `ph_category` [ RunTime:0.0340s ]
SQL: SELECT * FROM `ph_category` WHERE `status` <> -1 ORDER BY category_id asc  [ RunTime:0.0010s ]
INFO: [ view_parse ] --START--
INFO: [ template_filter ] --START--
INFO: Run Behavior\ContentReplaceBehavior [ RunTime:0.000000s ]
INFO: [ template_filter ] --END-- [ RunTime:0.000000s ]
NOTIC: [8] Undefined variable: hotel F:\phpStudy\WWW\peihuo\Application\Runtime\Cache\Home\585339be4d132c0afead7245d660e331.php 第 50 行.
INFO: Run Behavior\ParseTemplateBehavior [ RunTime:0.018001s ]
INFO: [ view_parse ] --END-- [ RunTime:0.018001s ]
INFO: [ view_filter ] --START--
INFO: Run Behavior\WriteHtmlCacheBehavior [ RunTime:0.001000s ]
INFO: [ view_filter ] --END-- [ RunTime:0.001000s ]
INFO: [ app_end ] --START--
INFO: Run Behavior\ShowPageTraceBehavior [ RunTime:0.002000s ]
INFO: [ app_end ] --END-- [ RunTime:0.002000s ]

[ 2017-09-09T01:23:32+08:00 ] ::1 /peihuo/index.php?c=order
INFO: [ app_init ] --START--
INFO: Run Behavior\BuildLiteBehavior [ RunTime:0.000000s ]
INFO: [ app_init ] --END-- [ RunTime:0.001001s ]
INFO: [ app_begin ] --START--
INFO: Run Behavior\ReadHtmlCacheBehavior [ RunTime:0.001000s ]
INFO: [ app_begin ] --END-- [ RunTime:0.001000s ]
NOTIC: [2048] Declaration of Common\Model\OrderModel::find() should be compatible with Think\Model::find($options = Array) F:\phpStudy\WWW\peihuo\Application\Common\Model\OrderModel.class.php 第 10 行.
SQL: SHOW COLUMNS FROM `ph_order` [ RunTime:0.0120s ]
SQL: SELECT * FROM `ph_order` WHERE `status` <> -1 ORDER BY order_id desc  [ RunTime:0.0000s ]
SQL: SELECT COUNT(*) AS tp_count FROM `ph_order` WHERE `status` <> -1 LIMIT 1   [ RunTime:0.0000s ]
INFO: [ view_parse ] --START--
INFO: [ template_filter ] --START--
INFO: Run Behavior\ContentReplaceBehavior [ RunTime:0.000000s ]
INFO: [ template_filter ] --END-- [ RunTime:0.000000s ]
INFO: Run Behavior\ParseTemplateBehavior [ RunTime:0.019001s ]
INFO: [ view_parse ] --END-- [ RunTime:0.019001s ]
INFO: [ view_filter ] --START--
INFO: Run Behavior\WriteHtmlCacheBehavior [ RunTime:0.001000s ]
INFO: [ view_filter ] --END-- [ RunTime:0.001000s ]
INFO: [ app_end ] --START--
INFO: Run Behavior\ShowPageTraceBehavior [ RunTime:0.001000s ]
INFO: [ app_end ] --END-- [ RunTime:0.001000s ]

[ 2017-09-09T01:23:34+08:00 ] ::1 /peihuo/index.php?c=order&a=add
INFO: [ app_init ] --START--
INFO: Run Behavior\BuildLiteBehavior [ RunTime:0.000000s ]
INFO: [ app_init ] --END-- [ RunTime:0.001001s ]
INFO: [ app_begin ] --START--
INFO: Run Behavior\ReadHtmlCacheBehavior [ RunTime:0.000000s ]
INFO: [ app_begin ] --END-- [ RunTime:0.000000s ]
NOTIC: [2048] Declaration of Common\Model\HotelModel::find() should be compatible with Think\Model::find($options = Array) F:\phpStudy\WWW\peihuo\Application\Common\Model\HotelModel.class.php 第 10 行.
SQL: SHOW COLUMNS FROM `ph_hotel` [ RunTime:0.0130s ]
SQL: SELECT * FROM `ph_hotel` WHERE `status` <> -1 ORDER BY hotel_id desc  [ RunTime:0.0000s ]
INFO: [ view_parse ] --START--
INFO: [ template_filter ] --START--
INFO: Run Behavior\ContentReplaceBehavior [ RunTime:0.000000s ]
INFO: [ template_filter ] --END-- [ RunTime:0.000000s ]
INFO: Run Behavior\ParseTemplateBehavior [ RunTime:0.013000s ]
INFO: [ view_parse ] --END-- [ RunTime:0.013000s ]
INFO: [ view_filter ] --START--
INFO: Run Behavior\WriteHtmlCacheBehavior [ RunTime:0.001000s ]
INFO: [ view_filter ] --END-- [ RunTime:0.001000s ]
INFO: [ app_end ] --START--
INFO: Run Behavior\ShowPageTraceBehavior [ RunTime:0.001000s ]
INFO: [ app_end ] --END-- [ RunTime:0.001000s ]

