[ 2017-09-14T00:01:47+08:00 ] ::1 /peihuo/index.php?c=order&a=edit&id=35
INFO: [ app_init ] --START--
INFO: Run Behavior\BuildLiteBehavior [ RunTime:0.000000s ]
INFO: [ app_init ] --END-- [ RunTime:0.001001s ]
INFO: [ app_begin ] --START--
INFO: Run Behavior\ReadHtmlCacheBehavior [ RunTime:0.000000s ]
INFO: [ app_begin ] --END-- [ RunTime:0.001000s ]
NOTIC: [2048] Declaration of Common\Model\OrderModel::find() should be compatible with Think\Model::find($options = Array) H:\phpStudy\WWW\peihuo\Application\Common\Model\OrderModel.class.php 第 10 行.
SQL: SHOW COLUMNS FROM `ph_order` [ RunTime:0.0220s ]
SQL: SELECT * FROM `ph_order` WHERE ( order_id=35 ) LIMIT 1   [ RunTime:0.0010s ]
NOTIC: [2048] Declaration of Common\Model\HotelModel::find() should be compatible with Think\Model::find($options = Array) H:\phpStudy\WWW\peihuo\Application\Common\Model\HotelModel.class.php 第 129 行.
SQL: SHOW COLUMNS FROM `ph_hotel` [ RunTime:0.0230s ]
SQL: SELECT * FROM `ph_hotel` WHERE `status` <> -1 ORDER BY hotel_id asc  [ RunTime:0.0000s ]
NOTIC: [2048] Declaration of Common\Model\DetailModel::find() should be compatible with Think\Model::find($options = Array) H:\phpStudy\WWW\peihuo\Application\Common\Model\DetailModel.class.php 第 144 行.
SQL: SHOW COLUMNS FROM `ph_detail` [ RunTime:0.0150s ]
SQL: SELECT * FROM `ph_detail` WHERE `depart_id` = 1 AND `order_id` = 35 AND `status` <> -1  [ RunTime:0.0000s ]
INFO: [ view_parse ] --START--
INFO: [ template_filter ] --START--
INFO: Run Behavior\ContentReplaceBehavior [ RunTime:0.001000s ]
INFO: [ template_filter ] --END-- [ RunTime:0.001000s ]
NOTIC: [8] Undefined variable: today H:\phpStudy\WWW\peihuo\Application\Runtime\Cache\Home\f773b9f65af8d1264ea6cb518a921941.php 第 50 行.
NOTIC: [8] Undefined variable: list_1 H:\phpStudy\WWW\peihuo\Application\Runtime\Cache\Home\f773b9f65af8d1264ea6cb518a921941.php 第 84 行.
NOTIC: [8] Undefined variable: categoryList H:\phpStudy\WWW\peihuo\Application\Runtime\Cache\Home\f773b9f65af8d1264ea6cb518a921941.php 第 131 行.
NOTIC: [8] Undefined variable: categoryList H:\phpStudy\WWW\peihuo\Application\Runtime\Cache\Home\f773b9f65af8d1264ea6cb518a921941.php 第 168 行.
NOTIC: [8] Undefined variable: categoryList H:\phpStudy\WWW\peihuo\Application\Runtime\Cache\Home\f773b9f65af8d1264ea6cb518a921941.php 第 205 行.
NOTIC: [8] Undefined variable: categoryList H:\phpStudy\WWW\peihuo\Application\Runtime\Cache\Home\f773b9f65af8d1264ea6cb518a921941.php 第 242 行.
INFO: Run Behavior\ParseTemplateBehavior [ RunTime:0.017001s ]
INFO: [ view_parse ] --END-- [ RunTime:0.017001s ]
INFO: [ view_filter ] --START--
INFO: Run Behavior\WriteHtmlCacheBehavior [ RunTime:0.001000s ]
INFO: [ view_filter ] --END-- [ RunTime:0.001000s ]
INFO: [ app_end ] --START--
INFO: Run Behavior\ShowPageTraceBehavior [ RunTime:0.000000s ]
INFO: [ app_end ] --END-- [ RunTime:0.000000s ]

[ 2017-09-14T00:02:02+08:00 ] ::1 /peihuo/index.php?c=order&a=edit&id=35
INFO: [ app_init ] --START--
INFO: Run Behavior\BuildLiteBehavior [ RunTime:0.000000s ]
INFO: [ app_init ] --END-- [ RunTime:0.000000s ]
INFO: [ app_begin ] --START--
INFO: Run Behavior\ReadHtmlCacheBehavior [ RunTime:0.001000s ]
INFO: [ app_begin ] --END-- [ RunTime:0.001000s ]
NOTIC: [2048] Declaration of Common\Model\OrderModel::find() should be compatible with Think\Model::find($options = Array) H:\phpStudy\WWW\peihuo\Application\Common\Model\OrderModel.class.php 第 10 行.
SQL: SHOW COLUMNS FROM `ph_order` [ RunTime:0.0170s ]
SQL: SELECT * FROM `ph_order` WHERE ( order_id=35 ) LIMIT 1   [ RunTime:0.0000s ]
NOTIC: [2048] Declaration of Common\Model\HotelModel::find() should be compatible with Think\Model::find($options = Array) H:\phpStudy\WWW\peihuo\Application\Common\Model\HotelModel.class.php 第 129 行.
SQL: SHOW COLUMNS FROM `ph_hotel` [ RunTime:0.0120s ]
SQL: SELECT * FROM `ph_hotel` WHERE `status` <> -1 ORDER BY hotel_id asc  [ RunTime:0.0010s ]
NOTIC: [2048] Declaration of Common\Model\DetailModel::find() should be compatible with Think\Model::find($options = Array) H:\phpStudy\WWW\peihuo\Application\Common\Model\DetailModel.class.php 第 144 行.
SQL: SHOW COLUMNS FROM `ph_detail` [ RunTime:0.0110s ]
SQL: SELECT * FROM `ph_detail` WHERE `depart_id` = 1 AND `order_id` = 35 AND `status` <> -1  [ RunTime:0.0000s ]
INFO: [ view_parse ] --START--
NOTIC: [2] simplexml_load_string(): Entity: line 1: parser error : Unescaped '&lt;' not allowed in attributes values H:\phpStudy\WWW\peihuo\ThinkPHP\Library\Think\Template\TagLib.class.php 第 80 行.
NOTIC: [2] simplexml_load_string(): &lt;tpl&gt;&lt;tag name=&quot;&lt;?php echo ($zc[&quot;detail_id&quot;]); ? /&gt;&lt;/tpl&gt; H:\phpStudy\WWW\peihuo\ThinkPHP\Library\Think\Template\TagLib.class.php 第 80 行.
NOTIC: [2] simplexml_load_string():                 ^ H:\phpStudy\WWW\peihuo\ThinkPHP\Library\Think\Template\TagLib.class.php 第 80 行.
NOTIC: [2] simplexml_load_string(): Entity: line 1: parser error : attributes construct error H:\phpStudy\WWW\peihuo\ThinkPHP\Library\Think\Template\TagLib.class.php 第 80 行.
NOTIC: [2] simplexml_load_string(): &lt;tpl&gt;&lt;tag name=&quot;&lt;?php echo ($zc[&quot;detail_id&quot;]); ? /&gt;&lt;/tpl&gt; H:\phpStudy\WWW\peihuo\ThinkPHP\Library\Think\Template\TagLib.class.php 第 80 行.
NOTIC: [2] simplexml_load_string():                 ^ H:\phpStudy\WWW\peihuo\ThinkPHP\Library\Think\Template\TagLib.class.php 第 80 行.
NOTIC: [2] simplexml_load_string(): Entity: line 1: parser error : Couldn't find end of Start Tag tag line 1 H:\phpStudy\WWW\peihuo\ThinkPHP\Library\Think\Template\TagLib.class.php 第 80 行.
NOTIC: [2] simplexml_load_string(): &lt;tpl&gt;&lt;tag name=&quot;&lt;?php echo ($zc[&quot;detail_id&quot;]); ? /&gt;&lt;/tpl&gt; H:\phpStudy\WWW\peihuo\ThinkPHP\Library\Think\Template\TagLib.class.php 第 80 行.
NOTIC: [2] simplexml_load_string():                 ^ H:\phpStudy\WWW\peihuo\ThinkPHP\Library\Think\Template\TagLib.class.php 第 80 行.
NOTIC: [2] simplexml_load_string(): Entity: line 1: parser error : ParsePI: PI php never end ... H:\phpStudy\WWW\peihuo\ThinkPHP\Library\Think\Template\TagLib.class.php 第 80 行.
NOTIC: [2] simplexml_load_string(): &lt;tpl&gt;&lt;tag name=&quot;&lt;?php echo ($zc[&quot;detail_id&quot;]); ? /&gt;&lt;/tpl&gt; H:\phpStudy\WWW\peihuo\ThinkPHP\Library\Think\Template\TagLib.class.php 第 80 行.
NOTIC: [2] simplexml_load_string():                                                          ^ H:\phpStudy\WWW\peihuo\ThinkPHP\Library\Think\Template\TagLib.class.php 第 80 行.
NOTIC: [2] simplexml_load_string(): Entity: line 1: parser error : Premature end of data in tag tpl line 1 H:\phpStudy\WWW\peihuo\ThinkPHP\Library\Think\Template\TagLib.class.php 第 80 行.
NOTIC: [2] simplexml_load_string(): &lt;tpl&gt;&lt;tag name=&quot;&lt;?php echo ($zc[&quot;detail_id&quot;]); ? /&gt;&lt;/tpl&gt; H:\phpStudy\WWW\peihuo\ThinkPHP\Library\Think\Template\TagLib.class.php 第 80 行.
NOTIC: [2] simplexml_load_string():                                                          ^ H:\phpStudy\WWW\peihuo\ThinkPHP\Library\Think\Template\TagLib.class.php 第 80 行.
ERR: XML标签语法错误 : name="<?php echo ($zc["detail_id"]); ?

[ 2017-09-14T00:02:09+08:00 ] ::1 /peihuo/index.php?c=order&a=edit&id=35
INFO: [ app_init ] --START--
INFO: Run Behavior\BuildLiteBehavior [ RunTime:0.000000s ]
INFO: [ app_init ] --END-- [ RunTime:0.000000s ]
INFO: [ app_begin ] --START--
INFO: Run Behavior\ReadHtmlCacheBehavior [ RunTime:0.000000s ]
INFO: [ app_begin ] --END-- [ RunTime:0.000000s ]
NOTIC: [2048] Declaration of Common\Model\OrderModel::find() should be compatible with Think\Model::find($options = Array) H:\phpStudy\WWW\peihuo\Application\Common\Model\OrderModel.class.php 第 10 行.
SQL: SHOW COLUMNS FROM `ph_order` [ RunTime:0.0230s ]
SQL: SELECT * FROM `ph_order` WHERE ( order_id=35 ) LIMIT 1   [ RunTime:0.0010s ]
NOTIC: [2048] Declaration of Common\Model\HotelModel::find() should be compatible with Think\Model::find($options = Array) H:\phpStudy\WWW\peihuo\Application\Common\Model\HotelModel.class.php 第 129 行.
SQL: SHOW COLUMNS FROM `ph_hotel` [ RunTime:0.0150s ]
SQL: SELECT * FROM `ph_hotel` WHERE `status` <> -1 ORDER BY hotel_id asc  [ RunTime:0.0000s ]
NOTIC: [2048] Declaration of Common\Model\DetailModel::find() should be compatible with Think\Model::find($options = Array) H:\phpStudy\WWW\peihuo\Application\Common\Model\DetailModel.class.php 第 144 行.
SQL: SHOW COLUMNS FROM `ph_detail` [ RunTime:0.0120s ]
SQL: SELECT * FROM `ph_detail` WHERE `depart_id` = 1 AND `order_id` = 35 AND `status` <> -1  [ RunTime:0.0000s ]
INFO: [ view_parse ] --START--
INFO: [ template_filter ] --START--
INFO: Run Behavior\ContentReplaceBehavior [ RunTime:0.000000s ]
INFO: [ template_filter ] --END-- [ RunTime:0.000000s ]
NOTIC: [8] Undefined variable: today H:\phpStudy\WWW\peihuo\Application\Runtime\Cache\Home\f773b9f65af8d1264ea6cb518a921941.php 第 50 行.
NOTIC: [8] Undefined variable: list_1 H:\phpStudy\WWW\peihuo\Application\Runtime\Cache\Home\f773b9f65af8d1264ea6cb518a921941.php 第 84 行.
NOTIC: [8] Undefined variable: categoryList H:\phpStudy\WWW\peihuo\Application\Runtime\Cache\Home\f773b9f65af8d1264ea6cb518a921941.php 第 131 行.
NOTIC: [8] Undefined variable: categoryList H:\phpStudy\WWW\peihuo\Application\Runtime\Cache\Home\f773b9f65af8d1264ea6cb518a921941.php 第 168 行.
NOTIC: [8] Undefined variable: categoryList H:\phpStudy\WWW\peihuo\Application\Runtime\Cache\Home\f773b9f65af8d1264ea6cb518a921941.php 第 205 行.
NOTIC: [8] Undefined variable: categoryList H:\phpStudy\WWW\peihuo\Application\Runtime\Cache\Home\f773b9f65af8d1264ea6cb518a921941.php 第 242 行.
INFO: Run Behavior\ParseTemplateBehavior [ RunTime:0.016001s ]
INFO: [ view_parse ] --END-- [ RunTime:0.016001s ]
INFO: [ view_filter ] --START--
INFO: Run Behavior\WriteHtmlCacheBehavior [ RunTime:0.000000s ]
INFO: [ view_filter ] --END-- [ RunTime:0.000000s ]
INFO: [ app_end ] --START--
INFO: Run Behavior\ShowPageTraceBehavior [ RunTime:0.001000s ]
INFO: [ app_end ] --END-- [ RunTime:0.001000s ]

[ 2017-09-14T00:02:37+08:00 ] ::1 /peihuo/index.php?c=order&a=edit&id=35
INFO: [ app_init ] --START--
INFO: Run Behavior\BuildLiteBehavior [ RunTime:0.000000s ]
INFO: [ app_init ] --END-- [ RunTime:0.000000s ]
INFO: [ app_begin ] --START--
INFO: Run Behavior\ReadHtmlCacheBehavior [ RunTime:0.000000s ]
INFO: [ app_begin ] --END-- [ RunTime:0.000000s ]
NOTIC: [2048] Declaration of Common\Model\OrderModel::find() should be compatible with Think\Model::find($options = Array) H:\phpStudy\WWW\peihuo\Application\Common\Model\OrderModel.class.php 第 10 行.
SQL: SHOW COLUMNS FROM `ph_order` [ RunTime:0.0230s ]
SQL: SELECT * FROM `ph_order` WHERE ( order_id=35 ) LIMIT 1   [ RunTime:0.0000s ]
NOTIC: [2048] Declaration of Common\Model\HotelModel::find() should be compatible with Think\Model::find($options = Array) H:\phpStudy\WWW\peihuo\Application\Common\Model\HotelModel.class.php 第 129 行.
SQL: SHOW COLUMNS FROM `ph_hotel` [ RunTime:0.0180s ]
SQL: SELECT * FROM `ph_hotel` WHERE `status` <> -1 ORDER BY hotel_id asc  [ RunTime:0.0000s ]
NOTIC: [2048] Declaration of Common\Model\DetailModel::find() should be compatible with Think\Model::find($options = Array) H:\phpStudy\WWW\peihuo\Application\Common\Model\DetailModel.class.php 第 144 行.
SQL: SHOW COLUMNS FROM `ph_detail` [ RunTime:0.0120s ]
SQL: SELECT * FROM `ph_detail` WHERE `depart_id` = 1 AND `order_id` = 35 AND `status` <> -1  [ RunTime:0.0000s ]
INFO: [ view_parse ] --START--
INFO: [ template_filter ] --START--
INFO: Run Behavior\ContentReplaceBehavior [ RunTime:0.000000s ]
INFO: [ template_filter ] --END-- [ RunTime:0.000000s ]
NOTIC: [8] Undefined variable: today H:\phpStudy\WWW\peihuo\Application\Runtime\Cache\Home\f773b9f65af8d1264ea6cb518a921941.php 第 50 行.
NOTIC: [8] Undefined variable: list_1 H:\phpStudy\WWW\peihuo\Application\Runtime\Cache\Home\f773b9f65af8d1264ea6cb518a921941.php 第 84 行.
NOTIC: [8] Undefined variable: categoryList H:\phpStudy\WWW\peihuo\Application\Runtime\Cache\Home\f773b9f65af8d1264ea6cb518a921941.php 第 132 行.
NOTIC: [8] Undefined variable: categoryList H:\phpStudy\WWW\peihuo\Application\Runtime\Cache\Home\f773b9f65af8d1264ea6cb518a921941.php 第 169 行.
NOTIC: [8] Undefined variable: categoryList H:\phpStudy\WWW\peihuo\Application\Runtime\Cache\Home\f773b9f65af8d1264ea6cb518a921941.php 第 206 行.
NOTIC: [8] Undefined variable: categoryList H:\phpStudy\WWW\peihuo\Application\Runtime\Cache\Home\f773b9f65af8d1264ea6cb518a921941.php 第 243 行.
INFO: Run Behavior\ParseTemplateBehavior [ RunTime:0.017001s ]
INFO: [ view_parse ] --END-- [ RunTime:0.017001s ]
INFO: [ view_filter ] --START--
INFO: Run Behavior\WriteHtmlCacheBehavior [ RunTime:0.000000s ]
INFO: [ view_filter ] --END-- [ RunTime:0.000000s ]
INFO: [ app_end ] --START--
INFO: Run Behavior\ShowPageTraceBehavior [ RunTime:0.001000s ]
INFO: [ app_end ] --END-- [ RunTime:0.001000s ]

[ 2017-09-14T00:02:39+08:00 ] ::1 /peihuo/index.php?c=order&a=edit&id=35
INFO: [ app_init ] --START--
INFO: Run Behavior\BuildLiteBehavior [ RunTime:0.000000s ]
INFO: [ app_init ] --END-- [ RunTime:0.001000s ]
INFO: [ app_begin ] --START--
INFO: Run Behavior\ReadHtmlCacheBehavior [ RunTime:0.001000s ]
INFO: [ app_begin ] --END-- [ RunTime:0.001000s ]
NOTIC: [2048] Declaration of Common\Model\OrderModel::find() should be compatible with Think\Model::find($options = Array) H:\phpStudy\WWW\peihuo\Application\Common\Model\OrderModel.class.php 第 10 行.
SQL: SHOW COLUMNS FROM `ph_order` [ RunTime:0.0210s ]
SQL: SELECT * FROM `ph_order` WHERE ( order_id=35 ) LIMIT 1   [ RunTime:0.0010s ]
NOTIC: [2048] Declaration of Common\Model\HotelModel::find() should be compatible with Think\Model::find($options = Array) H:\phpStudy\WWW\peihuo\Application\Common\Model\HotelModel.class.php 第 129 行.
SQL: SHOW COLUMNS FROM `ph_hotel` [ RunTime:0.0170s ]
SQL: SELECT * FROM `ph_hotel` WHERE `status` <> -1 ORDER BY hotel_id asc  [ RunTime:0.0000s ]
NOTIC: [2048] Declaration of Common\Model\DetailModel::find() should be compatible with Think\Model::find($options = Array) H:\phpStudy\WWW\peihuo\Application\Common\Model\DetailModel.class.php 第 144 行.
SQL: SHOW COLUMNS FROM `ph_detail` [ RunTime:0.0110s ]
SQL: SELECT * FROM `ph_detail` WHERE `depart_id` = 1 AND `order_id` = 35 AND `status` <> -1  [ RunTime:0.0000s ]
INFO: [ view_parse ] --START--
INFO: [ template_filter ] --START--
INFO: Run Behavior\ContentReplaceBehavior [ RunTime:0.001000s ]
INFO: [ template_filter ] --END-- [ RunTime:0.001000s ]
NOTIC: [8] Undefined variable: today H:\phpStudy\WWW\peihuo\Application\Runtime\Cache\Home\f773b9f65af8d1264ea6cb518a921941.php 第 50 行.
NOTIC: [8] Undefined variable: list_1 H:\phpStudy\WWW\peihuo\Application\Runtime\Cache\Home\f773b9f65af8d1264ea6cb518a921941.php 第 84 行.
NOTIC: [8] Undefined variable: categoryList H:\phpStudy\WWW\peihuo\Application\Runtime\Cache\Home\f773b9f65af8d1264ea6cb518a921941.php 第 132 行.
NOTIC: [8] Undefined variable: categoryList H:\phpStudy\WWW\peihuo\Application\Runtime\Cache\Home\f773b9f65af8d1264ea6cb518a921941.php 第 169 行.
NOTIC: [8] Undefined variable: categoryList H:\phpStudy\WWW\peihuo\Application\Runtime\Cache\Home\f773b9f65af8d1264ea6cb518a921941.php 第 206 行.
NOTIC: [8] Undefined variable: categoryList H:\phpStudy\WWW\peihuo\Application\Runtime\Cache\Home\f773b9f65af8d1264ea6cb518a921941.php 第 243 行.
INFO: Run Behavior\ParseTemplateBehavior [ RunTime:0.014001s ]
INFO: [ view_parse ] --END-- [ RunTime:0.014001s ]
INFO: [ view_filter ] --START--
INFO: Run Behavior\WriteHtmlCacheBehavior [ RunTime:0.001000s ]
INFO: [ view_filter ] --END-- [ RunTime:0.001000s ]
INFO: [ app_end ] --START--
INFO: Run Behavior\ShowPageTraceBehavior [ RunTime:0.000000s ]
INFO: [ app_end ] --END-- [ RunTime:0.000000s ]

[ 2017-09-14T00:03:07+08:00 ] ::1 /peihuo/index.php?c=order&a=edit&id=35
INFO: [ app_init ] --START--
INFO: Run Behavior\BuildLiteBehavior [ RunTime:0.000000s ]
INFO: [ app_init ] --END-- [ RunTime:0.001000s ]
INFO: [ app_begin ] --START--
INFO: Run Behavior\ReadHtmlCacheBehavior [ RunTime:0.001000s ]
INFO: [ app_begin ] --END-- [ RunTime:0.001000s ]
NOTIC: [2048] Declaration of Common\Model\OrderModel::find() should be compatible with Think\Model::find($options = Array) H:\phpStudy\WWW\peihuo\Application\Common\Model\OrderModel.class.php 第 10 行.
SQL: SHOW COLUMNS FROM `ph_order` [ RunTime:0.0200s ]
SQL: SELECT * FROM `ph_order` WHERE ( order_id=35 ) LIMIT 1   [ RunTime:0.0000s ]
NOTIC: [2048] Declaration of Common\Model\HotelModel::find() should be compatible with Think\Model::find($options = Array) H:\phpStudy\WWW\peihuo\Application\Common\Model\HotelModel.class.php 第 129 行.
SQL: SHOW COLUMNS FROM `ph_hotel` [ RunTime:0.0170s ]
SQL: SELECT * FROM `ph_hotel` WHERE `status` <> -1 ORDER BY hotel_id asc  [ RunTime:0.0010s ]
NOTIC: [2048] Declaration of Common\Model\DetailModel::find() should be compatible with Think\Model::find($options = Array) H:\phpStudy\WWW\peihuo\Application\Common\Model\DetailModel.class.php 第 144 行.
SQL: SHOW COLUMNS FROM `ph_detail` [ RunTime:0.0120s ]
SQL: SELECT * FROM `ph_detail` WHERE `depart_id` = 1 AND `order_id` = 35 AND `status` <> -1  [ RunTime:0.0000s ]
INFO: [ view_parse ] --START--
INFO: [ template_filter ] --START--
INFO: Run Behavior\ContentReplaceBehavior [ RunTime:0.000000s ]
INFO: [ template_filter ] --END-- [ RunTime:0.000000s ]
NOTIC: [8] Undefined variable: today H:\phpStudy\WWW\peihuo\Application\Runtime\Cache\Home\f773b9f65af8d1264ea6cb518a921941.php 第 50 行.
NOTIC: [8] Undefined variable: list_1 H:\phpStudy\WWW\peihuo\Application\Runtime\Cache\Home\f773b9f65af8d1264ea6cb518a921941.php 第 84 行.
NOTIC: [8] Undefined variable: categoryList H:\phpStudy\WWW\peihuo\Application\Runtime\Cache\Home\f773b9f65af8d1264ea6cb518a921941.php 第 133 行.
NOTIC: [8] Undefined variable: categoryList H:\phpStudy\WWW\peihuo\Application\Runtime\Cache\Home\f773b9f65af8d1264ea6cb518a921941.php 第 170 行.
NOTIC: [8] Undefined variable: categoryList H:\phpStudy\WWW\peihuo\Application\Runtime\Cache\Home\f773b9f65af8d1264ea6cb518a921941.php 第 207 行.
NOTIC: [8] Undefined variable: categoryList H:\phpStudy\WWW\peihuo\Application\Runtime\Cache\Home\f773b9f65af8d1264ea6cb518a921941.php 第 244 行.
INFO: Run Behavior\ParseTemplateBehavior [ RunTime:0.015001s ]
INFO: [ view_parse ] --END-- [ RunTime:0.015001s ]
INFO: [ view_filter ] --START--
INFO: Run Behavior\WriteHtmlCacheBehavior [ RunTime:0.001000s ]
INFO: [ view_filter ] --END-- [ RunTime:0.001000s ]
INFO: [ app_end ] --START--
INFO: Run Behavior\ShowPageTraceBehavior [ RunTime:0.000000s ]
INFO: [ app_end ] --END-- [ RunTime:0.000000s ]

[ 2017-09-14T00:05:09+08:00 ] ::1 /peihuo/index.php?c=order&a=edit&id=35
INFO: [ app_init ] --START--
INFO: Run Behavior\BuildLiteBehavior [ RunTime:0.000000s ]
INFO: [ app_init ] --END-- [ RunTime:0.001000s ]
INFO: [ app_begin ] --START--
INFO: Run Behavior\ReadHtmlCacheBehavior [ RunTime:0.001001s ]
INFO: [ app_begin ] --END-- [ RunTime:0.001001s ]
NOTIC: [2048] Declaration of Common\Model\OrderModel::find() should be compatible with Think\Model::find($options = Array) H:\phpStudy\WWW\peihuo\Application\Common\Model\OrderModel.class.php 第 10 行.
SQL: SHOW COLUMNS FROM `ph_order` [ RunTime:0.0210s ]
SQL: SELECT * FROM `ph_order` WHERE ( order_id=35 ) LIMIT 1   [ RunTime:0.0000s ]
NOTIC: [2048] Declaration of Common\Model\HotelModel::find() should be compatible with Think\Model::find($options = Array) H:\phpStudy\WWW\peihuo\Application\Common\Model\HotelModel.class.php 第 129 行.
SQL: SHOW COLUMNS FROM `ph_hotel` [ RunTime:0.0180s ]
SQL: SELECT * FROM `ph_hotel` WHERE `status` <> -1 ORDER BY hotel_id asc  [ RunTime:0.0000s ]
NOTIC: [2048] Declaration of Common\Model\DetailModel::find() should be compatible with Think\Model::find($options = Array) H:\phpStudy\WWW\peihuo\Application\Common\Model\DetailModel.class.php 第 144 行.
SQL: SHOW COLUMNS FROM `ph_detail` [ RunTime:0.0120s ]
SQL: SELECT * FROM `ph_detail` WHERE `depart_id` = 1 AND `order_id` = 35 AND `status` <> -1  [ RunTime:0.0000s ]
INFO: [ view_parse ] --START--
INFO: [ template_filter ] --START--
INFO: Run Behavior\ContentReplaceBehavior [ RunTime:0.000000s ]
INFO: [ template_filter ] --END-- [ RunTime:0.000000s ]
NOTIC: [8] Undefined variable: today H:\phpStudy\WWW\peihuo\Application\Runtime\Cache\Home\f773b9f65af8d1264ea6cb518a921941.php 第 50 行.
NOTIC: [8] Undefined variable: list_1 H:\phpStudy\WWW\peihuo\Application\Runtime\Cache\Home\f773b9f65af8d1264ea6cb518a921941.php 第 84 行.
NOTIC: [8] Undefined variable: categoryList H:\phpStudy\WWW\peihuo\Application\Runtime\Cache\Home\f773b9f65af8d1264ea6cb518a921941.php 第 133 行.
NOTIC: [8] Undefined variable: categoryList H:\phpStudy\WWW\peihuo\Application\Runtime\Cache\Home\f773b9f65af8d1264ea6cb518a921941.php 第 170 行.
NOTIC: [8] Undefined variable: categoryList H:\phpStudy\WWW\peihuo\Application\Runtime\Cache\Home\f773b9f65af8d1264ea6cb518a921941.php 第 207 行.
NOTIC: [8] Undefined variable: categoryList H:\phpStudy\WWW\peihuo\Application\Runtime\Cache\Home\f773b9f65af8d1264ea6cb518a921941.php 第 244 行.
INFO: Run Behavior\ParseTemplateBehavior [ RunTime:0.024001s ]
INFO: [ view_parse ] --END-- [ RunTime:0.024001s ]
INFO: [ view_filter ] --START--
INFO: Run Behavior\WriteHtmlCacheBehavior [ RunTime:0.000000s ]
INFO: [ view_filter ] --END-- [ RunTime:0.000000s ]
INFO: [ app_end ] --START--
INFO: Run Behavior\ShowPageTraceBehavior [ RunTime:0.001000s ]
INFO: [ app_end ] --END-- [ RunTime:0.001000s ]

[ 2017-09-14T00:05:39+08:00 ] ::1 /peihuo/index.php?c=order&a=edit&id=35
INFO: [ app_init ] --START--
INFO: Run Behavior\BuildLiteBehavior [ RunTime:0.000000s ]
INFO: [ app_init ] --END-- [ RunTime:0.000000s ]
INFO: [ app_begin ] --START--
INFO: Run Behavior\ReadHtmlCacheBehavior [ RunTime:0.000000s ]
INFO: [ app_begin ] --END-- [ RunTime:0.000000s ]
NOTIC: [2048] Declaration of Common\Model\OrderModel::find() should be compatible with Think\Model::find($options = Array) H:\phpStudy\WWW\peihuo\Application\Common\Model\OrderModel.class.php 第 10 行.
SQL: SHOW COLUMNS FROM `ph_order` [ RunTime:0.0170s ]
SQL: SELECT * FROM `ph_order` WHERE ( order_id=35 ) LIMIT 1   [ RunTime:0.0000s ]
NOTIC: [2048] Declaration of Common\Model\HotelModel::find() should be compatible with Think\Model::find($options = Array) H:\phpStudy\WWW\peihuo\Application\Common\Model\HotelModel.class.php 第 129 行.
SQL: SHOW COLUMNS FROM `ph_hotel` [ RunTime:0.0180s ]
SQL: SELECT * FROM `ph_hotel` WHERE `status` <> -1 ORDER BY hotel_id asc  [ RunTime:0.0010s ]
NOTIC: [2048] Declaration of Common\Model\DetailModel::find() should be compatible with Think\Model::find($options = Array) H:\phpStudy\WWW\peihuo\Application\Common\Model\DetailModel.class.php 第 144 行.
SQL: SHOW COLUMNS FROM `ph_detail` [ RunTime:0.0150s ]
SQL: SELECT * FROM `ph_detail` WHERE `depart_id` = 1 AND `order_id` = 35 AND `status` <> -1  [ RunTime:0.0000s ]
INFO: [ view_parse ] --START--
INFO: [ template_filter ] --START--
INFO: Run Behavior\ContentReplaceBehavior [ RunTime:0.000000s ]
INFO: [ template_filter ] --END-- [ RunTime:0.000000s ]
NOTIC: [8] Undefined variable: today H:\phpStudy\WWW\peihuo\Application\Runtime\Cache\Home\f773b9f65af8d1264ea6cb518a921941.php 第 50 行.
NOTIC: [8] Undefined variable: list_1 H:\phpStudy\WWW\peihuo\Application\Runtime\Cache\Home\f773b9f65af8d1264ea6cb518a921941.php 第 84 行.
NOTIC: [8] Undefined variable: categoryList H:\phpStudy\WWW\peihuo\Application\Runtime\Cache\Home\f773b9f65af8d1264ea6cb518a921941.php 第 95 行.
NOTIC: [8] Undefined variable: categoryList H:\phpStudy\WWW\peihuo\Application\Runtime\Cache\Home\f773b9f65af8d1264ea6cb518a921941.php 第 132 行.
NOTIC: [8] Undefined variable: categoryList H:\phpStudy\WWW\peihuo\Application\Runtime\Cache\Home\f773b9f65af8d1264ea6cb518a921941.php 第 169 行.
NOTIC: [8] Undefined variable: categoryList H:\phpStudy\WWW\peihuo\Application\Runtime\Cache\Home\f773b9f65af8d1264ea6cb518a921941.php 第 206 行.
INFO: Run Behavior\ParseTemplateBehavior [ RunTime:0.015001s ]
INFO: [ view_parse ] --END-- [ RunTime:0.015001s ]
INFO: [ view_filter ] --START--
INFO: Run Behavior\WriteHtmlCacheBehavior [ RunTime:0.001000s ]
INFO: [ view_filter ] --END-- [ RunTime:0.001000s ]
INFO: [ app_end ] --START--
INFO: Run Behavior\ShowPageTraceBehavior [ RunTime:0.000000s ]
INFO: [ app_end ] --END-- [ RunTime:0.000000s ]

[ 2017-09-14T00:06:00+08:00 ] ::1 /peihuo/index.php?c=order&a=edit&id=35
INFO: [ app_init ] --START--
INFO: Run Behavior\BuildLiteBehavior [ RunTime:0.000000s ]
INFO: [ app_init ] --END-- [ RunTime:0.001000s ]
INFO: [ app_begin ] --START--
INFO: Run Behavior\ReadHtmlCacheBehavior [ RunTime:0.000000s ]
INFO: [ app_begin ] --END-- [ RunTime:0.000000s ]
NOTIC: [2048] Declaration of Common\Model\OrderModel::find() should be compatible with Think\Model::find($options = Array) H:\phpStudy\WWW\peihuo\Application\Common\Model\OrderModel.class.php 第 10 行.
SQL: SHOW COLUMNS FROM `ph_order` [ RunTime:0.0210s ]
SQL: SELECT * FROM `ph_order` WHERE ( order_id=35 ) LIMIT 1   [ RunTime:0.0000s ]
NOTIC: [2048] Declaration of Common\Model\HotelModel::find() should be compatible with Think\Model::find($options = Array) H:\phpStudy\WWW\peihuo\Application\Common\Model\HotelModel.class.php 第 129 行.
SQL: SHOW COLUMNS FROM `ph_hotel` [ RunTime:0.0130s ]
SQL: SELECT * FROM `ph_hotel` WHERE `status` <> -1 ORDER BY hotel_id asc  [ RunTime:0.0000s ]
NOTIC: [2048] Declaration of Common\Model\DetailModel::find() should be compatible with Think\Model::find($options = Array) H:\phpStudy\WWW\peihuo\Application\Common\Model\DetailModel.class.php 第 144 行.
SQL: SHOW COLUMNS FROM `ph_detail` [ RunTime:0.0130s ]
SQL: SELECT * FROM `ph_detail` WHERE `depart_id` = 1 AND `order_id` = 35 AND `status` <> -1  [ RunTime:0.0000s ]
INFO: [ view_parse ] --START--
INFO: [ template_filter ] --START--
INFO: Run Behavior\ContentReplaceBehavior [ RunTime:0.000000s ]
INFO: [ template_filter ] --END-- [ RunTime:0.000000s ]
NOTIC: [8] Undefined variable: today H:\phpStudy\WWW\peihuo\Application\Runtime\Cache\Home\f773b9f65af8d1264ea6cb518a921941.php 第 50 行.
NOTIC: [8] Undefined variable: list_1 H:\phpStudy\WWW\peihuo\Application\Runtime\Cache\Home\f773b9f65af8d1264ea6cb518a921941.php 第 84 行.
NOTIC: [8] Undefined variable: categoryList H:\phpStudy\WWW\peihuo\Application\Runtime\Cache\Home\f773b9f65af8d1264ea6cb518a921941.php 第 95 行.
NOTIC: [8] Undefined variable: categoryList H:\phpStudy\WWW\peihuo\Application\Runtime\Cache\Home\f773b9f65af8d1264ea6cb518a921941.php 第 132 行.
NOTIC: [8] Undefined variable: categoryList H:\phpStudy\WWW\peihuo\Application\Runtime\Cache\Home\f773b9f65af8d1264ea6cb518a921941.php 第 169 行.
NOTIC: [8] Undefined variable: categoryList H:\phpStudy\WWW\peihuo\Application\Runtime\Cache\Home\f773b9f65af8d1264ea6cb518a921941.php 第 206 行.
INFO: Run Behavior\ParseTemplateBehavior [ RunTime:0.012001s ]
INFO: [ view_parse ] --END-- [ RunTime:0.012001s ]
INFO: [ view_filter ] --START--
INFO: Run Behavior\WriteHtmlCacheBehavior [ RunTime:0.001000s ]
INFO: [ view_filter ] --END-- [ RunTime:0.001000s ]
INFO: [ app_end ] --START--
INFO: Run Behavior\ShowPageTraceBehavior [ RunTime:0.000000s ]
INFO: [ app_end ] --END-- [ RunTime:0.000000s ]

[ 2017-09-14T00:07:15+08:00 ] ::1 /peihuo/index.php?c=order&a=edit&id=35
INFO: [ app_init ] --START--
INFO: Run Behavior\BuildLiteBehavior [ RunTime:0.000000s ]
INFO: [ app_init ] --END-- [ RunTime:0.001001s ]
INFO: [ app_begin ] --START--
INFO: Run Behavior\ReadHtmlCacheBehavior [ RunTime:0.001000s ]
INFO: [ app_begin ] --END-- [ RunTime:0.002000s ]
NOTIC: [2048] Declaration of Common\Model\OrderModel::find() should be compatible with Think\Model::find($options = Array) H:\phpStudy\WWW\peihuo\Application\Common\Model\OrderModel.class.php 第 10 行.
SQL: SHOW COLUMNS FROM `ph_order` [ RunTime:0.0210s ]
SQL: SELECT * FROM `ph_order` WHERE ( order_id=35 ) LIMIT 1   [ RunTime:0.0000s ]
NOTIC: [2048] Declaration of Common\Model\HotelModel::find() should be compatible with Think\Model::find($options = Array) H:\phpStudy\WWW\peihuo\Application\Common\Model\HotelModel.class.php 第 129 行.
SQL: SHOW COLUMNS FROM `ph_hotel` [ RunTime:0.0160s ]
SQL: SELECT * FROM `ph_hotel` WHERE `status` <> -1 ORDER BY hotel_id asc  [ RunTime:0.0000s ]
NOTIC: [2048] Declaration of Common\Model\DetailModel::find() should be compatible with Think\Model::find($options = Array) H:\phpStudy\WWW\peihuo\Application\Common\Model\DetailModel.class.php 第 144 行.
SQL: SHOW COLUMNS FROM `ph_detail` [ RunTime:0.0120s ]
SQL: SELECT * FROM `ph_detail` WHERE `depart_id` = 1 AND `order_id` = 35 AND `status` <> -1  [ RunTime:0.0010s ]
INFO: [ view_parse ] --START--
INFO: [ template_filter ] --START--
INFO: Run Behavior\ContentReplaceBehavior [ RunTime:0.000000s ]
INFO: [ template_filter ] --END-- [ RunTime:0.000000s ]
NOTIC: [8] Undefined variable: today H:\phpStudy\WWW\peihuo\Application\Runtime\Cache\Home\f773b9f65af8d1264ea6cb518a921941.php 第 50 行.
NOTIC: [8] Undefined variable: list_1 H:\phpStudy\WWW\peihuo\Application\Runtime\Cache\Home\f773b9f65af8d1264ea6cb518a921941.php 第 84 行.
NOTIC: [8] Undefined variable: categoryList H:\phpStudy\WWW\peihuo\Application\Runtime\Cache\Home\f773b9f65af8d1264ea6cb518a921941.php 第 95 行.
NOTIC: [8] Undefined variable: categoryList H:\phpStudy\WWW\peihuo\Application\Runtime\Cache\Home\f773b9f65af8d1264ea6cb518a921941.php 第 132 行.
NOTIC: [8] Undefined variable: categoryList H:\phpStudy\WWW\peihuo\Application\Runtime\Cache\Home\f773b9f65af8d1264ea6cb518a921941.php 第 169 行.
NOTIC: [8] Undefined variable: categoryList H:\phpStudy\WWW\peihuo\Application\Runtime\Cache\Home\f773b9f65af8d1264ea6cb518a921941.php 第 206 行.
INFO: Run Behavior\ParseTemplateBehavior [ RunTime:0.014001s ]
INFO: [ view_parse ] --END-- [ RunTime:0.014001s ]
INFO: [ view_filter ] --START--
INFO: Run Behavior\WriteHtmlCacheBehavior [ RunTime:0.000000s ]
INFO: [ view_filter ] --END-- [ RunTime:0.000000s ]
INFO: [ app_end ] --START--
INFO: Run Behavior\ShowPageTraceBehavior [ RunTime:0.001000s ]
INFO: [ app_end ] --END-- [ RunTime:0.001000s ]

[ 2017-09-14T00:07:52+08:00 ] ::1 /peihuo/index.php?c=order&a=edit&id=35
INFO: [ app_init ] --START--
INFO: Run Behavior\BuildLiteBehavior [ RunTime:0.000000s ]
INFO: [ app_init ] --END-- [ RunTime:0.000000s ]
INFO: [ app_begin ] --START--
INFO: Run Behavior\ReadHtmlCacheBehavior [ RunTime:0.000000s ]
INFO: [ app_begin ] --END-- [ RunTime:0.000000s ]
NOTIC: [2048] Declaration of Common\Model\OrderModel::find() should be compatible with Think\Model::find($options = Array) H:\phpStudy\WWW\peihuo\Application\Common\Model\OrderModel.class.php 第 10 行.
SQL: SHOW COLUMNS FROM `ph_order` [ RunTime:0.0220s ]
SQL: SELECT * FROM `ph_order` WHERE ( order_id=35 ) LIMIT 1   [ RunTime:0.0010s ]
NOTIC: [2048] Declaration of Common\Model\HotelModel::find() should be compatible with Think\Model::find($options = Array) H:\phpStudy\WWW\peihuo\Application\Common\Model\HotelModel.class.php 第 129 行.
SQL: SHOW COLUMNS FROM `ph_hotel` [ RunTime:0.0230s ]
SQL: SELECT * FROM `ph_hotel` WHERE `status` <> -1 ORDER BY hotel_id asc  [ RunTime:0.0000s ]
NOTIC: [2048] Declaration of Common\Model\DetailModel::find() should be compatible with Think\Model::find($options = Array) H:\phpStudy\WWW\peihuo\Application\Common\Model\DetailModel.class.php 第 144 行.
SQL: SHOW COLUMNS FROM `ph_detail` [ RunTime:0.0130s ]
SQL: SELECT * FROM `ph_detail` WHERE `depart_id` = 1 AND `order_id` = 35 AND `status` <> -1  [ RunTime:0.0000s ]
INFO: [ view_parse ] --START--
INFO: [ template_filter ] --START--
INFO: Run Behavior\ContentReplaceBehavior [ RunTime:0.000000s ]
INFO: [ template_filter ] --END-- [ RunTime:0.000000s ]
NOTIC: [8] Undefined variable: today H:\phpStudy\WWW\peihuo\Application\Runtime\Cache\Home\f773b9f65af8d1264ea6cb518a921941.php 第 50 行.
NOTIC: [8] Undefined variable: categoryList H:\phpStudy\WWW\peihuo\Application\Runtime\Cache\Home\f773b9f65af8d1264ea6cb518a921941.php 第 95 行.
NOTIC: [8] Undefined variable: categoryList H:\phpStudy\WWW\peihuo\Application\Runtime\Cache\Home\f773b9f65af8d1264ea6cb518a921941.php 第 132 行.
NOTIC: [8] Undefined variable: categoryList H:\phpStudy\WWW\peihuo\Application\Runtime\Cache\Home\f773b9f65af8d1264ea6cb518a921941.php 第 169 行.
NOTIC: [8] Undefined variable: categoryList H:\phpStudy\WWW\peihuo\Application\Runtime\Cache\Home\f773b9f65af8d1264ea6cb518a921941.php 第 206 行.
INFO: Run Behavior\ParseTemplateBehavior [ RunTime:0.013000s ]
INFO: [ view_parse ] --END-- [ RunTime:0.013000s ]
INFO: [ view_filter ] --START--
INFO: Run Behavior\WriteHtmlCacheBehavior [ RunTime:0.000000s ]
INFO: [ view_filter ] --END-- [ RunTime:0.000000s ]
INFO: [ app_end ] --START--
INFO: Run Behavior\ShowPageTraceBehavior [ RunTime:0.001000s ]
INFO: [ app_end ] --END-- [ RunTime:0.001000s ]

[ 2017-09-14T00:08:07+08:00 ] ::1 /peihuo/index.php?c=order&a=edit&id=35
INFO: [ app_init ] --START--
INFO: Run Behavior\BuildLiteBehavior [ RunTime:0.000000s ]
INFO: [ app_init ] --END-- [ RunTime:0.001000s ]
INFO: [ app_begin ] --START--
INFO: Run Behavior\ReadHtmlCacheBehavior [ RunTime:0.001000s ]
INFO: [ app_begin ] --END-- [ RunTime:0.001000s ]
NOTIC: [2048] Declaration of Common\Model\OrderModel::find() should be compatible with Think\Model::find($options = Array) H:\phpStudy\WWW\peihuo\Application\Common\Model\OrderModel.class.php 第 10 行.
SQL: SHOW COLUMNS FROM `ph_order` [ RunTime:0.0230s ]
SQL: SELECT * FROM `ph_order` WHERE ( order_id=35 ) LIMIT 1   [ RunTime:0.0010s ]
NOTIC: [2048] Declaration of Common\Model\HotelModel::find() should be compatible with Think\Model::find($options = Array) H:\phpStudy\WWW\peihuo\Application\Common\Model\HotelModel.class.php 第 129 行.
SQL: SHOW COLUMNS FROM `ph_hotel` [ RunTime:0.0170s ]
SQL: SELECT * FROM `ph_hotel` WHERE `status` <> -1 ORDER BY hotel_id asc  [ RunTime:0.0010s ]
NOTIC: [2048] Declaration of Common\Model\DetailModel::find() should be compatible with Think\Model::find($options = Array) H:\phpStudy\WWW\peihuo\Application\Common\Model\DetailModel.class.php 第 144 行.
SQL: SHOW COLUMNS FROM `ph_detail` [ RunTime:0.0130s ]
SQL: SELECT * FROM `ph_detail` WHERE `depart_id` = 1 AND `order_id` = 35 AND `status` <> -1  [ RunTime:0.0000s ]
INFO: [ view_parse ] --START--
INFO: [ template_filter ] --START--
INFO: Run Behavior\ContentReplaceBehavior [ RunTime:0.000000s ]
INFO: [ template_filter ] --END-- [ RunTime:0.000000s ]
NOTIC: [8] Undefined variable: today H:\phpStudy\WWW\peihuo\Application\Runtime\Cache\Home\f773b9f65af8d1264ea6cb518a921941.php 第 50 行.
NOTIC: [8] Undefined variable: categoryList H:\phpStudy\WWW\peihuo\Application\Runtime\Cache\Home\f773b9f65af8d1264ea6cb518a921941.php 第 91 行.
NOTIC: [8] Undefined variable: categoryList H:\phpStudy\WWW\peihuo\Application\Runtime\Cache\Home\f773b9f65af8d1264ea6cb518a921941.php 第 91 行.
NOTIC: [8] Undefined variable: categoryList H:\phpStudy\WWW\peihuo\Application\Runtime\Cache\Home\f773b9f65af8d1264ea6cb518a921941.php 第 133 行.
NOTIC: [8] Undefined variable: categoryList H:\phpStudy\WWW\peihuo\Application\Runtime\Cache\Home\f773b9f65af8d1264ea6cb518a921941.php 第 170 行.
NOTIC: [8] Undefined variable: categoryList H:\phpStudy\WWW\peihuo\Application\Runtime\Cache\Home\f773b9f65af8d1264ea6cb518a921941.php 第 207 行.
NOTIC: [8] Undefined variable: categoryList H:\phpStudy\WWW\peihuo\Application\Runtime\Cache\Home\f773b9f65af8d1264ea6cb518a921941.php 第 244 行.
INFO: Run Behavior\ParseTemplateBehavior [ RunTime:0.017001s ]
INFO: [ view_parse ] --END-- [ RunTime:0.017001s ]
INFO: [ view_filter ] --START--
INFO: Run Behavior\WriteHtmlCacheBehavior [ RunTime:0.000000s ]
INFO: [ view_filter ] --END-- [ RunTime:0.000000s ]
INFO: [ app_end ] --START--
INFO: Run Behavior\ShowPageTraceBehavior [ RunTime:0.000000s ]
INFO: [ app_end ] --END-- [ RunTime:0.000000s ]

[ 2017-09-14T00:08:26+08:00 ] ::1 /peihuo/index.php?c=order&a=edit&id=35
INFO: [ app_init ] --START--
INFO: Run Behavior\BuildLiteBehavior [ RunTime:0.000000s ]
INFO: [ app_init ] --END-- [ RunTime:0.000000s ]
INFO: [ app_begin ] --START--
INFO: Run Behavior\ReadHtmlCacheBehavior [ RunTime:0.000000s ]
INFO: [ app_begin ] --END-- [ RunTime:0.000000s ]
NOTIC: [2048] Declaration of Common\Model\OrderModel::find() should be compatible with Think\Model::find($options = Array) H:\phpStudy\WWW\peihuo\Application\Common\Model\OrderModel.class.php 第 10 行.
SQL: SHOW COLUMNS FROM `ph_order` [ RunTime:0.0220s ]
SQL: SELECT * FROM `ph_order` WHERE ( order_id=35 ) LIMIT 1   [ RunTime:0.0010s ]
NOTIC: [2048] Declaration of Common\Model\HotelModel::find() should be compatible with Think\Model::find($options = Array) H:\phpStudy\WWW\peihuo\Application\Common\Model\HotelModel.class.php 第 129 行.
SQL: SHOW COLUMNS FROM `ph_hotel` [ RunTime:0.0190s ]
SQL: SELECT * FROM `ph_hotel` WHERE `status` <> -1 ORDER BY hotel_id asc  [ RunTime:0.0000s ]
NOTIC: [2048] Declaration of Common\Model\DetailModel::find() should be compatible with Think\Model::find($options = Array) H:\phpStudy\WWW\peihuo\Application\Common\Model\DetailModel.class.php 第 144 行.
SQL: SHOW COLUMNS FROM `ph_detail` [ RunTime:0.0180s ]
SQL: SELECT * FROM `ph_detail` WHERE `depart_id` = 1 AND `order_id` = 35 AND `status` <> -1  [ RunTime:0.0000s ]
INFO: [ view_parse ] --START--
INFO: [ template_filter ] --START--
INFO: Run Behavior\ContentReplaceBehavior [ RunTime:0.001000s ]
INFO: [ template_filter ] --END-- [ RunTime:0.001000s ]

[ 2017-09-14T00:08:49+08:00 ] ::1 /peihuo/index.php?c=order&a=edit&id=35
INFO: [ app_init ] --START--
INFO: Run Behavior\BuildLiteBehavior [ RunTime:0.000000s ]
INFO: [ app_init ] --END-- [ RunTime:0.000000s ]
INFO: [ app_begin ] --START--
INFO: Run Behavior\ReadHtmlCacheBehavior [ RunTime:0.001000s ]
INFO: [ app_begin ] --END-- [ RunTime:0.001000s ]
NOTIC: [2048] Declaration of Common\Model\OrderModel::find() should be compatible with Think\Model::find($options = Array) H:\phpStudy\WWW\peihuo\Application\Common\Model\OrderModel.class.php 第 10 行.
SQL: SHOW COLUMNS FROM `ph_order` [ RunTime:0.0110s ]
SQL: SELECT * FROM `ph_order` WHERE ( order_id=35 ) LIMIT 1   [ RunTime:0.0010s ]
NOTIC: [2048] Declaration of Common\Model\HotelModel::find() should be compatible with Think\Model::find($options = Array) H:\phpStudy\WWW\peihuo\Application\Common\Model\HotelModel.class.php 第 129 行.
SQL: SHOW COLUMNS FROM `ph_hotel` [ RunTime:0.0120s ]
SQL: SELECT * FROM `ph_hotel` WHERE `status` <> -1 ORDER BY hotel_id asc  [ RunTime:0.0010s ]
NOTIC: [2048] Declaration of Common\Model\DetailModel::find() should be compatible with Think\Model::find($options = Array) H:\phpStudy\WWW\peihuo\Application\Common\Model\DetailModel.class.php 第 144 行.
SQL: SHOW COLUMNS FROM `ph_detail` [ RunTime:0.0110s ]
SQL: SELECT * FROM `ph_detail` WHERE `depart_id` = 1 AND `order_id` = 35 AND `status` <> -1  [ RunTime:0.0010s ]
INFO: [ view_parse ] --START--
INFO: [ template_filter ] --START--
INFO: Run Behavior\ContentReplaceBehavior [ RunTime:0.000000s ]
INFO: [ template_filter ] --END-- [ RunTime:0.000000s ]
NOTIC: [8] Undefined variable: today H:\phpStudy\WWW\peihuo\Application\Runtime\Cache\Home\f773b9f65af8d1264ea6cb518a921941.php 第 50 行.
NOTIC: [8] Undefined variable: categoryList H:\phpStudy\WWW\peihuo\Application\Runtime\Cache\Home\f773b9f65af8d1264ea6cb518a921941.php 第 92 行.
NOTIC: [8] Undefined variable: categoryList H:\phpStudy\WWW\peihuo\Application\Runtime\Cache\Home\f773b9f65af8d1264ea6cb518a921941.php 第 92 行.
NOTIC: [8] Undefined variable: categoryList H:\phpStudy\WWW\peihuo\Application\Runtime\Cache\Home\f773b9f65af8d1264ea6cb518a921941.php 第 134 行.
NOTIC: [8] Undefined variable: categoryList H:\phpStudy\WWW\peihuo\Application\Runtime\Cache\Home\f773b9f65af8d1264ea6cb518a921941.php 第 171 行.
NOTIC: [8] Undefined variable: categoryList H:\phpStudy\WWW\peihuo\Application\Runtime\Cache\Home\f773b9f65af8d1264ea6cb518a921941.php 第 208 行.
NOTIC: [8] Undefined variable: categoryList H:\phpStudy\WWW\peihuo\Application\Runtime\Cache\Home\f773b9f65af8d1264ea6cb518a921941.php 第 245 行.
INFO: Run Behavior\ParseTemplateBehavior [ RunTime:0.015001s ]
INFO: [ view_parse ] --END-- [ RunTime:0.015001s ]
INFO: [ view_filter ] --START--
INFO: Run Behavior\WriteHtmlCacheBehavior [ RunTime:0.000000s ]
INFO: [ view_filter ] --END-- [ RunTime:0.000000s ]
INFO: [ app_end ] --START--
INFO: Run Behavior\ShowPageTraceBehavior [ RunTime:0.001000s ]
INFO: [ app_end ] --END-- [ RunTime:0.001000s ]

[ 2017-09-14T00:11:06+08:00 ] ::1 /peihuo/index.php?c=order&a=edit&id=35
INFO: [ app_init ] --START--
INFO: Run Behavior\BuildLiteBehavior [ RunTime:0.000000s ]
INFO: [ app_init ] --END-- [ RunTime:0.000000s ]
INFO: [ app_begin ] --START--
INFO: Run Behavior\ReadHtmlCacheBehavior [ RunTime:0.001000s ]
INFO: [ app_begin ] --END-- [ RunTime:0.001000s ]
NOTIC: [2048] Declaration of Common\Model\OrderModel::find() should be compatible with Think\Model::find($options = Array) H:\phpStudy\WWW\peihuo\Application\Common\Model\OrderModel.class.php 第 10 行.
SQL: SHOW COLUMNS FROM `ph_order` [ RunTime:0.0220s ]
SQL: SELECT * FROM `ph_order` WHERE ( order_id=35 ) LIMIT 1   [ RunTime:0.0000s ]
NOTIC: [2048] Declaration of Common\Model\HotelModel::find() should be compatible with Think\Model::find($options = Array) H:\phpStudy\WWW\peihuo\Application\Common\Model\HotelModel.class.php 第 129 行.
SQL: SHOW COLUMNS FROM `ph_hotel` [ RunTime:0.0160s ]
SQL: SELECT * FROM `ph_hotel` WHERE `status` <> -1 ORDER BY hotel_id asc  [ RunTime:0.0000s ]
NOTIC: [2048] Declaration of Common\Model\DetailModel::find() should be compatible with Think\Model::find($options = Array) H:\phpStudy\WWW\peihuo\Application\Common\Model\DetailModel.class.php 第 144 行.
SQL: SHOW COLUMNS FROM `ph_detail` [ RunTime:0.0160s ]
SQL: SELECT * FROM `ph_detail` WHERE `depart_id` = 1 AND `order_id` = 35 AND `status` <> -1  [ RunTime:0.0000s ]
INFO: [ view_parse ] --START--
INFO: [ template_filter ] --START--
INFO: Run Behavior\ContentReplaceBehavior [ RunTime:0.000000s ]
INFO: [ template_filter ] --END-- [ RunTime:0.000000s ]
NOTIC: [8] Undefined variable: today H:\phpStudy\WWW\peihuo\Application\Runtime\Cache\Home\f773b9f65af8d1264ea6cb518a921941.php 第 50 行.
NOTIC: [8] Undefined variable: categoryList H:\phpStudy\WWW\peihuo\Application\Runtime\Cache\Home\f773b9f65af8d1264ea6cb518a921941.php 第 142 行.
NOTIC: [8] Undefined variable: categoryList H:\phpStudy\WWW\peihuo\Application\Runtime\Cache\Home\f773b9f65af8d1264ea6cb518a921941.php 第 184 行.
NOTIC: [8] Undefined variable: categoryList H:\phpStudy\WWW\peihuo\Application\Runtime\Cache\Home\f773b9f65af8d1264ea6cb518a921941.php 第 225 行.
NOTIC: [8] Undefined variable: categoryList H:\phpStudy\WWW\peihuo\Application\Runtime\Cache\Home\f773b9f65af8d1264ea6cb518a921941.php 第 267 行.
INFO: Run Behavior\ParseTemplateBehavior [ RunTime:0.016001s ]
INFO: [ view_parse ] --END-- [ RunTime:0.016001s ]
INFO: [ view_filter ] --START--
INFO: Run Behavior\WriteHtmlCacheBehavior [ RunTime:0.000000s ]
INFO: [ view_filter ] --END-- [ RunTime:0.000000s ]
INFO: [ app_end ] --START--
INFO: Run Behavior\ShowPageTraceBehavior [ RunTime:0.001000s ]
INFO: [ app_end ] --END-- [ RunTime:0.001000s ]

[ 2017-09-14T00:12:41+08:00 ] ::1 /peihuo/index.php?c=order&a=edit&id=35
INFO: [ app_init ] --START--
INFO: Run Behavior\BuildLiteBehavior [ RunTime:0.000000s ]
INFO: [ app_init ] --END-- [ RunTime:0.000000s ]
INFO: [ app_begin ] --START--
INFO: Run Behavior\ReadHtmlCacheBehavior [ RunTime:0.001000s ]
INFO: [ app_begin ] --END-- [ RunTime:0.001000s ]
NOTIC: [2048] Declaration of Common\Model\OrderModel::find() should be compatible with Think\Model::find($options = Array) H:\phpStudy\WWW\peihuo\Application\Common\Model\OrderModel.class.php 第 10 行.
SQL: SHOW COLUMNS FROM `ph_order` [ RunTime:0.0140s ]
SQL: SELECT * FROM `ph_order` WHERE ( order_id=35 ) LIMIT 1   [ RunTime:0.0000s ]
NOTIC: [2048] Declaration of Common\Model\HotelModel::find() should be compatible with Think\Model::find($options = Array) H:\phpStudy\WWW\peihuo\Application\Common\Model\HotelModel.class.php 第 129 行.
SQL: SHOW COLUMNS FROM `ph_hotel` [ RunTime:0.0130s ]
SQL: SELECT * FROM `ph_hotel` WHERE `status` <> -1 ORDER BY hotel_id asc  [ RunTime:0.0010s ]
NOTIC: [2048] Declaration of Common\Model\DetailModel::find() should be compatible with Think\Model::find($options = Array) H:\phpStudy\WWW\peihuo\Application\Common\Model\DetailModel.class.php 第 144 行.
SQL: SHOW COLUMNS FROM `ph_detail` [ RunTime:0.0140s ]
SQL: SELECT * FROM `ph_detail` WHERE `depart_id` = 1 AND `order_id` = 35 AND `status` <> -1  [ RunTime:0.0000s ]
INFO: [ view_parse ] --START--
INFO: [ template_filter ] --START--
INFO: Run Behavior\ContentReplaceBehavior [ RunTime:0.000000s ]
INFO: [ template_filter ] --END-- [ RunTime:0.000000s ]
NOTIC: [8] Undefined variable: today H:\phpStudy\WWW\peihuo\Application\Runtime\Cache\Home\f773b9f65af8d1264ea6cb518a921941.php 第 50 行.
NOTIC: [8] Undefined variable: categoryList H:\phpStudy\WWW\peihuo\Application\Runtime\Cache\Home\f773b9f65af8d1264ea6cb518a921941.php 第 136 行.
NOTIC: [8] Undefined variable: categoryList H:\phpStudy\WWW\peihuo\Application\Runtime\Cache\Home\f773b9f65af8d1264ea6cb518a921941.php 第 136 行.
NOTIC: [8] Undefined variable: categoryList H:\phpStudy\WWW\peihuo\Application\Runtime\Cache\Home\f773b9f65af8d1264ea6cb518a921941.php 第 183 行.
NOTIC: [8] Undefined variable: categoryList H:\phpStudy\WWW\peihuo\Application\Runtime\Cache\Home\f773b9f65af8d1264ea6cb518a921941.php 第 225 行.
NOTIC: [8] Undefined variable: categoryList H:\phpStudy\WWW\peihuo\Application\Runtime\Cache\Home\f773b9f65af8d1264ea6cb518a921941.php 第 266 行.
NOTIC: [8] Undefined variable: categoryList H:\phpStudy\WWW\peihuo\Application\Runtime\Cache\Home\f773b9f65af8d1264ea6cb518a921941.php 第 308 行.
INFO: Run Behavior\ParseTemplateBehavior [ RunTime:0.016001s ]
INFO: [ view_parse ] --END-- [ RunTime:0.016001s ]
INFO: [ view_filter ] --START--
INFO: Run Behavior\WriteHtmlCacheBehavior [ RunTime:0.000000s ]
INFO: [ view_filter ] --END-- [ RunTime:0.000000s ]
INFO: [ app_end ] --START--
INFO: Run Behavior\ShowPageTraceBehavior [ RunTime:0.001000s ]
INFO: [ app_end ] --END-- [ RunTime:0.001000s ]

[ 2017-09-14T00:12:48+08:00 ] ::1 /peihuo/index.php?c=order&a=edit&id=35
INFO: [ app_init ] --START--
INFO: Run Behavior\BuildLiteBehavior [ RunTime:0.000000s ]
INFO: [ app_init ] --END-- [ RunTime:0.000000s ]
INFO: [ app_begin ] --START--
INFO: Run Behavior\ReadHtmlCacheBehavior [ RunTime:0.001001s ]
INFO: [ app_begin ] --END-- [ RunTime:0.001001s ]
NOTIC: [2048] Declaration of Common\Model\OrderModel::find() should be compatible with Think\Model::find($options = Array) H:\phpStudy\WWW\peihuo\Application\Common\Model\OrderModel.class.php 第 10 行.
SQL: SHOW COLUMNS FROM `ph_order` [ RunTime:0.0130s ]
SQL: SELECT * FROM `ph_order` WHERE ( order_id=35 ) LIMIT 1   [ RunTime:0.0010s ]
NOTIC: [2048] Declaration of Common\Model\HotelModel::find() should be compatible with Think\Model::find($options = Array) H:\phpStudy\WWW\peihuo\Application\Common\Model\HotelModel.class.php 第 129 行.
SQL: SHOW COLUMNS FROM `ph_hotel` [ RunTime:0.0130s ]
SQL: SELECT * FROM `ph_hotel` WHERE `status` <> -1 ORDER BY hotel_id asc  [ RunTime:0.0000s ]
NOTIC: [2048] Declaration of Common\Model\DetailModel::find() should be compatible with Think\Model::find($options = Array) H:\phpStudy\WWW\peihuo\Application\Common\Model\DetailModel.class.php 第 144 行.
SQL: SHOW COLUMNS FROM `ph_detail` [ RunTime:0.0120s ]
SQL: SELECT * FROM `ph_detail` WHERE `depart_id` = 1 AND `order_id` = 35 AND `status` <> -1  [ RunTime:0.0010s ]
INFO: [ view_parse ] --START--
INFO: [ template_filter ] --START--
INFO: Run Behavior\ContentReplaceBehavior [ RunTime:0.000000s ]
INFO: [ template_filter ] --END-- [ RunTime:0.000000s ]
NOTIC: [8] Undefined variable: today H:\phpStudy\WWW\peihuo\Application\Runtime\Cache\Home\f773b9f65af8d1264ea6cb518a921941.php 第 50 行.
NOTIC: [8] Undefined variable: categoryList H:\phpStudy\WWW\peihuo\Application\Runtime\Cache\Home\f773b9f65af8d1264ea6cb518a921941.php 第 136 行.
NOTIC: [8] Undefined variable: categoryList H:\phpStudy\WWW\peihuo\Application\Runtime\Cache\Home\f773b9f65af8d1264ea6cb518a921941.php 第 136 行.
NOTIC: [8] Undefined variable: categoryList H:\phpStudy\WWW\peihuo\Application\Runtime\Cache\Home\f773b9f65af8d1264ea6cb518a921941.php 第 183 行.
NOTIC: [8] Undefined variable: categoryList H:\phpStudy\WWW\peihuo\Application\Runtime\Cache\Home\f773b9f65af8d1264ea6cb518a921941.php 第 225 行.
NOTIC: [8] Undefined variable: categoryList H:\phpStudy\WWW\peihuo\Application\Runtime\Cache\Home\f773b9f65af8d1264ea6cb518a921941.php 第 266 行.
NOTIC: [8] Undefined variable: categoryList H:\phpStudy\WWW\peihuo\Application\Runtime\Cache\Home\f773b9f65af8d1264ea6cb518a921941.php 第 308 行.
INFO: Run Behavior\ParseTemplateBehavior [ RunTime:0.026002s ]
INFO: [ view_parse ] --END-- [ RunTime:0.026002s ]
INFO: [ view_filter ] --START--
INFO: Run Behavior\WriteHtmlCacheBehavior [ RunTime:0.000000s ]
INFO: [ view_filter ] --END-- [ RunTime:0.000000s ]
INFO: [ app_end ] --START--
INFO: Run Behavior\ShowPageTraceBehavior [ RunTime:0.000000s ]
INFO: [ app_end ] --END-- [ RunTime:0.001000s ]

[ 2017-09-14T00:14:30+08:00 ] ::1 /peihuo/index.php?c=order&a=edit&id=35
INFO: [ app_init ] --START--
INFO: Run Behavior\BuildLiteBehavior [ RunTime:0.000000s ]
INFO: [ app_init ] --END-- [ RunTime:0.000000s ]
INFO: [ app_begin ] --START--
INFO: Run Behavior\ReadHtmlCacheBehavior [ RunTime:0.000000s ]
INFO: [ app_begin ] --END-- [ RunTime:0.000000s ]
NOTIC: [2048] Declaration of Common\Model\OrderModel::find() should be compatible with Think\Model::find($options = Array) H:\phpStudy\WWW\peihuo\Application\Common\Model\OrderModel.class.php 第 10 行.
SQL: SHOW COLUMNS FROM `ph_order` [ RunTime:0.0230s ]
SQL: SELECT * FROM `ph_order` WHERE ( order_id=35 ) LIMIT 1   [ RunTime:0.0000s ]
NOTIC: [2048] Declaration of Common\Model\HotelModel::find() should be compatible with Think\Model::find($options = Array) H:\phpStudy\WWW\peihuo\Application\Common\Model\HotelModel.class.php 第 129 行.
SQL: SHOW COLUMNS FROM `ph_hotel` [ RunTime:0.0210s ]
SQL: SELECT * FROM `ph_hotel` WHERE `status` <> -1 ORDER BY hotel_id asc  [ RunTime:0.0000s ]
NOTIC: [2048] Declaration of Common\Model\DetailModel::find() should be compatible with Think\Model::find($options = Array) H:\phpStudy\WWW\peihuo\Application\Common\Model\DetailModel.class.php 第 144 行.
SQL: SHOW COLUMNS FROM `ph_detail` [ RunTime:0.0150s ]
SQL: SELECT * FROM `ph_detail` WHERE `depart_id` = 1 AND `order_id` = 35 AND `status` <> -1  [ RunTime:0.0000s ]
INFO: [ view_parse ] --START--
INFO: [ template_filter ] --START--
INFO: Run Behavior\ContentReplaceBehavior [ RunTime:0.001000s ]
INFO: [ template_filter ] --END-- [ RunTime:0.001000s ]
NOTIC: [8] Undefined variable: today H:\phpStudy\WWW\peihuo\Application\Runtime\Cache\Home\f773b9f65af8d1264ea6cb518a921941.php 第 50 行.
NOTIC: [8] Undefined variable: categoryList H:\phpStudy\WWW\peihuo\Application\Runtime\Cache\Home\f773b9f65af8d1264ea6cb518a921941.php 第 136 行.
NOTIC: [8] Undefined variable: categoryList H:\phpStudy\WWW\peihuo\Application\Runtime\Cache\Home\f773b9f65af8d1264ea6cb518a921941.php 第 136 行.
NOTIC: [8] Undefined variable: categoryList H:\phpStudy\WWW\peihuo\Application\Runtime\Cache\Home\f773b9f65af8d1264ea6cb518a921941.php 第 182 行.
NOTIC: [8] Undefined variable: categoryList H:\phpStudy\WWW\peihuo\Application\Runtime\Cache\Home\f773b9f65af8d1264ea6cb518a921941.php 第 224 行.
NOTIC: [8] Undefined variable: categoryList H:\phpStudy\WWW\peihuo\Application\Runtime\Cache\Home\f773b9f65af8d1264ea6cb518a921941.php 第 265 行.
NOTIC: [8] Undefined variable: categoryList H:\phpStudy\WWW\peihuo\Application\Runtime\Cache\Home\f773b9f65af8d1264ea6cb518a921941.php 第 307 行.
INFO: Run Behavior\ParseTemplateBehavior [ RunTime:0.030001s ]
INFO: [ view_parse ] --END-- [ RunTime:0.030001s ]
INFO: [ view_filter ] --START--
INFO: Run Behavior\WriteHtmlCacheBehavior [ RunTime:0.001000s ]
INFO: [ view_filter ] --END-- [ RunTime:0.001000s ]
INFO: [ app_end ] --START--
INFO: Run Behavior\ShowPageTraceBehavior [ RunTime:0.001000s ]
INFO: [ app_end ] --END-- [ RunTime:0.001000s ]

[ 2017-09-14T00:15:16+08:00 ] ::1 /peihuo/index.php?c=order&a=edit&id=35
INFO: [ app_init ] --START--
INFO: Run Behavior\BuildLiteBehavior [ RunTime:0.000000s ]
INFO: [ app_init ] --END-- [ RunTime:0.001000s ]
INFO: [ app_begin ] --START--
INFO: Run Behavior\ReadHtmlCacheBehavior [ RunTime:0.001000s ]
INFO: [ app_begin ] --END-- [ RunTime:0.001000s ]
NOTIC: [2048] Declaration of Common\Model\OrderModel::find() should be compatible with Think\Model::find($options = Array) H:\phpStudy\WWW\peihuo\Application\Common\Model\OrderModel.class.php 第 10 行.
SQL: SHOW COLUMNS FROM `ph_order` [ RunTime:0.0140s ]
SQL: SELECT * FROM `ph_order` WHERE ( order_id=35 ) LIMIT 1   [ RunTime:0.0010s ]
NOTIC: [2048] Declaration of Common\Model\HotelModel::find() should be compatible with Think\Model::find($options = Array) H:\phpStudy\WWW\peihuo\Application\Common\Model\HotelModel.class.php 第 129 行.
SQL: SHOW COLUMNS FROM `ph_hotel` [ RunTime:0.0150s ]
SQL: SELECT * FROM `ph_hotel` WHERE `status` <> -1 ORDER BY hotel_id asc  [ RunTime:0.0000s ]
NOTIC: [2048] Declaration of Common\Model\DetailModel::find() should be compatible with Think\Model::find($options = Array) H:\phpStudy\WWW\peihuo\Application\Common\Model\DetailModel.class.php 第 144 行.
SQL: SHOW COLUMNS FROM `ph_detail` [ RunTime:0.0070s ]
SQL: SELECT * FROM `ph_detail` WHERE `depart_id` = 1 AND `order_id` = 35 AND `status` <> -1  [ RunTime:0.0000s ]
INFO: [ view_parse ] --START--
INFO: [ template_filter ] --START--
INFO: Run Behavior\ContentReplaceBehavior [ RunTime:0.001000s ]
INFO: [ template_filter ] --END-- [ RunTime:0.001000s ]
NOTIC: [8] Undefined variable: today H:\phpStudy\WWW\peihuo\Application\Runtime\Cache\Home\f773b9f65af8d1264ea6cb518a921941.php 第 50 行.
NOTIC: [8] Undefined variable: categoryList H:\phpStudy\WWW\peihuo\Application\Runtime\Cache\Home\f773b9f65af8d1264ea6cb518a921941.php 第 136 行.
NOTIC: [8] Undefined variable: categoryList H:\phpStudy\WWW\peihuo\Application\Runtime\Cache\Home\f773b9f65af8d1264ea6cb518a921941.php 第 136 行.
NOTIC: [8] Undefined variable: categoryList H:\phpStudy\WWW\peihuo\Application\Runtime\Cache\Home\f773b9f65af8d1264ea6cb518a921941.php 第 182 行.
NOTIC: [8] Undefined variable: categoryList H:\phpStudy\WWW\peihuo\Application\Runtime\Cache\Home\f773b9f65af8d1264ea6cb518a921941.php 第 224 行.
NOTIC: [8] Undefined variable: categoryList H:\phpStudy\WWW\peihuo\Application\Runtime\Cache\Home\f773b9f65af8d1264ea6cb518a921941.php 第 265 行.
NOTIC: [8] Undefined variable: categoryList H:\phpStudy\WWW\peihuo\Application\Runtime\Cache\Home\f773b9f65af8d1264ea6cb518a921941.php 第 307 行.
INFO: Run Behavior\ParseTemplateBehavior [ RunTime:0.015000s ]
INFO: [ view_parse ] --END-- [ RunTime:0.015000s ]
INFO: [ view_filter ] --START--
INFO: Run Behavior\WriteHtmlCacheBehavior [ RunTime:0.001000s ]
INFO: [ view_filter ] --END-- [ RunTime:0.001000s ]
INFO: [ app_end ] --START--
INFO: Run Behavior\ShowPageTraceBehavior [ RunTime:0.000000s ]
INFO: [ app_end ] --END-- [ RunTime:0.000000s ]

[ 2017-09-14T00:16:21+08:00 ] ::1 /peihuo/index.php?c=order&a=edit&id=35
INFO: [ app_init ] --START--
INFO: Run Behavior\BuildLiteBehavior [ RunTime:0.000000s ]
INFO: [ app_init ] --END-- [ RunTime:0.000000s ]
INFO: [ app_begin ] --START--
INFO: Run Behavior\ReadHtmlCacheBehavior [ RunTime:0.000000s ]
INFO: [ app_begin ] --END-- [ RunTime:0.000000s ]
NOTIC: [2048] Declaration of Common\Model\OrderModel::find() should be compatible with Think\Model::find($options = Array) H:\phpStudy\WWW\peihuo\Application\Common\Model\OrderModel.class.php 第 10 行.
SQL: SHOW COLUMNS FROM `ph_order` [ RunTime:0.0130s ]
SQL: SELECT * FROM `ph_order` WHERE ( order_id=35 ) LIMIT 1   [ RunTime:0.0010s ]
NOTIC: [2048] Declaration of Common\Model\HotelModel::find() should be compatible with Think\Model::find($options = Array) H:\phpStudy\WWW\peihuo\Application\Common\Model\HotelModel.class.php 第 129 行.
SQL: SHOW COLUMNS FROM `ph_hotel` [ RunTime:0.0100s ]
SQL: SELECT * FROM `ph_hotel` WHERE `status` <> -1 ORDER BY hotel_id asc  [ RunTime:0.0010s ]
NOTIC: [2048] Declaration of Common\Model\DetailModel::find() should be compatible with Think\Model::find($options = Array) H:\phpStudy\WWW\peihuo\Application\Common\Model\DetailModel.class.php 第 144 行.
SQL: SHOW COLUMNS FROM `ph_detail` [ RunTime:0.0090s ]
SQL: SELECT * FROM `ph_detail` WHERE `depart_id` = 1 AND `order_id` = 35 AND `status` <> -1  [ RunTime:0.0000s ]
INFO: [ view_parse ] --START--
INFO: [ template_filter ] --START--
INFO: Run Behavior\ContentReplaceBehavior [ RunTime:0.000000s ]
INFO: [ template_filter ] --END-- [ RunTime:0.000000s ]
NOTIC: [8] Undefined variable: today H:\phpStudy\WWW\peihuo\Application\Runtime\Cache\Home\f773b9f65af8d1264ea6cb518a921941.php 第 50 行.
NOTIC: [8] Undefined variable: categoryList H:\phpStudy\WWW\peihuo\Application\Runtime\Cache\Home\f773b9f65af8d1264ea6cb518a921941.php 第 136 行.
NOTIC: [8] Undefined variable: categoryList H:\phpStudy\WWW\peihuo\Application\Runtime\Cache\Home\f773b9f65af8d1264ea6cb518a921941.php 第 136 行.
NOTIC: [8] Undefined variable: categoryList H:\phpStudy\WWW\peihuo\Application\Runtime\Cache\Home\f773b9f65af8d1264ea6cb518a921941.php 第 182 行.
NOTIC: [8] Undefined variable: categoryList H:\phpStudy\WWW\peihuo\Application\Runtime\Cache\Home\f773b9f65af8d1264ea6cb518a921941.php 第 224 行.
NOTIC: [8] Undefined variable: categoryList H:\phpStudy\WWW\peihuo\Application\Runtime\Cache\Home\f773b9f65af8d1264ea6cb518a921941.php 第 265 行.
NOTIC: [8] Undefined variable: categoryList H:\phpStudy\WWW\peihuo\Application\Runtime\Cache\Home\f773b9f65af8d1264ea6cb518a921941.php 第 307 行.
INFO: Run Behavior\ParseTemplateBehavior [ RunTime:0.018001s ]
INFO: [ view_parse ] --END-- [ RunTime:0.018001s ]
INFO: [ view_filter ] --START--
INFO: Run Behavior\WriteHtmlCacheBehavior [ RunTime:0.001000s ]
INFO: [ view_filter ] --END-- [ RunTime:0.001000s ]
INFO: [ app_end ] --START--
INFO: Run Behavior\ShowPageTraceBehavior [ RunTime:0.001000s ]
INFO: [ app_end ] --END-- [ RunTime:0.001000s ]

[ 2017-09-14T00:20:17+08:00 ] ::1 /peihuo/index.php?c=order&a=edit&id=35
INFO: [ app_init ] --START--
INFO: Run Behavior\BuildLiteBehavior [ RunTime:0.000000s ]
INFO: [ app_init ] --END-- [ RunTime:0.000000s ]
INFO: [ app_begin ] --START--
INFO: Run Behavior\ReadHtmlCacheBehavior [ RunTime:0.000000s ]
INFO: [ app_begin ] --END-- [ RunTime:0.000000s ]
NOTIC: [2048] Declaration of Common\Model\OrderModel::find() should be compatible with Think\Model::find($options = Array) H:\phpStudy\WWW\peihuo\Application\Common\Model\OrderModel.class.php 第 10 行.
SQL: SHOW COLUMNS FROM `ph_order` [ RunTime:0.0070s ]
SQL: SELECT * FROM `ph_order` WHERE ( order_id=35 ) LIMIT 1   [ RunTime:0.0010s ]
NOTIC: [2048] Declaration of Common\Model\HotelModel::find() should be compatible with Think\Model::find($options = Array) H:\phpStudy\WWW\peihuo\Application\Common\Model\HotelModel.class.php 第 129 行.
SQL: SHOW COLUMNS FROM `ph_hotel` [ RunTime:0.0060s ]
SQL: SELECT * FROM `ph_hotel` WHERE `status` <> -1 ORDER BY hotel_id asc  [ RunTime:0.0000s ]
NOTIC: [2048] Declaration of Common\Model\DetailModel::find() should be compatible with Think\Model::find($options = Array) H:\phpStudy\WWW\peihuo\Application\Common\Model\DetailModel.class.php 第 144 行.
SQL: SHOW COLUMNS FROM `ph_detail` [ RunTime:0.0080s ]
SQL: SELECT * FROM `ph_detail` WHERE `depart_id` = 1 AND `order_id` = 35 AND `status` <> -1  [ RunTime:0.0000s ]
INFO: [ view_parse ] --START--
INFO: [ template_filter ] --START--
INFO: Run Behavior\ContentReplaceBehavior [ RunTime:0.000000s ]
INFO: [ template_filter ] --END-- [ RunTime:0.000000s ]
NOTIC: [8] Undefined variable: today H:\phpStudy\WWW\peihuo\Application\Runtime\Cache\Home\f773b9f65af8d1264ea6cb518a921941.php 第 50 行.
NOTIC: [8] Undefined variable: categoryList H:\phpStudy\WWW\peihuo\Application\Runtime\Cache\Home\f773b9f65af8d1264ea6cb518a921941.php 第 136 行.
NOTIC: [8] Undefined variable: categoryList H:\phpStudy\WWW\peihuo\Application\Runtime\Cache\Home\f773b9f65af8d1264ea6cb518a921941.php 第 136 行.
NOTIC: [8] Undefined variable: categoryList H:\phpStudy\WWW\peihuo\Application\Runtime\Cache\Home\f773b9f65af8d1264ea6cb518a921941.php 第 224 行.
NOTIC: [8] Undefined variable: categoryList H:\phpStudy\WWW\peihuo\Application\Runtime\Cache\Home\f773b9f65af8d1264ea6cb518a921941.php 第 265 行.
NOTIC: [8] Undefined variable: categoryList H:\phpStudy\WWW\peihuo\Application\Runtime\Cache\Home\f773b9f65af8d1264ea6cb518a921941.php 第 307 行.
INFO: Run Behavior\ParseTemplateBehavior [ RunTime:0.016001s ]
INFO: [ view_parse ] --END-- [ RunTime:0.016001s ]
INFO: [ view_filter ] --START--
INFO: Run Behavior\WriteHtmlCacheBehavior [ RunTime:0.000000s ]
INFO: [ view_filter ] --END-- [ RunTime:0.000000s ]
INFO: [ app_end ] --START--
INFO: Run Behavior\ShowPageTraceBehavior [ RunTime:0.001000s ]
INFO: [ app_end ] --END-- [ RunTime:0.001000s ]

[ 2017-09-14T00:21:19+08:00 ] ::1 /peihuo/index.php?c=order&a=edit&id=35
INFO: [ app_init ] --START--
INFO: Run Behavior\BuildLiteBehavior [ RunTime:0.000000s ]
INFO: [ app_init ] --END-- [ RunTime:0.000000s ]
INFO: [ app_begin ] --START--
INFO: Run Behavior\ReadHtmlCacheBehavior [ RunTime:0.000000s ]
INFO: [ app_begin ] --END-- [ RunTime:0.000000s ]
NOTIC: [2048] Declaration of Common\Model\OrderModel::find() should be compatible with Think\Model::find($options = Array) H:\phpStudy\WWW\peihuo\Application\Common\Model\OrderModel.class.php 第 10 行.
SQL: SHOW COLUMNS FROM `ph_order` [ RunTime:0.0120s ]
SQL: SELECT * FROM `ph_order` WHERE ( order_id=35 ) LIMIT 1   [ RunTime:0.0000s ]
NOTIC: [2048] Declaration of Common\Model\HotelModel::find() should be compatible with Think\Model::find($options = Array) H:\phpStudy\WWW\peihuo\Application\Common\Model\HotelModel.class.php 第 129 行.
SQL: SHOW COLUMNS FROM `ph_hotel` [ RunTime:0.0130s ]
SQL: SELECT * FROM `ph_hotel` WHERE `status` <> -1 ORDER BY hotel_id asc  [ RunTime:0.0000s ]
NOTIC: [2048] Declaration of Common\Model\CategoryModel::find() should be compatible with Think\Model::find($options = Array) H:\phpStudy\WWW\peihuo\Application\Common\Model\CategoryModel.class.php 第 108 行.
SQL: SHOW COLUMNS FROM `ph_category` [ RunTime:0.0090s ]
SQL: SELECT * FROM `ph_category` WHERE `status` <> -1 ORDER BY category_id asc  [ RunTime:0.0000s ]
NOTIC: [2048] Declaration of Common\Model\DetailModel::find() should be compatible with Think\Model::find($options = Array) H:\phpStudy\WWW\peihuo\Application\Common\Model\DetailModel.class.php 第 144 行.
SQL: SHOW COLUMNS FROM `ph_detail` [ RunTime:0.0080s ]
SQL: SELECT * FROM `ph_detail` WHERE `depart_id` = 1 AND `order_id` = 35 AND `status` <> -1  [ RunTime:0.0000s ]
INFO: [ view_parse ] --START--
INFO: [ template_filter ] --START--
INFO: Run Behavior\ContentReplaceBehavior [ RunTime:0.000000s ]
INFO: [ template_filter ] --END-- [ RunTime:0.000000s ]
NOTIC: [8] Undefined variable: today H:\phpStudy\WWW\peihuo\Application\Runtime\Cache\Home\f773b9f65af8d1264ea6cb518a921941.php 第 50 行.
INFO: Run Behavior\ParseTemplateBehavior [ RunTime:0.027002s ]
INFO: [ view_parse ] --END-- [ RunTime:0.027002s ]
INFO: [ view_filter ] --START--
INFO: Run Behavior\WriteHtmlCacheBehavior [ RunTime:0.001000s ]
INFO: [ view_filter ] --END-- [ RunTime:0.001000s ]
INFO: [ app_end ] --START--
INFO: Run Behavior\ShowPageTraceBehavior [ RunTime:0.001000s ]
INFO: [ app_end ] --END-- [ RunTime:0.001000s ]

[ 2017-09-14T00:21:25+08:00 ] ::1 /peihuo/index.php?c=food&a=getFoodData
INFO: [ app_init ] --START--
INFO: Run Behavior\BuildLiteBehavior [ RunTime:0.000000s ]
INFO: [ app_init ] --END-- [ RunTime:0.000000s ]
INFO: [ app_begin ] --START--
INFO: Run Behavior\ReadHtmlCacheBehavior [ RunTime:0.001001s ]
INFO: [ app_begin ] --END-- [ RunTime:0.001001s ]
NOTIC: [2048] Declaration of Common\Model\FoodModel::find() should be compatible with Think\Model::find($options = Array) H:\phpStudy\WWW\peihuo\Application\Common\Model\FoodModel.class.php 第 10 行.
SQL: SHOW COLUMNS FROM `ph_food` [ RunTime:0.0150s ]
SQL: SELECT * FROM `ph_food` WHERE `status` = 1 AND `category_id` = 1 ORDER BY food_id asc  [ RunTime:0.0000s ]

[ 2017-09-14T00:21:33+08:00 ] ::1 /peihuo/index.php?c=food&a=getFoodData
INFO: [ app_init ] --START--
INFO: Run Behavior\BuildLiteBehavior [ RunTime:0.000000s ]
INFO: [ app_init ] --END-- [ RunTime:0.001000s ]
INFO: [ app_begin ] --START--
INFO: Run Behavior\ReadHtmlCacheBehavior [ RunTime:0.001000s ]
INFO: [ app_begin ] --END-- [ RunTime:0.001000s ]
NOTIC: [2048] Declaration of Common\Model\FoodModel::find() should be compatible with Think\Model::find($options = Array) H:\phpStudy\WWW\peihuo\Application\Common\Model\FoodModel.class.php 第 10 行.
SQL: SHOW COLUMNS FROM `ph_food` [ RunTime:0.0150s ]
SQL: SELECT * FROM `ph_food` WHERE `status` = 1 AND `category_id` = 2 ORDER BY food_id asc  [ RunTime:0.0000s ]

[ 2017-09-14T00:23:00+08:00 ] ::1 /peihuo/index.php?c=order&a=edit&id=35
INFO: [ app_init ] --START--
INFO: Run Behavior\BuildLiteBehavior [ RunTime:0.000000s ]
INFO: [ app_init ] --END-- [ RunTime:0.001000s ]
INFO: [ app_begin ] --START--
INFO: Run Behavior\ReadHtmlCacheBehavior [ RunTime:0.001000s ]
INFO: [ app_begin ] --END-- [ RunTime:0.001000s ]
NOTIC: [2048] Declaration of Common\Model\OrderModel::find() should be compatible with Think\Model::find($options = Array) H:\phpStudy\WWW\peihuo\Application\Common\Model\OrderModel.class.php 第 10 行.
SQL: SHOW COLUMNS FROM `ph_order` [ RunTime:0.0170s ]
SQL: SELECT * FROM `ph_order` WHERE ( order_id=35 ) LIMIT 1   [ RunTime:0.0010s ]
NOTIC: [2048] Declaration of Common\Model\HotelModel::find() should be compatible with Think\Model::find($options = Array) H:\phpStudy\WWW\peihuo\Application\Common\Model\HotelModel.class.php 第 129 行.
SQL: SHOW COLUMNS FROM `ph_hotel` [ RunTime:0.0170s ]
SQL: SELECT * FROM `ph_hotel` WHERE `status` <> -1 ORDER BY hotel_id asc  [ RunTime:0.0010s ]
NOTIC: [2048] Declaration of Common\Model\CategoryModel::find() should be compatible with Think\Model::find($options = Array) H:\phpStudy\WWW\peihuo\Application\Common\Model\CategoryModel.class.php 第 108 行.
SQL: SHOW COLUMNS FROM `ph_category` [ RunTime:0.0150s ]
SQL: SELECT * FROM `ph_category` WHERE `status` <> -1 ORDER BY category_id asc  [ RunTime:0.0000s ]
NOTIC: [2048] Declaration of Common\Model\FoodModel::find() should be compatible with Think\Model::find($options = Array) H:\phpStudy\WWW\peihuo\Application\Common\Model\FoodModel.class.php 第 134 行.
SQL: SHOW COLUMNS FROM `ph_food` [ RunTime:0.0160s ]
SQL: SELECT * FROM `ph_food` WHERE `status` <> -1 ORDER BY food_id desc  [ RunTime:0.0010s ]
NOTIC: [2048] Declaration of Common\Model\DetailModel::find() should be compatible with Think\Model::find($options = Array) H:\phpStudy\WWW\peihuo\Application\Common\Model\DetailModel.class.php 第 144 行.
SQL: SHOW COLUMNS FROM `ph_detail` [ RunTime:0.0070s ]
SQL: SELECT * FROM `ph_detail` WHERE `depart_id` = 1 AND `order_id` = 35 AND `status` <> -1  [ RunTime:0.0000s ]
INFO: [ view_parse ] --START--
INFO: [ template_filter ] --START--
INFO: Run Behavior\ContentReplaceBehavior [ RunTime:0.000000s ]
INFO: [ template_filter ] --END-- [ RunTime:0.000000s ]
NOTIC: [8] Undefined variable: today H:\phpStudy\WWW\peihuo\Application\Runtime\Cache\Home\f773b9f65af8d1264ea6cb518a921941.php 第 50 行.
INFO: Run Behavior\ParseTemplateBehavior [ RunTime:0.014001s ]
INFO: [ view_parse ] --END-- [ RunTime:0.014001s ]
INFO: [ view_filter ] --START--
INFO: Run Behavior\WriteHtmlCacheBehavior [ RunTime:0.001000s ]
INFO: [ view_filter ] --END-- [ RunTime:0.001000s ]
INFO: [ app_end ] --START--
INFO: Run Behavior\ShowPageTraceBehavior [ RunTime:0.000000s ]
INFO: [ app_end ] --END-- [ RunTime:0.000000s ]

[ 2017-09-14T00:24:40+08:00 ] ::1 /peihuo/index.php?c=order&a=edit&id=35
INFO: [ app_init ] --START--
INFO: Run Behavior\BuildLiteBehavior [ RunTime:0.000000s ]
INFO: [ app_init ] --END-- [ RunTime:0.000000s ]
INFO: [ app_begin ] --START--
INFO: Run Behavior\ReadHtmlCacheBehavior [ RunTime:0.001000s ]
INFO: [ app_begin ] --END-- [ RunTime:0.001000s ]
NOTIC: [2048] Declaration of Common\Model\OrderModel::find() should be compatible with Think\Model::find($options = Array) H:\phpStudy\WWW\peihuo\Application\Common\Model\OrderModel.class.php 第 10 行.
SQL: SHOW COLUMNS FROM `ph_order` [ RunTime:0.0240s ]
SQL: SELECT * FROM `ph_order` WHERE ( order_id=35 ) LIMIT 1   [ RunTime:0.0000s ]
NOTIC: [2048] Declaration of Common\Model\HotelModel::find() should be compatible with Think\Model::find($options = Array) H:\phpStudy\WWW\peihuo\Application\Common\Model\HotelModel.class.php 第 129 行.
SQL: SHOW COLUMNS FROM `ph_hotel` [ RunTime:0.0220s ]
SQL: SELECT * FROM `ph_hotel` WHERE `status` <> -1 ORDER BY hotel_id asc  [ RunTime:0.0010s ]
NOTIC: [2048] Declaration of Common\Model\CategoryModel::find() should be compatible with Think\Model::find($options = Array) H:\phpStudy\WWW\peihuo\Application\Common\Model\CategoryModel.class.php 第 108 行.
SQL: SHOW COLUMNS FROM `ph_category` [ RunTime:0.0170s ]
SQL: SELECT * FROM `ph_category` WHERE `status` <> -1 ORDER BY category_id asc  [ RunTime:0.0000s ]
NOTIC: [2048] Declaration of Common\Model\FoodModel::find() should be compatible with Think\Model::find($options = Array) H:\phpStudy\WWW\peihuo\Application\Common\Model\FoodModel.class.php 第 134 行.
SQL: SHOW COLUMNS FROM `ph_food` [ RunTime:0.0120s ]
SQL: SELECT * FROM `ph_food` WHERE `status` <> -1 ORDER BY food_id desc  [ RunTime:0.0000s ]
NOTIC: [2048] Declaration of Common\Model\DetailModel::find() should be compatible with Think\Model::find($options = Array) H:\phpStudy\WWW\peihuo\Application\Common\Model\DetailModel.class.php 第 144 行.
SQL: SHOW COLUMNS FROM `ph_detail` [ RunTime:0.0120s ]
SQL: SELECT * FROM `ph_detail` WHERE `depart_id` = 1 AND `order_id` = 35 AND `status` <> -1  [ RunTime:0.0000s ]
INFO: [ view_parse ] --START--
INFO: [ template_filter ] --START--
INFO: Run Behavior\ContentReplaceBehavior [ RunTime:0.000000s ]
INFO: [ template_filter ] --END-- [ RunTime:0.000000s ]
NOTIC: [8] Undefined variable: today H:\phpStudy\WWW\peihuo\Application\Runtime\Cache\Home\f773b9f65af8d1264ea6cb518a921941.php 第 50 行.
INFO: Run Behavior\ParseTemplateBehavior [ RunTime:0.018001s ]
INFO: [ view_parse ] --END-- [ RunTime:0.018001s ]
INFO: [ view_filter ] --START--
INFO: Run Behavior\WriteHtmlCacheBehavior [ RunTime:0.001000s ]
INFO: [ view_filter ] --END-- [ RunTime:0.001000s ]
INFO: [ app_end ] --START--
INFO: Run Behavior\ShowPageTraceBehavior [ RunTime:0.000000s ]
INFO: [ app_end ] --END-- [ RunTime:0.000000s ]

