[ 2017-09-12T00:24:58+08:00 ] ::1 /peihuo/index.php?c=order&a=add
INFO: [ app_init ] --START--
INFO: Run Behavior\BuildLiteBehavior [ RunTime:0.000000s ]
INFO: [ app_init ] --END-- [ RunTime:0.001000s ]
INFO: [ app_begin ] --START--
INFO: Run Behavior\ReadHtmlCacheBehavior [ RunTime:0.001000s ]
INFO: [ app_begin ] --END-- [ RunTime:0.001000s ]
NOTIC: [2048] Declaration of Common\Model\HotelModel::find() should be compatible with Think\Model::find($options = Array) H:\phpStudy\WWW\peihuo\Application\Common\Model\HotelModel.class.php 第 10 行.
SQL: SHOW COLUMNS FROM `ph_hotel` [ RunTime:0.0140s ]
SQL: SELECT * FROM `ph_hotel` WHERE `status` <> -1 ORDER BY hotel_id desc  [ RunTime:0.0000s ]
NOTIC: [2048] Declaration of Common\Model\CategoryModel::find() should be compatible with Think\Model::find($options = Array) H:\phpStudy\WWW\peihuo\Application\Common\Model\CategoryModel.class.php 第 102 行.
SQL: SHOW COLUMNS FROM `ph_category` [ RunTime:0.0110s ]
SQL: SELECT * FROM `ph_category` WHERE `status` <> -1 ORDER BY category_id asc  [ RunTime:0.0010s ]
INFO: [ view_parse ] --START--
INFO: [ template_filter ] --START--
INFO: Run Behavior\ContentReplaceBehavior [ RunTime:0.000000s ]
INFO: [ template_filter ] --END-- [ RunTime:0.001000s ]
NOTIC: [8] Undefined variable: today H:\phpStudy\WWW\peihuo\Application\Runtime\Cache\Home\585339be4d132c0afead7245d660e331.php 第 46 行.
INFO: Run Behavior\ParseTemplateBehavior [ RunTime:0.024002s ]
INFO: [ view_parse ] --END-- [ RunTime:0.024002s ]
INFO: [ view_filter ] --START--
INFO: Run Behavior\WriteHtmlCacheBehavior [ RunTime:0.000000s ]
INFO: [ view_filter ] --END-- [ RunTime:0.000000s ]
INFO: [ app_end ] --START--
INFO: Run Behavior\ShowPageTraceBehavior [ RunTime:0.001000s ]
INFO: [ app_end ] --END-- [ RunTime:0.001000s ]

[ 2017-09-12T00:25:35+08:00 ] ::1 /peihuo/index.php?c=order&a=add
INFO: [ app_init ] --START--
INFO: Run Behavior\BuildLiteBehavior [ RunTime:0.000000s ]
INFO: [ app_init ] --END-- [ RunTime:0.000000s ]
INFO: [ app_begin ] --START--
INFO: Run Behavior\ReadHtmlCacheBehavior [ RunTime:0.000000s ]
INFO: [ app_begin ] --END-- [ RunTime:0.001000s ]
NOTIC: [2048] Declaration of Common\Model\HotelModel::find() should be compatible with Think\Model::find($options = Array) H:\phpStudy\WWW\peihuo\Application\Common\Model\HotelModel.class.php 第 10 行.
SQL: SHOW COLUMNS FROM `ph_hotel` [ RunTime:0.0140s ]
SQL: SELECT * FROM `ph_hotel` WHERE `status` <> -1 ORDER BY hotel_id desc  [ RunTime:0.0000s ]
NOTIC: [2048] Declaration of Common\Model\CategoryModel::find() should be compatible with Think\Model::find($options = Array) H:\phpStudy\WWW\peihuo\Application\Common\Model\CategoryModel.class.php 第 102 行.
SQL: SHOW COLUMNS FROM `ph_category` [ RunTime:0.0110s ]
SQL: SELECT * FROM `ph_category` WHERE `status` <> -1 ORDER BY category_id asc  [ RunTime:0.0000s ]
INFO: [ view_parse ] --START--
INFO: [ template_filter ] --START--
INFO: Run Behavior\ContentReplaceBehavior [ RunTime:0.000000s ]
INFO: [ template_filter ] --END-- [ RunTime:0.000000s ]
NOTIC: [8] Undefined variable: today H:\phpStudy\WWW\peihuo\Application\Runtime\Cache\Home\585339be4d132c0afead7245d660e331.php 第 46 行.
INFO: Run Behavior\ParseTemplateBehavior [ RunTime:0.013001s ]
INFO: [ view_parse ] --END-- [ RunTime:0.013001s ]
INFO: [ view_filter ] --START--
INFO: Run Behavior\WriteHtmlCacheBehavior [ RunTime:0.000000s ]
INFO: [ view_filter ] --END-- [ RunTime:0.000000s ]
INFO: [ app_end ] --START--
INFO: Run Behavior\ShowPageTraceBehavior [ RunTime:0.001000s ]
INFO: [ app_end ] --END-- [ RunTime:0.001000s ]

[ 2017-09-12T00:25:52+08:00 ] ::1 /peihuo/index.php?c=food&a=getFoodData
INFO: [ app_init ] --START--
INFO: Run Behavior\BuildLiteBehavior [ RunTime:0.000000s ]
INFO: [ app_init ] --END-- [ RunTime:0.001000s ]
INFO: [ app_begin ] --START--
INFO: Run Behavior\ReadHtmlCacheBehavior [ RunTime:0.001000s ]
INFO: [ app_begin ] --END-- [ RunTime:0.001000s ]
NOTIC: [2048] Declaration of Common\Model\FoodModel::find() should be compatible with Think\Model::find($options = Array) H:\phpStudy\WWW\peihuo\Application\Common\Model\FoodModel.class.php 第 10 行.
SQL: SHOW COLUMNS FROM `ph_food` [ RunTime:0.0150s ]
SQL: SELECT * FROM `ph_food` WHERE `status` = 1 AND `category_id` = 1 ORDER BY food_id asc  [ RunTime:0.0000s ]

[ 2017-09-12T00:29:08+08:00 ] ::1 /peihuo/index.php?c=order&a=add
INFO: [ app_init ] --START--
INFO: Run Behavior\BuildLiteBehavior [ RunTime:0.000000s ]
INFO: [ app_init ] --END-- [ RunTime:0.001000s ]
INFO: [ app_begin ] --START--
INFO: Run Behavior\ReadHtmlCacheBehavior [ RunTime:0.000000s ]
INFO: [ app_begin ] --END-- [ RunTime:0.001000s ]
NOTIC: [2048] Declaration of Common\Model\HotelModel::find() should be compatible with Think\Model::find($options = Array) H:\phpStudy\WWW\peihuo\Application\Common\Model\HotelModel.class.php 第 10 行.
SQL: SHOW COLUMNS FROM `ph_hotel` [ RunTime:0.0080s ]
SQL: SELECT * FROM `ph_hotel` WHERE `status` <> -1 ORDER BY hotel_id desc  [ RunTime:0.0000s ]
NOTIC: [2048] Declaration of Common\Model\CategoryModel::find() should be compatible with Think\Model::find($options = Array) H:\phpStudy\WWW\peihuo\Application\Common\Model\CategoryModel.class.php 第 102 行.
SQL: SHOW COLUMNS FROM `ph_category` [ RunTime:0.0070s ]
SQL: SELECT * FROM `ph_category` WHERE `status` <> -1 ORDER BY category_id asc  [ RunTime:0.0010s ]
INFO: [ view_parse ] --START--
INFO: [ template_filter ] --START--
INFO: Run Behavior\ContentReplaceBehavior [ RunTime:0.000000s ]
INFO: [ template_filter ] --END-- [ RunTime:0.000000s ]
NOTIC: [8] Undefined variable: today H:\phpStudy\WWW\peihuo\Application\Runtime\Cache\Home\585339be4d132c0afead7245d660e331.php 第 46 行.
INFO: Run Behavior\ParseTemplateBehavior [ RunTime:0.014001s ]
INFO: [ view_parse ] --END-- [ RunTime:0.014001s ]
INFO: [ view_filter ] --START--
INFO: Run Behavior\WriteHtmlCacheBehavior [ RunTime:0.001000s ]
INFO: [ view_filter ] --END-- [ RunTime:0.001000s ]
INFO: [ app_end ] --START--
INFO: Run Behavior\ShowPageTraceBehavior [ RunTime:0.001000s ]
INFO: [ app_end ] --END-- [ RunTime:0.001000s ]

[ 2017-09-12T00:29:40+08:00 ] ::1 /peihuo/index.php?c=order&a=add
INFO: [ app_init ] --START--
INFO: Run Behavior\BuildLiteBehavior [ RunTime:0.000000s ]
INFO: [ app_init ] --END-- [ RunTime:0.000000s ]
INFO: [ app_begin ] --START--
INFO: Run Behavior\ReadHtmlCacheBehavior [ RunTime:0.001000s ]
INFO: [ app_begin ] --END-- [ RunTime:0.001000s ]
NOTIC: [2048] Declaration of Common\Model\HotelModel::find() should be compatible with Think\Model::find($options = Array) H:\phpStudy\WWW\peihuo\Application\Common\Model\HotelModel.class.php 第 10 行.
SQL: SHOW COLUMNS FROM `ph_hotel` [ RunTime:0.0140s ]
SQL: SELECT * FROM `ph_hotel` WHERE `status` <> -1 ORDER BY hotel_id desc  [ RunTime:0.0000s ]
NOTIC: [2048] Declaration of Common\Model\CategoryModel::find() should be compatible with Think\Model::find($options = Array) H:\phpStudy\WWW\peihuo\Application\Common\Model\CategoryModel.class.php 第 102 行.
SQL: SHOW COLUMNS FROM `ph_category` [ RunTime:0.0070s ]
SQL: SELECT * FROM `ph_category` WHERE `status` <> -1 ORDER BY category_id asc  [ RunTime:0.0000s ]
INFO: [ view_parse ] --START--
INFO: [ template_filter ] --START--
INFO: Run Behavior\ContentReplaceBehavior [ RunTime:0.000000s ]
INFO: [ template_filter ] --END-- [ RunTime:0.000000s ]
NOTIC: [8] Undefined variable: today H:\phpStudy\WWW\peihuo\Application\Runtime\Cache\Home\585339be4d132c0afead7245d660e331.php 第 46 行.
INFO: Run Behavior\ParseTemplateBehavior [ RunTime:0.012000s ]
INFO: [ view_parse ] --END-- [ RunTime:0.012000s ]
INFO: [ view_filter ] --START--
INFO: Run Behavior\WriteHtmlCacheBehavior [ RunTime:0.000000s ]
INFO: [ view_filter ] --END-- [ RunTime:0.000000s ]
INFO: [ app_end ] --START--
INFO: Run Behavior\ShowPageTraceBehavior [ RunTime:0.001000s ]
INFO: [ app_end ] --END-- [ RunTime:0.001000s ]

[ 2017-09-12T00:30:48+08:00 ] ::1 /peihuo/index.php?c=food&a=getFoodData
INFO: [ app_init ] --START--
INFO: Run Behavior\BuildLiteBehavior [ RunTime:0.000000s ]
INFO: [ app_init ] --END-- [ RunTime:0.000000s ]
INFO: [ app_begin ] --START--
INFO: Run Behavior\ReadHtmlCacheBehavior [ RunTime:0.000000s ]
INFO: [ app_begin ] --END-- [ RunTime:0.000000s ]
NOTIC: [2048] Declaration of Common\Model\FoodModel::find() should be compatible with Think\Model::find($options = Array) H:\phpStudy\WWW\peihuo\Application\Common\Model\FoodModel.class.php 第 10 行.
SQL: SHOW COLUMNS FROM `ph_food` [ RunTime:0.0070s ]
SQL: SELECT * FROM `ph_food` WHERE `status` = 1 AND `category_id` = 1 ORDER BY food_id asc  [ RunTime:0.0000s ]

[ 2017-09-12T00:31:06+08:00 ] ::1 /peihuo/index.php?c=food&a=getFoodData
INFO: [ app_init ] --START--
INFO: Run Behavior\BuildLiteBehavior [ RunTime:0.000000s ]
INFO: [ app_init ] --END-- [ RunTime:0.000000s ]
INFO: [ app_begin ] --START--
INFO: Run Behavior\ReadHtmlCacheBehavior [ RunTime:0.001000s ]
INFO: [ app_begin ] --END-- [ RunTime:0.001000s ]
NOTIC: [2048] Declaration of Common\Model\FoodModel::find() should be compatible with Think\Model::find($options = Array) H:\phpStudy\WWW\peihuo\Application\Common\Model\FoodModel.class.php 第 10 行.
SQL: SHOW COLUMNS FROM `ph_food` [ RunTime:0.0120s ]
SQL: SELECT * FROM `ph_food` WHERE `status` = 1 AND `category_id` = 1 ORDER BY food_id asc  [ RunTime:0.0010s ]

