[ 2017-09-15T00:00:32+08:00 ] ::1 /peihuo/index.php?c=order&a=check&id=35
INFO: [ app_init ] --START--
INFO: Run Behavior\BuildLiteBehavior [ RunTime:0.000000s ]
INFO: [ app_init ] --END-- [ RunTime:0.001000s ]
INFO: [ app_begin ] --START--
INFO: Run Behavior\ReadHtmlCacheBehavior [ RunTime:0.001000s ]
INFO: [ app_begin ] --END-- [ RunTime:0.001000s ]
NOTIC: [2048] Declaration of Common\Model\OrderModel::find() should be compatible with Think\Model::find($options = Array) H:\phpStudy\WWW\peihuo\Application\Common\Model\OrderModel.class.php 第 10 行.
SQL: SHOW COLUMNS FROM `ph_order` [ RunTime:0.0130s ]
SQL: SELECT * FROM `ph_order` WHERE ( order_id=35 ) LIMIT 1   [ RunTime:0.0000s ]
NOTIC: [2048] Declaration of Common\Model\CountModel::find() should be compatible with Think\Model::find($options = Array) H:\phpStudy\WWW\peihuo\Application\Common\Model\CountModel.class.php 第 170 行.
SQL: SHOW COLUMNS FROM `ph_count` [ RunTime:0.0120s ]
SQL: SELECT `food_name`,SUM(depart_number_1) AS total1,SUM(depart_number_2) AS total2,SUM(depart_number_3) AS total3,SUM(depart_number_4) AS total4,SUM(depart_number_5) AS total5,SUM(order_number) AS total FROM `ph_count` WHERE `status` <> -1 GROUP BY food_name ORDER BY count_id asc  [ RunTime:0.0010s ]
INFO: [ view_parse ] --START--
INFO: [ template_filter ] --START--
INFO: Run Behavior\ContentReplaceBehavior [ RunTime:0.000000s ]
INFO: [ template_filter ] --END-- [ RunTime:0.000000s ]
INFO: Run Behavior\ParseTemplateBehavior [ RunTime:0.026002s ]
INFO: [ view_parse ] --END-- [ RunTime:0.026002s ]
INFO: [ view_filter ] --START--
INFO: Run Behavior\WriteHtmlCacheBehavior [ RunTime:0.001000s ]
INFO: [ view_filter ] --END-- [ RunTime:0.001000s ]
INFO: [ app_end ] --START--
INFO: Run Behavior\ShowPageTraceBehavior [ RunTime:0.001000s ]
INFO: [ app_end ] --END-- [ RunTime:0.001000s ]

[ 2017-09-15T00:01:20+08:00 ] ::1 /peihuo/index.php?c=order&a=check&id=35
INFO: [ app_init ] --START--
INFO: Run Behavior\BuildLiteBehavior [ RunTime:0.000000s ]
INFO: [ app_init ] --END-- [ RunTime:0.000000s ]
INFO: [ app_begin ] --START--
INFO: Run Behavior\ReadHtmlCacheBehavior [ RunTime:0.001000s ]
INFO: [ app_begin ] --END-- [ RunTime:0.001000s ]
NOTIC: [2048] Declaration of Common\Model\OrderModel::find() should be compatible with Think\Model::find($options = Array) H:\phpStudy\WWW\peihuo\Application\Common\Model\OrderModel.class.php 第 10 行.
SQL: SHOW COLUMNS FROM `ph_order` [ RunTime:0.0130s ]
SQL: SELECT * FROM `ph_order` WHERE ( order_id=35 ) LIMIT 1   [ RunTime:0.0000s ]
NOTIC: [2048] Declaration of Common\Model\CountModel::find() should be compatible with Think\Model::find($options = Array) H:\phpStudy\WWW\peihuo\Application\Common\Model\CountModel.class.php 第 170 行.
SQL: SHOW COLUMNS FROM `ph_count` [ RunTime:0.0130s ]
SQL: SELECT `food_name`,SUM(depart_number_1) AS total1,SUM(depart_number_2) AS total2,SUM(depart_number_3) AS total3,SUM(depart_number_4) AS total4,SUM(depart_number_5) AS total5,SUM(order_number) AS total FROM `ph_count` WHERE `status` <> -1 GROUP BY food_name ORDER BY count_id asc  [ RunTime:0.0020s ]
INFO: [ view_parse ] --START--
INFO: [ template_filter ] --START--
INFO: Run Behavior\ContentReplaceBehavior [ RunTime:0.000000s ]
INFO: [ template_filter ] --END-- [ RunTime:0.000000s ]
INFO: Run Behavior\ParseTemplateBehavior [ RunTime:0.014001s ]
INFO: [ view_parse ] --END-- [ RunTime:0.015001s ]
INFO: [ view_filter ] --START--
INFO: Run Behavior\WriteHtmlCacheBehavior [ RunTime:0.000000s ]
INFO: [ view_filter ] --END-- [ RunTime:0.000000s ]
INFO: [ app_end ] --START--
INFO: Run Behavior\ShowPageTraceBehavior [ RunTime:0.001000s ]
INFO: [ app_end ] --END-- [ RunTime:0.001000s ]

[ 2017-09-15T00:03:42+08:00 ] ::1 /peihuo/index.php?c=order&a=check&id=35
INFO: [ app_init ] --START--
INFO: Run Behavior\BuildLiteBehavior [ RunTime:0.000000s ]
INFO: [ app_init ] --END-- [ RunTime:0.001000s ]
INFO: [ app_begin ] --START--
INFO: Run Behavior\ReadHtmlCacheBehavior [ RunTime:0.001000s ]
INFO: [ app_begin ] --END-- [ RunTime:0.001000s ]
NOTIC: [2048] Declaration of Common\Model\OrderModel::find() should be compatible with Think\Model::find($options = Array) H:\phpStudy\WWW\peihuo\Application\Common\Model\OrderModel.class.php 第 10 行.
SQL: SHOW COLUMNS FROM `ph_order` [ RunTime:0.0120s ]
SQL: SELECT * FROM `ph_order` WHERE ( order_id=35 ) LIMIT 1   [ RunTime:0.0000s ]
NOTIC: [2048] Declaration of Common\Model\CountModel::find() should be compatible with Think\Model::find($options = Array) H:\phpStudy\WWW\peihuo\Application\Common\Model\CountModel.class.php 第 170 行.
SQL: SHOW COLUMNS FROM `ph_count` [ RunTime:0.0120s ]
SQL: SELECT `food_name`,SUM(depart_number_1) AS total1,SUM(depart_number_2) AS total2,SUM(depart_number_3) AS total3,SUM(depart_number_4) AS total4,SUM(depart_number_5) AS total5,SUM(order_number) AS total FROM `ph_count` WHERE `status` <> -1 GROUP BY food_name ORDER BY count_id asc  [ RunTime:0.0010s ]
INFO: [ view_parse ] --START--
INFO: [ template_filter ] --START--
INFO: Run Behavior\ContentReplaceBehavior [ RunTime:0.000000s ]
INFO: [ template_filter ] --END-- [ RunTime:0.000000s ]
INFO: Run Behavior\ParseTemplateBehavior [ RunTime:0.009000s ]
INFO: [ view_parse ] --END-- [ RunTime:0.009000s ]
INFO: [ view_filter ] --START--
INFO: Run Behavior\WriteHtmlCacheBehavior [ RunTime:0.000000s ]
INFO: [ view_filter ] --END-- [ RunTime:0.000000s ]
INFO: [ app_end ] --START--
INFO: Run Behavior\ShowPageTraceBehavior [ RunTime:0.001000s ]
INFO: [ app_end ] --END-- [ RunTime:0.001000s ]

[ 2017-09-15T00:05:51+08:00 ] ::1 /peihuo/index.php?c=order&a=check&id=35
INFO: [ app_init ] --START--
INFO: Run Behavior\BuildLiteBehavior [ RunTime:0.000000s ]
INFO: [ app_init ] --END-- [ RunTime:0.001000s ]
INFO: [ app_begin ] --START--
INFO: Run Behavior\ReadHtmlCacheBehavior [ RunTime:0.001000s ]
INFO: [ app_begin ] --END-- [ RunTime:0.001000s ]
NOTIC: [2048] Declaration of Common\Model\OrderModel::find() should be compatible with Think\Model::find($options = Array) H:\phpStudy\WWW\peihuo\Application\Common\Model\OrderModel.class.php 第 10 行.
SQL: SHOW COLUMNS FROM `ph_order` [ RunTime:0.0110s ]
SQL: SELECT * FROM `ph_order` WHERE ( order_id=35 ) LIMIT 1   [ RunTime:0.0000s ]
NOTIC: [2048] Declaration of Common\Model\CountModel::find() should be compatible with Think\Model::find($options = Array) H:\phpStudy\WWW\peihuo\Application\Common\Model\CountModel.class.php 第 170 行.
SQL: SHOW COLUMNS FROM `ph_count` [ RunTime:0.0110s ]
SQL: SELECT `food_name`,SUM(depart_number_1) AS total1,SUM(depart_number_2) AS total2,SUM(depart_number_3) AS total3,SUM(depart_number_4) AS total4,SUM(depart_number_5) AS total5,SUM(order_number) AS total FROM `ph_count` WHERE `status` <> -1 GROUP BY food_name ORDER BY count_id asc  [ RunTime:0.0010s ]
INFO: [ view_parse ] --START--
INFO: [ template_filter ] --START--
INFO: Run Behavior\ContentReplaceBehavior [ RunTime:0.000000s ]
INFO: [ template_filter ] --END-- [ RunTime:0.000000s ]
INFO: Run Behavior\ParseTemplateBehavior [ RunTime:0.012000s ]
INFO: [ view_parse ] --END-- [ RunTime:0.012000s ]
INFO: [ view_filter ] --START--
INFO: Run Behavior\WriteHtmlCacheBehavior [ RunTime:0.000000s ]
INFO: [ view_filter ] --END-- [ RunTime:0.000000s ]
INFO: [ app_end ] --START--
INFO: Run Behavior\ShowPageTraceBehavior [ RunTime:0.000000s ]
INFO: [ app_end ] --END-- [ RunTime:0.000000s ]

[ 2017-09-15T00:07:59+08:00 ] ::1 /peihuo/index.php?c=order&a=check&id=35
INFO: [ app_init ] --START--
INFO: Run Behavior\BuildLiteBehavior [ RunTime:0.000000s ]
INFO: [ app_init ] --END-- [ RunTime:0.001000s ]
INFO: [ app_begin ] --START--
INFO: Run Behavior\ReadHtmlCacheBehavior [ RunTime:0.001000s ]
INFO: [ app_begin ] --END-- [ RunTime:0.001000s ]
NOTIC: [2048] Declaration of Common\Model\OrderModel::find() should be compatible with Think\Model::find($options = Array) H:\phpStudy\WWW\peihuo\Application\Common\Model\OrderModel.class.php 第 10 行.
SQL: SHOW COLUMNS FROM `ph_order` [ RunTime:0.0120s ]
SQL: SELECT * FROM `ph_order` WHERE ( order_id=35 ) LIMIT 1   [ RunTime:0.0010s ]
NOTIC: [2048] Declaration of Common\Model\CountModel::find() should be compatible with Think\Model::find($options = Array) H:\phpStudy\WWW\peihuo\Application\Common\Model\CountModel.class.php 第 170 行.
SQL: SHOW COLUMNS FROM `ph_count` [ RunTime:0.0120s ]
SQL: SELECT `food_name`,SUM(depart_number_1) AS total1,SUM(depart_number_2) AS total2,SUM(depart_number_3) AS total3,SUM(depart_number_4) AS total4,SUM(depart_number_5) AS total5,SUM(order_number) AS total FROM `ph_count` WHERE `status` <> -1 GROUP BY food_name ORDER BY count_id asc  [ RunTime:0.0010s ]
INFO: [ view_parse ] --START--
INFO: [ template_filter ] --START--
INFO: Run Behavior\ContentReplaceBehavior [ RunTime:0.000000s ]
INFO: [ template_filter ] --END-- [ RunTime:0.000000s ]
INFO: Run Behavior\ParseTemplateBehavior [ RunTime:0.024002s ]
INFO: [ view_parse ] --END-- [ RunTime:0.024002s ]
INFO: [ view_filter ] --START--
INFO: Run Behavior\WriteHtmlCacheBehavior [ RunTime:0.001000s ]
INFO: [ view_filter ] --END-- [ RunTime:0.001000s ]
INFO: [ app_end ] --START--
INFO: Run Behavior\ShowPageTraceBehavior [ RunTime:0.001000s ]
INFO: [ app_end ] --END-- [ RunTime:0.001000s ]

[ 2017-09-15T00:11:07+08:00 ] ::1 /peihuo/index.php?c=order&a=check&id=35
INFO: [ app_init ] --START--
INFO: Run Behavior\BuildLiteBehavior [ RunTime:0.000000s ]
INFO: [ app_init ] --END-- [ RunTime:0.000000s ]
INFO: [ app_begin ] --START--
INFO: Run Behavior\ReadHtmlCacheBehavior [ RunTime:0.001000s ]
INFO: [ app_begin ] --END-- [ RunTime:0.001000s ]
NOTIC: [2048] Declaration of Common\Model\OrderModel::find() should be compatible with Think\Model::find($options = Array) H:\phpStudy\WWW\peihuo\Application\Common\Model\OrderModel.class.php 第 10 行.
SQL: SHOW COLUMNS FROM `ph_order` [ RunTime:0.0110s ]
SQL: SELECT * FROM `ph_order` WHERE ( order_id=35 ) LIMIT 1   [ RunTime:0.0010s ]
NOTIC: [2048] Declaration of Common\Model\CountModel::find() should be compatible with Think\Model::find($options = Array) H:\phpStudy\WWW\peihuo\Application\Common\Model\CountModel.class.php 第 170 行.
SQL: SHOW COLUMNS FROM `ph_count` [ RunTime:0.0110s ]
SQL: SELECT `food_name`,SUM(depart_number_1) AS total1,SUM(depart_number_2) AS total2,SUM(depart_number_3) AS total3,SUM(depart_number_4) AS total4,SUM(depart_number_5) AS total5,SUM(order_number) AS total FROM `ph_count` WHERE `status` <> -1 GROUP BY food_name ORDER BY count_id asc  [ RunTime:0.0010s ]
INFO: [ view_parse ] --START--
INFO: [ template_filter ] --START--
INFO: Run Behavior\ContentReplaceBehavior [ RunTime:0.000000s ]
INFO: [ template_filter ] --END-- [ RunTime:0.000000s ]
INFO: Run Behavior\ParseTemplateBehavior [ RunTime:0.008000s ]
INFO: [ view_parse ] --END-- [ RunTime:0.008000s ]
INFO: [ view_filter ] --START--
INFO: Run Behavior\WriteHtmlCacheBehavior [ RunTime:0.000000s ]
INFO: [ view_filter ] --END-- [ RunTime:0.000000s ]
INFO: [ app_end ] --START--
INFO: Run Behavior\ShowPageTraceBehavior [ RunTime:0.000000s ]
INFO: [ app_end ] --END-- [ RunTime:0.000000s ]

[ 2017-09-15T00:12:15+08:00 ] ::1 /peihuo/index.php?c=order&a=check&id=35
INFO: [ app_init ] --START--
INFO: Run Behavior\BuildLiteBehavior [ RunTime:0.000000s ]
INFO: [ app_init ] --END-- [ RunTime:0.001000s ]
INFO: [ app_begin ] --START--
INFO: Run Behavior\ReadHtmlCacheBehavior [ RunTime:0.000000s ]
INFO: [ app_begin ] --END-- [ RunTime:0.000000s ]
NOTIC: [2048] Declaration of Common\Model\OrderModel::find() should be compatible with Think\Model::find($options = Array) H:\phpStudy\WWW\peihuo\Application\Common\Model\OrderModel.class.php 第 10 行.
SQL: SHOW COLUMNS FROM `ph_order` [ RunTime:0.0120s ]
SQL: SELECT * FROM `ph_order` WHERE ( order_id=35 ) LIMIT 1   [ RunTime:0.0010s ]
NOTIC: [2048] Declaration of Common\Model\CountModel::find() should be compatible with Think\Model::find($options = Array) H:\phpStudy\WWW\peihuo\Application\Common\Model\CountModel.class.php 第 170 行.
SQL: SHOW COLUMNS FROM `ph_count` [ RunTime:0.0110s ]
SQL: SELECT `food_name`,SUM(depart_number_1) AS total1,SUM(depart_number_2) AS total2,SUM(depart_number_3) AS total3,SUM(depart_number_4) AS total4,SUM(depart_number_5) AS total5,SUM(order_number) AS total FROM `ph_count` WHERE `status` <> -1 GROUP BY food_name ORDER BY count_id asc  [ RunTime:0.0010s ]
INFO: [ view_parse ] --START--
INFO: [ template_filter ] --START--
INFO: Run Behavior\ContentReplaceBehavior [ RunTime:0.000000s ]
INFO: [ template_filter ] --END-- [ RunTime:0.000000s ]
INFO: Run Behavior\ParseTemplateBehavior [ RunTime:0.013000s ]
INFO: [ view_parse ] --END-- [ RunTime:0.013000s ]
INFO: [ view_filter ] --START--
INFO: Run Behavior\WriteHtmlCacheBehavior [ RunTime:0.000000s ]
INFO: [ view_filter ] --END-- [ RunTime:0.000000s ]
INFO: [ app_end ] --START--
INFO: Run Behavior\ShowPageTraceBehavior [ RunTime:0.000000s ]
INFO: [ app_end ] --END-- [ RunTime:0.001000s ]

[ 2017-09-15T00:12:21+08:00 ] ::1 /peihuo/index.php?c=order&a=check&id=35
INFO: [ app_init ] --START--
INFO: Run Behavior\BuildLiteBehavior [ RunTime:0.000000s ]
INFO: [ app_init ] --END-- [ RunTime:0.001000s ]
INFO: [ app_begin ] --START--
INFO: Run Behavior\ReadHtmlCacheBehavior [ RunTime:0.001000s ]
INFO: [ app_begin ] --END-- [ RunTime:0.001000s ]
NOTIC: [2048] Declaration of Common\Model\OrderModel::find() should be compatible with Think\Model::find($options = Array) H:\phpStudy\WWW\peihuo\Application\Common\Model\OrderModel.class.php 第 10 行.
SQL: SHOW COLUMNS FROM `ph_order` [ RunTime:0.0140s ]
SQL: SELECT * FROM `ph_order` WHERE ( order_id=35 ) LIMIT 1   [ RunTime:0.0000s ]
NOTIC: [2048] Declaration of Common\Model\CountModel::find() should be compatible with Think\Model::find($options = Array) H:\phpStudy\WWW\peihuo\Application\Common\Model\CountModel.class.php 第 170 行.
SQL: SHOW COLUMNS FROM `ph_count` [ RunTime:0.0170s ]
SQL: SELECT `food_name`,SUM(depart_number_1) AS total1,SUM(depart_number_2) AS total2,SUM(depart_number_3) AS total3,SUM(depart_number_4) AS total4,SUM(depart_number_5) AS total5,SUM(order_number) AS total FROM `ph_count` WHERE `status` <> -1 GROUP BY food_name ORDER BY count_id asc  [ RunTime:0.0020s ]
INFO: [ view_parse ] --START--
INFO: [ template_filter ] --START--
INFO: Run Behavior\ContentReplaceBehavior [ RunTime:0.000000s ]
INFO: [ template_filter ] --END-- [ RunTime:0.000000s ]
INFO: Run Behavior\ParseTemplateBehavior [ RunTime:0.011000s ]
INFO: [ view_parse ] --END-- [ RunTime:0.012000s ]
INFO: [ view_filter ] --START--
INFO: Run Behavior\WriteHtmlCacheBehavior [ RunTime:0.000000s ]
INFO: [ view_filter ] --END-- [ RunTime:0.000000s ]
INFO: [ app_end ] --START--
INFO: Run Behavior\ShowPageTraceBehavior [ RunTime:0.001000s ]
INFO: [ app_end ] --END-- [ RunTime:0.001000s ]

[ 2017-09-15T00:13:12+08:00 ] ::1 /peihuo/index.php?c=order&a=check&id=35
INFO: [ app_init ] --START--
INFO: Run Behavior\BuildLiteBehavior [ RunTime:0.000000s ]
INFO: [ app_init ] --END-- [ RunTime:0.001000s ]
INFO: [ app_begin ] --START--
INFO: Run Behavior\ReadHtmlCacheBehavior [ RunTime:0.001000s ]
INFO: [ app_begin ] --END-- [ RunTime:0.001000s ]
NOTIC: [2048] Declaration of Common\Model\OrderModel::find() should be compatible with Think\Model::find($options = Array) H:\phpStudy\WWW\peihuo\Application\Common\Model\OrderModel.class.php 第 10 行.
SQL: SHOW COLUMNS FROM `ph_order` [ RunTime:0.0160s ]
SQL: SELECT * FROM `ph_order` WHERE ( order_id=35 ) LIMIT 1   [ RunTime:0.0000s ]
NOTIC: [2048] Declaration of Common\Model\CountModel::find() should be compatible with Think\Model::find($options = Array) H:\phpStudy\WWW\peihuo\Application\Common\Model\CountModel.class.php 第 170 行.
SQL: SHOW COLUMNS FROM `ph_count` [ RunTime:0.0120s ]
SQL: SELECT `food_name`,SUM(depart_number_1) AS total1,SUM(depart_number_2) AS total2,SUM(depart_number_3) AS total3,SUM(depart_number_4) AS total4,SUM(depart_number_5) AS total5,SUM(order_number) AS total FROM `ph_count` WHERE `status` <> -1 GROUP BY food_name ORDER BY count_id asc  [ RunTime:0.0020s ]
INFO: [ view_parse ] --START--
INFO: [ template_filter ] --START--
INFO: Run Behavior\ContentReplaceBehavior [ RunTime:0.001000s ]
INFO: [ template_filter ] --END-- [ RunTime:0.001000s ]
INFO: Run Behavior\ParseTemplateBehavior [ RunTime:0.009000s ]
INFO: [ view_parse ] --END-- [ RunTime:0.009000s ]
INFO: [ view_filter ] --START--
INFO: Run Behavior\WriteHtmlCacheBehavior [ RunTime:0.000000s ]
INFO: [ view_filter ] --END-- [ RunTime:0.001000s ]
INFO: [ app_end ] --START--
INFO: Run Behavior\ShowPageTraceBehavior [ RunTime:0.000000s ]
INFO: [ app_end ] --END-- [ RunTime:0.000000s ]

[ 2017-09-15T00:13:20+08:00 ] ::1 /peihuo/index.php?c=order&a=check&id=35
INFO: [ app_init ] --START--
INFO: Run Behavior\BuildLiteBehavior [ RunTime:0.000000s ]
INFO: [ app_init ] --END-- [ RunTime:0.000000s ]
INFO: [ app_begin ] --START--
INFO: Run Behavior\ReadHtmlCacheBehavior [ RunTime:0.000000s ]
INFO: [ app_begin ] --END-- [ RunTime:0.000000s ]
NOTIC: [2048] Declaration of Common\Model\OrderModel::find() should be compatible with Think\Model::find($options = Array) H:\phpStudy\WWW\peihuo\Application\Common\Model\OrderModel.class.php 第 10 行.
SQL: SHOW COLUMNS FROM `ph_order` [ RunTime:0.0180s ]
SQL: SELECT * FROM `ph_order` WHERE ( order_id=35 ) LIMIT 1   [ RunTime:0.0000s ]
NOTIC: [2048] Declaration of Common\Model\CountModel::find() should be compatible with Think\Model::find($options = Array) H:\phpStudy\WWW\peihuo\Application\Common\Model\CountModel.class.php 第 170 行.
SQL: SHOW COLUMNS FROM `ph_count` [ RunTime:0.0120s ]
SQL: SELECT `food_name`,SUM(depart_number_1) AS total1,SUM(depart_number_2) AS total2,SUM(depart_number_3) AS total3,SUM(depart_number_4) AS total4,SUM(depart_number_5) AS total5,SUM(order_number) AS total FROM `ph_count` WHERE `status` <> -1 GROUP BY food_name ORDER BY count_id asc  [ RunTime:0.0010s ]
INFO: [ view_parse ] --START--
INFO: [ template_filter ] --START--
INFO: Run Behavior\ContentReplaceBehavior [ RunTime:0.000000s ]
INFO: [ template_filter ] --END-- [ RunTime:0.000000s ]
INFO: Run Behavior\ParseTemplateBehavior [ RunTime:0.010001s ]
INFO: [ view_parse ] --END-- [ RunTime:0.010001s ]
INFO: [ view_filter ] --START--
INFO: Run Behavior\WriteHtmlCacheBehavior [ RunTime:0.001000s ]
INFO: [ view_filter ] --END-- [ RunTime:0.001000s ]
INFO: [ app_end ] --START--
INFO: Run Behavior\ShowPageTraceBehavior [ RunTime:0.000000s ]
INFO: [ app_end ] --END-- [ RunTime:0.000000s ]

[ 2017-09-15T00:13:46+08:00 ] ::1 /peihuo/index.php?c=order&a=check&id=35
INFO: [ app_init ] --START--
INFO: Run Behavior\BuildLiteBehavior [ RunTime:0.000000s ]
INFO: [ app_init ] --END-- [ RunTime:0.000000s ]
INFO: [ app_begin ] --START--
INFO: Run Behavior\ReadHtmlCacheBehavior [ RunTime:0.000000s ]
INFO: [ app_begin ] --END-- [ RunTime:0.000000s ]
NOTIC: [2048] Declaration of Common\Model\OrderModel::find() should be compatible with Think\Model::find($options = Array) H:\phpStudy\WWW\peihuo\Application\Common\Model\OrderModel.class.php 第 10 行.
SQL: SHOW COLUMNS FROM `ph_order` [ RunTime:0.0200s ]
SQL: SELECT * FROM `ph_order` WHERE ( order_id=35 ) LIMIT 1   [ RunTime:0.0010s ]
NOTIC: [2048] Declaration of Common\Model\CountModel::find() should be compatible with Think\Model::find($options = Array) H:\phpStudy\WWW\peihuo\Application\Common\Model\CountModel.class.php 第 170 行.
SQL: SHOW COLUMNS FROM `ph_count` [ RunTime:0.0220s ]
SQL: SELECT `food_name`,SUM(depart_number_1) AS total1,SUM(depart_number_2) AS total2,SUM(depart_number_3) AS total3,SUM(depart_number_4) AS total4,SUM(depart_number_5) AS total5,SUM(order_number) AS total FROM `ph_count` WHERE `status` <> -1 GROUP BY food_name ORDER BY count_id asc  [ RunTime:0.0020s ]
INFO: [ view_parse ] --START--
INFO: [ template_filter ] --START--
INFO: Run Behavior\ContentReplaceBehavior [ RunTime:0.000000s ]
INFO: [ template_filter ] --END-- [ RunTime:0.001000s ]
INFO: Run Behavior\ParseTemplateBehavior [ RunTime:0.016001s ]
INFO: [ view_parse ] --END-- [ RunTime:0.016001s ]
INFO: [ view_filter ] --START--
INFO: Run Behavior\WriteHtmlCacheBehavior [ RunTime:0.001000s ]
INFO: [ view_filter ] --END-- [ RunTime:0.001000s ]
INFO: [ app_end ] --START--
INFO: Run Behavior\ShowPageTraceBehavior [ RunTime:0.001000s ]
INFO: [ app_end ] --END-- [ RunTime:0.001000s ]

[ 2017-09-15T00:16:03+08:00 ] ::1 /peihuo/index.php?c=order&a=check&id=35
INFO: [ app_init ] --START--
INFO: Run Behavior\BuildLiteBehavior [ RunTime:0.000000s ]
INFO: [ app_init ] --END-- [ RunTime:0.001000s ]
INFO: [ app_begin ] --START--
INFO: Run Behavior\ReadHtmlCacheBehavior [ RunTime:0.000000s ]
INFO: [ app_begin ] --END-- [ RunTime:0.000000s ]
NOTIC: [2048] Declaration of Common\Model\OrderModel::find() should be compatible with Think\Model::find($options = Array) H:\phpStudy\WWW\peihuo\Application\Common\Model\OrderModel.class.php 第 10 行.
SQL: SHOW COLUMNS FROM `ph_order` [ RunTime:0.0190s ]
SQL: SELECT * FROM `ph_order` WHERE ( order_id=35 ) LIMIT 1   [ RunTime:0.0010s ]
NOTIC: [2048] Declaration of Common\Model\CountModel::find() should be compatible with Think\Model::find($options = Array) H:\phpStudy\WWW\peihuo\Application\Common\Model\CountModel.class.php 第 170 行.
SQL: SHOW COLUMNS FROM `ph_count` [ RunTime:0.0150s ]
SQL: SELECT `food_name`,SUM(depart_number_1) AS total1,SUM(depart_number_2) AS total2,SUM(depart_number_3) AS total3,SUM(depart_number_4) AS total4,SUM(depart_number_5) AS total5,SUM(order_number) AS total FROM `ph_count` WHERE `status` <> -1 GROUP BY food_name ORDER BY count_id asc  [ RunTime:0.0010s ]
INFO: [ view_parse ] --START--
INFO: [ template_filter ] --START--
INFO: Run Behavior\ContentReplaceBehavior [ RunTime:0.000000s ]
INFO: [ template_filter ] --END-- [ RunTime:0.001000s ]
INFO: Run Behavior\ParseTemplateBehavior [ RunTime:0.022001s ]
INFO: [ view_parse ] --END-- [ RunTime:0.022001s ]
INFO: [ view_filter ] --START--
INFO: Run Behavior\WriteHtmlCacheBehavior [ RunTime:0.000000s ]
INFO: [ view_filter ] --END-- [ RunTime:0.000000s ]
INFO: [ app_end ] --START--
INFO: Run Behavior\ShowPageTraceBehavior [ RunTime:0.001000s ]
INFO: [ app_end ] --END-- [ RunTime:0.001000s ]

[ 2017-09-15T00:18:04+08:00 ] ::1 /peihuo/index.php?c=order&a=check&id=35
INFO: [ app_init ] --START--
INFO: Run Behavior\BuildLiteBehavior [ RunTime:0.000000s ]
INFO: [ app_init ] --END-- [ RunTime:0.000000s ]
INFO: [ app_begin ] --START--
INFO: Run Behavior\ReadHtmlCacheBehavior [ RunTime:0.001000s ]
INFO: [ app_begin ] --END-- [ RunTime:0.001000s ]
NOTIC: [2048] Declaration of Common\Model\OrderModel::find() should be compatible with Think\Model::find($options = Array) H:\phpStudy\WWW\peihuo\Application\Common\Model\OrderModel.class.php 第 10 行.
SQL: SHOW COLUMNS FROM `ph_order` [ RunTime:0.0220s ]
SQL: SELECT * FROM `ph_order` WHERE ( order_id=35 ) LIMIT 1   [ RunTime:0.0010s ]
NOTIC: [2048] Declaration of Common\Model\CountModel::find() should be compatible with Think\Model::find($options = Array) H:\phpStudy\WWW\peihuo\Application\Common\Model\CountModel.class.php 第 170 行.
SQL: SHOW COLUMNS FROM `ph_count` [ RunTime:0.0230s ]
SQL: SELECT `food_name`,SUM(depart_number_1) AS total1,SUM(depart_number_2) AS total2,SUM(depart_number_3) AS total3,SUM(depart_number_4) AS total4,SUM(depart_number_5) AS total5,SUM(order_number) AS total FROM `ph_count` WHERE `status` <> -1 GROUP BY food_name ORDER BY count_id asc  [ RunTime:0.0030s ]
INFO: [ view_parse ] --START--
INFO: [ template_filter ] --START--
INFO: Run Behavior\ContentReplaceBehavior [ RunTime:0.000000s ]
INFO: [ template_filter ] --END-- [ RunTime:0.000000s ]
INFO: Run Behavior\ParseTemplateBehavior [ RunTime:0.010000s ]
INFO: [ view_parse ] --END-- [ RunTime:0.010000s ]
INFO: [ view_filter ] --START--
INFO: Run Behavior\WriteHtmlCacheBehavior [ RunTime:0.000000s ]
INFO: [ view_filter ] --END-- [ RunTime:0.001000s ]
INFO: [ app_end ] --START--
INFO: Run Behavior\ShowPageTraceBehavior [ RunTime:0.001000s ]
INFO: [ app_end ] --END-- [ RunTime:0.001000s ]

[ 2017-09-15T00:18:30+08:00 ] ::1 /peihuo/index.php?c=order&a=check&id=35
INFO: [ app_init ] --START--
INFO: Run Behavior\BuildLiteBehavior [ RunTime:0.000000s ]
INFO: [ app_init ] --END-- [ RunTime:0.000000s ]
INFO: [ app_begin ] --START--
INFO: Run Behavior\ReadHtmlCacheBehavior [ RunTime:0.001000s ]
INFO: [ app_begin ] --END-- [ RunTime:0.001000s ]
NOTIC: [2048] Declaration of Common\Model\OrderModel::find() should be compatible with Think\Model::find($options = Array) H:\phpStudy\WWW\peihuo\Application\Common\Model\OrderModel.class.php 第 10 行.
SQL: SHOW COLUMNS FROM `ph_order` [ RunTime:0.0110s ]
SQL: SELECT * FROM `ph_order` WHERE ( order_id=35 ) LIMIT 1   [ RunTime:0.0000s ]
NOTIC: [2048] Declaration of Common\Model\CountModel::find() should be compatible with Think\Model::find($options = Array) H:\phpStudy\WWW\peihuo\Application\Common\Model\CountModel.class.php 第 170 行.
SQL: SHOW COLUMNS FROM `ph_count` [ RunTime:0.0120s ]
SQL: SELECT `food_name`,SUM(depart_number_1) AS total1,SUM(depart_number_2) AS total2,SUM(depart_number_3) AS total3,SUM(depart_number_4) AS total4,SUM(depart_number_5) AS total5,SUM(order_number) AS total FROM `ph_count` WHERE `status` <> -1 GROUP BY food_name ORDER BY count_id asc  [ RunTime:0.0010s ]
INFO: [ view_parse ] --START--
INFO: [ template_filter ] --START--
INFO: Run Behavior\ContentReplaceBehavior [ RunTime:0.000000s ]
INFO: [ template_filter ] --END-- [ RunTime:0.000000s ]
INFO: Run Behavior\ParseTemplateBehavior [ RunTime:0.011001s ]
INFO: [ view_parse ] --END-- [ RunTime:0.011001s ]
INFO: [ view_filter ] --START--
INFO: Run Behavior\WriteHtmlCacheBehavior [ RunTime:0.000000s ]
INFO: [ view_filter ] --END-- [ RunTime:0.000000s ]
INFO: [ app_end ] --START--
INFO: Run Behavior\ShowPageTraceBehavior [ RunTime:0.001000s ]
INFO: [ app_end ] --END-- [ RunTime:0.001000s ]

[ 2017-09-15T00:20:12+08:00 ] ::1 /peihuo/index.php?c=order&a=check&id=35
INFO: [ app_init ] --START--
INFO: Run Behavior\BuildLiteBehavior [ RunTime:0.000000s ]
INFO: [ app_init ] --END-- [ RunTime:0.001000s ]
INFO: [ app_begin ] --START--
INFO: Run Behavior\ReadHtmlCacheBehavior [ RunTime:0.001000s ]
INFO: [ app_begin ] --END-- [ RunTime:0.001000s ]
NOTIC: [2048] Declaration of Common\Model\OrderModel::find() should be compatible with Think\Model::find($options = Array) H:\phpStudy\WWW\peihuo\Application\Common\Model\OrderModel.class.php 第 10 行.
SQL: SHOW COLUMNS FROM `ph_order` [ RunTime:0.0090s ]
SQL: SELECT * FROM `ph_order` WHERE ( order_id=35 ) LIMIT 1   [ RunTime:0.0000s ]
NOTIC: [2048] Declaration of Common\Model\CountModel::find() should be compatible with Think\Model::find($options = Array) H:\phpStudy\WWW\peihuo\Application\Common\Model\CountModel.class.php 第 170 行.
SQL: SHOW COLUMNS FROM `ph_count` [ RunTime:0.0090s ]
SQL: SELECT `food_name`,SUM(depart_number_1) AS total1,SUM(depart_number_2) AS total2,SUM(depart_number_3) AS total3,SUM(depart_number_4) AS total4,SUM(depart_number_5) AS total5,SUM(order_number) AS total FROM `ph_count` WHERE `status` <> -1 GROUP BY food_name ORDER BY count_id asc  [ RunTime:0.0010s ]
INFO: [ view_parse ] --START--
INFO: [ template_filter ] --START--
INFO: Run Behavior\ContentReplaceBehavior [ RunTime:0.001000s ]
INFO: [ template_filter ] --END-- [ RunTime:0.001000s ]
INFO: Run Behavior\ParseTemplateBehavior [ RunTime:0.012000s ]
INFO: [ view_parse ] --END-- [ RunTime:0.012000s ]
INFO: [ view_filter ] --START--
INFO: Run Behavior\WriteHtmlCacheBehavior [ RunTime:0.001001s ]
INFO: [ view_filter ] --END-- [ RunTime:0.001001s ]
INFO: [ app_end ] --START--
INFO: Run Behavior\ShowPageTraceBehavior [ RunTime:0.001000s ]
INFO: [ app_end ] --END-- [ RunTime:0.001000s ]

[ 2017-09-15T00:21:05+08:00 ] ::1 /peihuo/index.php?c=order&a=check&id=35
INFO: [ app_init ] --START--
INFO: Run Behavior\BuildLiteBehavior [ RunTime:0.000000s ]
INFO: [ app_init ] --END-- [ RunTime:0.001000s ]
INFO: [ app_begin ] --START--
INFO: Run Behavior\ReadHtmlCacheBehavior [ RunTime:0.000000s ]
INFO: [ app_begin ] --END-- [ RunTime:0.000000s ]
NOTIC: [2048] Declaration of Common\Model\OrderModel::find() should be compatible with Think\Model::find($options = Array) H:\phpStudy\WWW\peihuo\Application\Common\Model\OrderModel.class.php 第 10 行.
SQL: SHOW COLUMNS FROM `ph_order` [ RunTime:0.0110s ]
SQL: SELECT * FROM `ph_order` WHERE ( order_id=35 ) LIMIT 1   [ RunTime:0.0000s ]
NOTIC: [2048] Declaration of Common\Model\CountModel::find() should be compatible with Think\Model::find($options = Array) H:\phpStudy\WWW\peihuo\Application\Common\Model\CountModel.class.php 第 170 行.
SQL: SHOW COLUMNS FROM `ph_count` [ RunTime:0.0120s ]
SQL: SELECT `food_name`,SUM(depart_number_1) AS total1,SUM(depart_number_2) AS total2,SUM(depart_number_3) AS total3,SUM(depart_number_4) AS total4,SUM(depart_number_5) AS total5,SUM(order_number) AS total FROM `ph_count` WHERE `status` <> -1 GROUP BY food_name ORDER BY count_id asc  [ RunTime:0.0010s ]
INFO: [ view_parse ] --START--
INFO: [ template_filter ] --START--
INFO: Run Behavior\ContentReplaceBehavior [ RunTime:0.001000s ]
INFO: [ template_filter ] --END-- [ RunTime:0.001000s ]
INFO: Run Behavior\ParseTemplateBehavior [ RunTime:0.012001s ]
INFO: [ view_parse ] --END-- [ RunTime:0.012001s ]
INFO: [ view_filter ] --START--
INFO: Run Behavior\WriteHtmlCacheBehavior [ RunTime:0.001000s ]
INFO: [ view_filter ] --END-- [ RunTime:0.001000s ]
INFO: [ app_end ] --START--
INFO: Run Behavior\ShowPageTraceBehavior [ RunTime:0.001000s ]
INFO: [ app_end ] --END-- [ RunTime:0.001000s ]

[ 2017-09-15T00:23:54+08:00 ] ::1 /peihuo/index.php?c=order&a=check&id=35
INFO: [ app_init ] --START--
INFO: Run Behavior\BuildLiteBehavior [ RunTime:0.000000s ]
INFO: [ app_init ] --END-- [ RunTime:0.000000s ]
INFO: [ app_begin ] --START--
INFO: Run Behavior\ReadHtmlCacheBehavior [ RunTime:0.000000s ]
INFO: [ app_begin ] --END-- [ RunTime:0.001000s ]
NOTIC: [2048] Declaration of Common\Model\OrderModel::find() should be compatible with Think\Model::find($options = Array) H:\phpStudy\WWW\peihuo\Application\Common\Model\OrderModel.class.php 第 10 行.
SQL: SHOW COLUMNS FROM `ph_order` [ RunTime:0.0080s ]
SQL: SELECT * FROM `ph_order` WHERE ( order_id=35 ) LIMIT 1   [ RunTime:0.0010s ]
NOTIC: [2048] Declaration of Common\Model\CountModel::find() should be compatible with Think\Model::find($options = Array) H:\phpStudy\WWW\peihuo\Application\Common\Model\CountModel.class.php 第 170 行.
SQL: SHOW COLUMNS FROM `ph_count` [ RunTime:0.0080s ]
SQL: SELECT `food_name`,SUM(depart_number_1) AS total1,SUM(depart_number_2) AS total2,SUM(depart_number_3) AS total3,SUM(depart_number_4) AS total4,SUM(depart_number_5) AS total5,SUM(order_number) AS total FROM `ph_count` WHERE `status` <> -1 GROUP BY food_name ORDER BY count_id asc  [ RunTime:0.0010s ]
INFO: [ view_parse ] --START--
INFO: [ template_filter ] --START--
INFO: Run Behavior\ContentReplaceBehavior [ RunTime:0.000000s ]
INFO: [ template_filter ] --END-- [ RunTime:0.000000s ]
INFO: Run Behavior\ParseTemplateBehavior [ RunTime:0.015001s ]
INFO: [ view_parse ] --END-- [ RunTime:0.015001s ]
INFO: [ view_filter ] --START--
INFO: Run Behavior\WriteHtmlCacheBehavior [ RunTime:0.000000s ]
INFO: [ view_filter ] --END-- [ RunTime:0.000000s ]
INFO: [ app_end ] --START--
INFO: Run Behavior\ShowPageTraceBehavior [ RunTime:0.000000s ]
INFO: [ app_end ] --END-- [ RunTime:0.000000s ]

[ 2017-09-15T00:24:18+08:00 ] ::1 /peihuo/index.php?c=order&a=check&id=35
INFO: [ app_init ] --START--
INFO: Run Behavior\BuildLiteBehavior [ RunTime:0.000000s ]
INFO: [ app_init ] --END-- [ RunTime:0.001000s ]
INFO: [ app_begin ] --START--
INFO: Run Behavior\ReadHtmlCacheBehavior [ RunTime:0.000000s ]
INFO: [ app_begin ] --END-- [ RunTime:0.000000s ]
NOTIC: [2048] Declaration of Common\Model\OrderModel::find() should be compatible with Think\Model::find($options = Array) H:\phpStudy\WWW\peihuo\Application\Common\Model\OrderModel.class.php 第 10 行.
SQL: SHOW COLUMNS FROM `ph_order` [ RunTime:0.0130s ]
SQL: SELECT * FROM `ph_order` WHERE ( order_id=35 ) LIMIT 1   [ RunTime:0.0000s ]
NOTIC: [2048] Declaration of Common\Model\CountModel::find() should be compatible with Think\Model::find($options = Array) H:\phpStudy\WWW\peihuo\Application\Common\Model\CountModel.class.php 第 170 行.
SQL: SHOW COLUMNS FROM `ph_count` [ RunTime:0.0100s ]
SQL: SELECT `food_name`,SUM(depart_number_1) AS total1,SUM(depart_number_2) AS total2,SUM(depart_number_3) AS total3,SUM(depart_number_4) AS total4,SUM(depart_number_5) AS total5,SUM(order_number) AS total FROM `ph_count` WHERE `status` <> -1 GROUP BY food_name ORDER BY count_id asc  [ RunTime:0.0000s ]
INFO: [ view_parse ] --START--
INFO: [ template_filter ] --START--
INFO: Run Behavior\ContentReplaceBehavior [ RunTime:0.000000s ]
INFO: [ template_filter ] --END-- [ RunTime:0.000000s ]
INFO: Run Behavior\ParseTemplateBehavior [ RunTime:0.010001s ]
INFO: [ view_parse ] --END-- [ RunTime:0.010001s ]
INFO: [ view_filter ] --START--
INFO: Run Behavior\WriteHtmlCacheBehavior [ RunTime:0.001000s ]
INFO: [ view_filter ] --END-- [ RunTime:0.001000s ]
INFO: [ app_end ] --START--
INFO: Run Behavior\ShowPageTraceBehavior [ RunTime:0.000000s ]
INFO: [ app_end ] --END-- [ RunTime:0.000000s ]

[ 2017-09-15T00:24:40+08:00 ] ::1 /peihuo/index.php?c=order&a=check&id=35
INFO: [ app_init ] --START--
INFO: Run Behavior\BuildLiteBehavior [ RunTime:0.000000s ]
INFO: [ app_init ] --END-- [ RunTime:0.001000s ]
INFO: [ app_begin ] --START--
INFO: Run Behavior\ReadHtmlCacheBehavior [ RunTime:0.001000s ]
INFO: [ app_begin ] --END-- [ RunTime:0.001000s ]
NOTIC: [2048] Declaration of Common\Model\OrderModel::find() should be compatible with Think\Model::find($options = Array) H:\phpStudy\WWW\peihuo\Application\Common\Model\OrderModel.class.php 第 10 行.
SQL: SHOW COLUMNS FROM `ph_order` [ RunTime:0.0120s ]
SQL: SELECT * FROM `ph_order` WHERE ( order_id=35 ) LIMIT 1   [ RunTime:0.0000s ]
NOTIC: [2048] Declaration of Common\Model\CountModel::find() should be compatible with Think\Model::find($options = Array) H:\phpStudy\WWW\peihuo\Application\Common\Model\CountModel.class.php 第 170 行.
SQL: SHOW COLUMNS FROM `ph_count` [ RunTime:0.0120s ]
SQL: SELECT `food_name`,SUM(depart_number_1) AS total1,SUM(depart_number_2) AS total2,SUM(depart_number_3) AS total3,SUM(depart_number_4) AS total4,SUM(depart_number_5) AS total5,SUM(order_number) AS total FROM `ph_count` WHERE `status` <> -1 GROUP BY food_name ORDER BY count_id asc  [ RunTime:0.0020s ]
INFO: [ view_parse ] --START--
INFO: [ template_filter ] --START--
INFO: Run Behavior\ContentReplaceBehavior [ RunTime:0.000000s ]
INFO: [ template_filter ] --END-- [ RunTime:0.000000s ]
INFO: Run Behavior\ParseTemplateBehavior [ RunTime:0.013001s ]
INFO: [ view_parse ] --END-- [ RunTime:0.013001s ]
INFO: [ view_filter ] --START--
INFO: Run Behavior\WriteHtmlCacheBehavior [ RunTime:0.000000s ]
INFO: [ view_filter ] --END-- [ RunTime:0.000000s ]
INFO: [ app_end ] --START--
INFO: Run Behavior\ShowPageTraceBehavior [ RunTime:0.001000s ]
INFO: [ app_end ] --END-- [ RunTime:0.001000s ]

[ 2017-09-15T00:25:24+08:00 ] ::1 /peihuo/index.php?c=order&a=check&id=35
INFO: [ app_init ] --START--
INFO: Run Behavior\BuildLiteBehavior [ RunTime:0.000000s ]
INFO: [ app_init ] --END-- [ RunTime:0.001000s ]
INFO: [ app_begin ] --START--
INFO: Run Behavior\ReadHtmlCacheBehavior [ RunTime:0.000000s ]
INFO: [ app_begin ] --END-- [ RunTime:0.000000s ]
NOTIC: [2048] Declaration of Common\Model\OrderModel::find() should be compatible with Think\Model::find($options = Array) H:\phpStudy\WWW\peihuo\Application\Common\Model\OrderModel.class.php 第 10 行.
SQL: SHOW COLUMNS FROM `ph_order` [ RunTime:0.0110s ]
SQL: SELECT * FROM `ph_order` WHERE ( order_id=35 ) LIMIT 1   [ RunTime:0.0000s ]
NOTIC: [2048] Declaration of Common\Model\CountModel::find() should be compatible with Think\Model::find($options = Array) H:\phpStudy\WWW\peihuo\Application\Common\Model\CountModel.class.php 第 170 行.
SQL: SHOW COLUMNS FROM `ph_count` [ RunTime:0.0120s ]
SQL: SELECT `food_name`,SUM(depart_number_1) AS total1,SUM(depart_number_2) AS total2,SUM(depart_number_3) AS total3,SUM(depart_number_4) AS total4,SUM(depart_number_5) AS total5,SUM(order_number) AS total FROM `ph_count` WHERE `status` <> -1 GROUP BY food_name ORDER BY count_id asc  [ RunTime:0.0010s ]
INFO: [ view_parse ] --START--
INFO: [ template_filter ] --START--
INFO: Run Behavior\ContentReplaceBehavior [ RunTime:0.000000s ]
INFO: [ template_filter ] --END-- [ RunTime:0.000000s ]
INFO: Run Behavior\ParseTemplateBehavior [ RunTime:0.009001s ]
INFO: [ view_parse ] --END-- [ RunTime:0.009001s ]
INFO: [ view_filter ] --START--
INFO: Run Behavior\WriteHtmlCacheBehavior [ RunTime:0.000000s ]
INFO: [ view_filter ] --END-- [ RunTime:0.000000s ]
INFO: [ app_end ] --START--
INFO: Run Behavior\ShowPageTraceBehavior [ RunTime:0.001000s ]
INFO: [ app_end ] --END-- [ RunTime:0.001000s ]

[ 2017-09-15T00:25:32+08:00 ] ::1 /peihuo/index.php?c=order&a=check&id=35
INFO: [ app_init ] --START--
INFO: Run Behavior\BuildLiteBehavior [ RunTime:0.000000s ]
INFO: [ app_init ] --END-- [ RunTime:0.001000s ]
INFO: [ app_begin ] --START--
INFO: Run Behavior\ReadHtmlCacheBehavior [ RunTime:0.000000s ]
INFO: [ app_begin ] --END-- [ RunTime:0.000000s ]
NOTIC: [2048] Declaration of Common\Model\OrderModel::find() should be compatible with Think\Model::find($options = Array) H:\phpStudy\WWW\peihuo\Application\Common\Model\OrderModel.class.php 第 10 行.
SQL: SHOW COLUMNS FROM `ph_order` [ RunTime:0.0110s ]
SQL: SELECT * FROM `ph_order` WHERE ( order_id=35 ) LIMIT 1   [ RunTime:0.0010s ]
NOTIC: [2048] Declaration of Common\Model\CountModel::find() should be compatible with Think\Model::find($options = Array) H:\phpStudy\WWW\peihuo\Application\Common\Model\CountModel.class.php 第 170 行.
SQL: SHOW COLUMNS FROM `ph_count` [ RunTime:0.0100s ]
SQL: SELECT `food_name`,SUM(depart_number_1) AS total1,SUM(depart_number_2) AS total2,SUM(depart_number_3) AS total3,SUM(depart_number_4) AS total4,SUM(depart_number_5) AS total5,SUM(order_number) AS total FROM `ph_count` WHERE `status` <> -1 GROUP BY food_name ORDER BY count_id asc  [ RunTime:0.0020s ]
INFO: [ view_parse ] --START--
INFO: [ template_filter ] --START--
INFO: Run Behavior\ContentReplaceBehavior [ RunTime:0.000000s ]
INFO: [ template_filter ] --END-- [ RunTime:0.000000s ]
INFO: Run Behavior\ParseTemplateBehavior [ RunTime:0.008001s ]
INFO: [ view_parse ] --END-- [ RunTime:0.008001s ]
INFO: [ view_filter ] --START--
INFO: Run Behavior\WriteHtmlCacheBehavior [ RunTime:0.000000s ]
INFO: [ view_filter ] --END-- [ RunTime:0.000000s ]
INFO: [ app_end ] --START--
INFO: Run Behavior\ShowPageTraceBehavior [ RunTime:0.001000s ]
INFO: [ app_end ] --END-- [ RunTime:0.001000s ]

[ 2017-09-15T00:25:48+08:00 ] ::1 /peihuo/index.php?c=order&a=check&id=35
INFO: [ app_init ] --START--
INFO: Run Behavior\BuildLiteBehavior [ RunTime:0.000000s ]
INFO: [ app_init ] --END-- [ RunTime:0.001000s ]
INFO: [ app_begin ] --START--
INFO: Run Behavior\ReadHtmlCacheBehavior [ RunTime:0.001000s ]
INFO: [ app_begin ] --END-- [ RunTime:0.001000s ]
NOTIC: [2048] Declaration of Common\Model\OrderModel::find() should be compatible with Think\Model::find($options = Array) H:\phpStudy\WWW\peihuo\Application\Common\Model\OrderModel.class.php 第 10 行.
SQL: SHOW COLUMNS FROM `ph_order` [ RunTime:0.0070s ]
SQL: SELECT * FROM `ph_order` WHERE ( order_id=35 ) LIMIT 1   [ RunTime:0.0010s ]
NOTIC: [2048] Declaration of Common\Model\CountModel::find() should be compatible with Think\Model::find($options = Array) H:\phpStudy\WWW\peihuo\Application\Common\Model\CountModel.class.php 第 170 行.
SQL: SHOW COLUMNS FROM `ph_count` [ RunTime:0.0070s ]
SQL: SELECT `food_name`,SUM(depart_number_1) AS total1,SUM(depart_number_2) AS total2,SUM(depart_number_3) AS total3,SUM(depart_number_4) AS total4,SUM(depart_number_5) AS total5,SUM(order_number) AS total FROM `ph_count` WHERE `status` <> -1 GROUP BY food_name ORDER BY count_id asc  [ RunTime:0.0000s ]
INFO: [ view_parse ] --START--
INFO: [ template_filter ] --START--
INFO: Run Behavior\ContentReplaceBehavior [ RunTime:0.000000s ]
INFO: [ template_filter ] --END-- [ RunTime:0.000000s ]
INFO: Run Behavior\ParseTemplateBehavior [ RunTime:0.009000s ]
INFO: [ view_parse ] --END-- [ RunTime:0.010000s ]
INFO: [ view_filter ] --START--
INFO: Run Behavior\WriteHtmlCacheBehavior [ RunTime:0.001001s ]
INFO: [ view_filter ] --END-- [ RunTime:0.001001s ]
INFO: [ app_end ] --START--
INFO: Run Behavior\ShowPageTraceBehavior [ RunTime:0.000000s ]
INFO: [ app_end ] --END-- [ RunTime:0.001000s ]

[ 2017-09-15T00:26:07+08:00 ] ::1 /peihuo/index.php?c=order&a=edit&id=35
INFO: [ app_init ] --START--
INFO: Run Behavior\BuildLiteBehavior [ RunTime:0.000000s ]
INFO: [ app_init ] --END-- [ RunTime:0.001000s ]
INFO: [ app_begin ] --START--
INFO: Run Behavior\ReadHtmlCacheBehavior [ RunTime:0.001000s ]
INFO: [ app_begin ] --END-- [ RunTime:0.001000s ]
NOTIC: [2048] Declaration of Common\Model\OrderModel::find() should be compatible with Think\Model::find($options = Array) H:\phpStudy\WWW\peihuo\Application\Common\Model\OrderModel.class.php 第 10 行.
SQL: SHOW COLUMNS FROM `ph_order` [ RunTime:0.0080s ]
SQL: SELECT * FROM `ph_order` WHERE ( order_id=35 ) LIMIT 1   [ RunTime:0.0010s ]
NOTIC: [2048] Declaration of Common\Model\HotelModel::find() should be compatible with Think\Model::find($options = Array) H:\phpStudy\WWW\peihuo\Application\Common\Model\HotelModel.class.php 第 129 行.
SQL: SHOW COLUMNS FROM `ph_hotel` [ RunTime:0.0090s ]
SQL: SELECT * FROM `ph_hotel` WHERE `status` <> -1 ORDER BY hotel_id asc  [ RunTime:0.0010s ]
NOTIC: [2048] Declaration of Common\Model\CategoryModel::find() should be compatible with Think\Model::find($options = Array) H:\phpStudy\WWW\peihuo\Application\Common\Model\CategoryModel.class.php 第 108 行.
SQL: SHOW COLUMNS FROM `ph_category` [ RunTime:0.0100s ]
SQL: SELECT * FROM `ph_category` WHERE `status` <> -1 ORDER BY category_id asc  [ RunTime:0.0000s ]
NOTIC: [2048] Declaration of Common\Model\FoodModel::find() should be compatible with Think\Model::find($options = Array) H:\phpStudy\WWW\peihuo\Application\Common\Model\FoodModel.class.php 第 140 行.
SQL: SHOW COLUMNS FROM `ph_food` [ RunTime:0.0110s ]
SQL: SELECT * FROM `ph_food` WHERE `status` <> -1 ORDER BY food_id desc  [ RunTime:0.0010s ]
NOTIC: [2048] Declaration of Common\Model\DetailModel::find() should be compatible with Think\Model::find($options = Array) H:\phpStudy\WWW\peihuo\Application\Common\Model\DetailModel.class.php 第 164 行.
SQL: SHOW COLUMNS FROM `ph_detail` [ RunTime:0.0080s ]
SQL: SELECT * FROM `ph_detail` WHERE `depart_id` = 1 AND `order_id` = 35 AND `status` <> -1 ORDER BY detail_id asc  [ RunTime:0.0020s ]
SQL: SELECT * FROM `ph_detail` WHERE `depart_id` = 2 AND `order_id` = 35 AND `status` <> -1 ORDER BY detail_id asc  [ RunTime:0.0010s ]
SQL: SELECT * FROM `ph_detail` WHERE `depart_id` = 3 AND `order_id` = 35 AND `status` <> -1 ORDER BY detail_id asc  [ RunTime:0.0010s ]
SQL: SELECT * FROM `ph_detail` WHERE `depart_id` = 4 AND `order_id` = 35 AND `status` <> -1 ORDER BY detail_id asc  [ RunTime:0.0010s ]
SQL: SELECT * FROM `ph_detail` WHERE `depart_id` = 5 AND `order_id` = 35 AND `status` <> -1 ORDER BY detail_id asc  [ RunTime:0.0000s ]
INFO: [ view_parse ] --START--
INFO: [ template_filter ] --START--
INFO: Run Behavior\ContentReplaceBehavior [ RunTime:0.000000s ]
INFO: [ template_filter ] --END-- [ RunTime:0.000000s ]
NOTIC: [8] Undefined variable: today H:\phpStudy\WWW\peihuo\Application\Runtime\Cache\Home\f773b9f65af8d1264ea6cb518a921941.php 第 51 行.
INFO: Run Behavior\ParseTemplateBehavior [ RunTime:0.033002s ]
INFO: [ view_parse ] --END-- [ RunTime:0.033002s ]
INFO: [ view_filter ] --START--
INFO: Run Behavior\WriteHtmlCacheBehavior [ RunTime:0.001000s ]
INFO: [ view_filter ] --END-- [ RunTime:0.001000s ]
INFO: [ app_end ] --START--
INFO: Run Behavior\ShowPageTraceBehavior [ RunTime:0.002000s ]
INFO: [ app_end ] --END-- [ RunTime:0.002000s ]

[ 2017-09-15T00:28:24+08:00 ] ::1 /peihuo/index.php?c=order&a=check&id=35
INFO: [ app_init ] --START--
INFO: Run Behavior\BuildLiteBehavior [ RunTime:0.000000s ]
INFO: [ app_init ] --END-- [ RunTime:0.001000s ]
INFO: [ app_begin ] --START--
INFO: Run Behavior\ReadHtmlCacheBehavior [ RunTime:0.001000s ]
INFO: [ app_begin ] --END-- [ RunTime:0.001000s ]
NOTIC: [2048] Declaration of Common\Model\OrderModel::find() should be compatible with Think\Model::find($options = Array) H:\phpStudy\WWW\peihuo\Application\Common\Model\OrderModel.class.php 第 10 行.
SQL: SHOW COLUMNS FROM `ph_order` [ RunTime:0.0120s ]
SQL: SELECT * FROM `ph_order` WHERE ( order_id=35 ) LIMIT 1   [ RunTime:0.0000s ]
NOTIC: [2048] Declaration of Common\Model\CountModel::find() should be compatible with Think\Model::find($options = Array) H:\phpStudy\WWW\peihuo\Application\Common\Model\CountModel.class.php 第 170 行.
SQL: SHOW COLUMNS FROM `ph_count` [ RunTime:0.0130s ]
SQL: SELECT `food_name`,SUM(depart_number_1) AS total1,SUM(depart_number_2) AS total2,SUM(depart_number_3) AS total3,SUM(depart_number_4) AS total4,SUM(depart_number_5) AS total5,SUM(order_number) AS total FROM `ph_count` WHERE `status` <> -1 GROUP BY food_name ORDER BY count_id asc  [ RunTime:0.0020s ]
INFO: [ view_parse ] --START--
INFO: [ template_filter ] --START--
INFO: Run Behavior\ContentReplaceBehavior [ RunTime:0.000000s ]
INFO: [ template_filter ] --END-- [ RunTime:0.000000s ]
INFO: Run Behavior\ParseTemplateBehavior [ RunTime:0.014001s ]
INFO: [ view_parse ] --END-- [ RunTime:0.014001s ]
INFO: [ view_filter ] --START--
INFO: Run Behavior\WriteHtmlCacheBehavior [ RunTime:0.001000s ]
INFO: [ view_filter ] --END-- [ RunTime:0.001000s ]
INFO: [ app_end ] --START--
INFO: Run Behavior\ShowPageTraceBehavior [ RunTime:0.000000s ]
INFO: [ app_end ] --END-- [ RunTime:0.000000s ]

[ 2017-09-15T00:28:40+08:00 ] ::1 /peihuo/index.php?c=order&a=check&id=35
INFO: [ app_init ] --START--
INFO: Run Behavior\BuildLiteBehavior [ RunTime:0.000000s ]
INFO: [ app_init ] --END-- [ RunTime:0.001000s ]
INFO: [ app_begin ] --START--
INFO: Run Behavior\ReadHtmlCacheBehavior [ RunTime:0.001000s ]
INFO: [ app_begin ] --END-- [ RunTime:0.001000s ]
NOTIC: [2048] Declaration of Common\Model\OrderModel::find() should be compatible with Think\Model::find($options = Array) H:\phpStudy\WWW\peihuo\Application\Common\Model\OrderModel.class.php 第 10 行.
SQL: SHOW COLUMNS FROM `ph_order` [ RunTime:0.0070s ]
SQL: SELECT * FROM `ph_order` WHERE ( order_id=35 ) LIMIT 1   [ RunTime:0.0000s ]
NOTIC: [2048] Declaration of Common\Model\CountModel::find() should be compatible with Think\Model::find($options = Array) H:\phpStudy\WWW\peihuo\Application\Common\Model\CountModel.class.php 第 170 行.
SQL: SHOW COLUMNS FROM `ph_count` [ RunTime:0.0080s ]
SQL: SELECT `food_name`,SUM(depart_number_1) AS total1,SUM(depart_number_2) AS total2,SUM(depart_number_3) AS total3,SUM(depart_number_4) AS total4,SUM(depart_number_5) AS total5,SUM(order_number) AS total FROM `ph_count` WHERE `status` <> -1 GROUP BY food_name ORDER BY count_id asc  [ RunTime:0.0000s ]
INFO: [ view_parse ] --START--
INFO: [ template_filter ] --START--
INFO: Run Behavior\ContentReplaceBehavior [ RunTime:0.000000s ]
INFO: [ template_filter ] --END-- [ RunTime:0.000000s ]
INFO: Run Behavior\ParseTemplateBehavior [ RunTime:0.007001s ]
INFO: [ view_parse ] --END-- [ RunTime:0.007001s ]
INFO: [ view_filter ] --START--
INFO: Run Behavior\WriteHtmlCacheBehavior [ RunTime:0.000000s ]
INFO: [ view_filter ] --END-- [ RunTime:0.000000s ]
INFO: [ app_end ] --START--
INFO: Run Behavior\ShowPageTraceBehavior [ RunTime:0.001000s ]
INFO: [ app_end ] --END-- [ RunTime:0.001000s ]

[ 2017-09-15T00:29:26+08:00 ] ::1 /peihuo/index.php?c=order&a=add
INFO: [ app_init ] --START--
INFO: Run Behavior\BuildLiteBehavior [ RunTime:0.000000s ]
INFO: [ app_init ] --END-- [ RunTime:0.001000s ]
INFO: [ app_begin ] --START--
INFO: Run Behavior\ReadHtmlCacheBehavior [ RunTime:0.001000s ]
INFO: [ app_begin ] --END-- [ RunTime:0.001000s ]
NOTIC: [2048] Declaration of Common\Model\HotelModel::find() should be compatible with Think\Model::find($options = Array) H:\phpStudy\WWW\peihuo\Application\Common\Model\HotelModel.class.php 第 10 行.
SQL: SHOW COLUMNS FROM `ph_hotel` [ RunTime:0.0140s ]
SQL: SELECT * FROM `ph_hotel` WHERE `status` <> -1 ORDER BY hotel_id asc  [ RunTime:0.0010s ]
NOTIC: [2048] Declaration of Common\Model\CategoryModel::find() should be compatible with Think\Model::find($options = Array) H:\phpStudy\WWW\peihuo\Application\Common\Model\CategoryModel.class.php 第 108 行.
SQL: SHOW COLUMNS FROM `ph_category` [ RunTime:0.0060s ]
SQL: SELECT * FROM `ph_category` WHERE `status` <> -1 ORDER BY category_id asc  [ RunTime:0.0000s ]
INFO: [ view_parse ] --START--
INFO: [ template_filter ] --START--
INFO: Run Behavior\ContentReplaceBehavior [ RunTime:0.000000s ]
INFO: [ template_filter ] --END-- [ RunTime:0.000000s ]
NOTIC: [8] Undefined variable: today H:\phpStudy\WWW\peihuo\Application\Runtime\Cache\Home\585339be4d132c0afead7245d660e331.php 第 46 行.
INFO: Run Behavior\ParseTemplateBehavior [ RunTime:0.012001s ]
INFO: [ view_parse ] --END-- [ RunTime:0.012001s ]
INFO: [ view_filter ] --START--
INFO: Run Behavior\WriteHtmlCacheBehavior [ RunTime:0.000000s ]
INFO: [ view_filter ] --END-- [ RunTime:0.000000s ]
INFO: [ app_end ] --START--
INFO: Run Behavior\ShowPageTraceBehavior [ RunTime:0.000000s ]
INFO: [ app_end ] --END-- [ RunTime:0.000000s ]

[ 2017-09-15T00:29:34+08:00 ] ::1 /peihuo/index.php?c=food&a=getFoodData
INFO: [ app_init ] --START--
INFO: Run Behavior\BuildLiteBehavior [ RunTime:0.000000s ]
INFO: [ app_init ] --END-- [ RunTime:0.001000s ]
INFO: [ app_begin ] --START--
INFO: Run Behavior\ReadHtmlCacheBehavior [ RunTime:0.001000s ]
INFO: [ app_begin ] --END-- [ RunTime:0.001000s ]
NOTIC: [2048] Declaration of Common\Model\FoodModel::find() should be compatible with Think\Model::find($options = Array) H:\phpStudy\WWW\peihuo\Application\Common\Model\FoodModel.class.php 第 10 行.
SQL: SHOW COLUMNS FROM `ph_food` [ RunTime:0.0130s ]
SQL: SELECT * FROM `ph_food` WHERE `status` = 1 AND `category_id` = 3 ORDER BY food_id asc  [ RunTime:0.0010s ]

[ 2017-09-15T00:29:42+08:00 ] ::1 /peihuo/index.php?c=food&a=getFoodData
INFO: [ app_init ] --START--
INFO: Run Behavior\BuildLiteBehavior [ RunTime:0.000000s ]
INFO: [ app_init ] --END-- [ RunTime:0.001000s ]
INFO: [ app_begin ] --START--
INFO: Run Behavior\ReadHtmlCacheBehavior [ RunTime:0.001000s ]
INFO: [ app_begin ] --END-- [ RunTime:0.001000s ]
NOTIC: [2048] Declaration of Common\Model\FoodModel::find() should be compatible with Think\Model::find($options = Array) H:\phpStudy\WWW\peihuo\Application\Common\Model\FoodModel.class.php 第 10 行.
SQL: SHOW COLUMNS FROM `ph_food` [ RunTime:0.0100s ]
SQL: SELECT * FROM `ph_food` WHERE `status` = 1 AND `category_id` = 1 ORDER BY food_id asc  [ RunTime:0.0010s ]

[ 2017-09-15T00:29:49+08:00 ] ::1 /peihuo/index.php?c=food&a=getFoodData
INFO: [ app_init ] --START--
INFO: Run Behavior\BuildLiteBehavior [ RunTime:0.000000s ]
INFO: [ app_init ] --END-- [ RunTime:0.000000s ]
INFO: [ app_begin ] --START--
INFO: Run Behavior\ReadHtmlCacheBehavior [ RunTime:0.001000s ]
INFO: [ app_begin ] --END-- [ RunTime:0.001000s ]
NOTIC: [2048] Declaration of Common\Model\FoodModel::find() should be compatible with Think\Model::find($options = Array) H:\phpStudy\WWW\peihuo\Application\Common\Model\FoodModel.class.php 第 10 行.
SQL: SHOW COLUMNS FROM `ph_food` [ RunTime:0.0120s ]
SQL: SELECT * FROM `ph_food` WHERE `status` = 1 AND `category_id` = 1 ORDER BY food_id asc  [ RunTime:0.0010s ]

[ 2017-09-15T00:29:56+08:00 ] ::1 /peihuo/index.php?c=food&a=getFoodData
INFO: [ app_init ] --START--
INFO: Run Behavior\BuildLiteBehavior [ RunTime:0.000000s ]
INFO: [ app_init ] --END-- [ RunTime:0.001000s ]
INFO: [ app_begin ] --START--
INFO: Run Behavior\ReadHtmlCacheBehavior [ RunTime:0.001000s ]
INFO: [ app_begin ] --END-- [ RunTime:0.001000s ]
NOTIC: [2048] Declaration of Common\Model\FoodModel::find() should be compatible with Think\Model::find($options = Array) H:\phpStudy\WWW\peihuo\Application\Common\Model\FoodModel.class.php 第 10 行.
SQL: SHOW COLUMNS FROM `ph_food` [ RunTime:0.0130s ]
SQL: SELECT * FROM `ph_food` WHERE `status` = 1 AND `category_id` = 2 ORDER BY food_id asc  [ RunTime:0.0010s ]

[ 2017-09-15T00:30:04+08:00 ] ::1 /peihuo/index.php?c=food&a=getFoodData
INFO: [ app_init ] --START--
INFO: Run Behavior\BuildLiteBehavior [ RunTime:0.000000s ]
INFO: [ app_init ] --END-- [ RunTime:0.001000s ]
INFO: [ app_begin ] --START--
INFO: Run Behavior\ReadHtmlCacheBehavior [ RunTime:0.001000s ]
INFO: [ app_begin ] --END-- [ RunTime:0.001000s ]
NOTIC: [2048] Declaration of Common\Model\FoodModel::find() should be compatible with Think\Model::find($options = Array) H:\phpStudy\WWW\peihuo\Application\Common\Model\FoodModel.class.php 第 10 行.
SQL: SHOW COLUMNS FROM `ph_food` [ RunTime:0.0110s ]
SQL: SELECT * FROM `ph_food` WHERE `status` = 1 AND `category_id` = 2 ORDER BY food_id asc  [ RunTime:0.0010s ]

[ 2017-09-15T00:30:16+08:00 ] ::1 /peihuo/index.php?c=food&a=getFoodData
INFO: [ app_init ] --START--
INFO: Run Behavior\BuildLiteBehavior [ RunTime:0.000000s ]
INFO: [ app_init ] --END-- [ RunTime:0.001000s ]
INFO: [ app_begin ] --START--
INFO: Run Behavior\ReadHtmlCacheBehavior [ RunTime:0.001000s ]
INFO: [ app_begin ] --END-- [ RunTime:0.001000s ]
NOTIC: [2048] Declaration of Common\Model\FoodModel::find() should be compatible with Think\Model::find($options = Array) H:\phpStudy\WWW\peihuo\Application\Common\Model\FoodModel.class.php 第 10 行.
SQL: SHOW COLUMNS FROM `ph_food` [ RunTime:0.0120s ]
SQL: SELECT * FROM `ph_food` WHERE `status` = 1 AND `category_id` = 3 ORDER BY food_id asc  [ RunTime:0.0010s ]

[ 2017-09-15T00:30:28+08:00 ] ::1 /peihuo/index.php?c=food&a=getFoodData
INFO: [ app_init ] --START--
INFO: Run Behavior\BuildLiteBehavior [ RunTime:0.000000s ]
INFO: [ app_init ] --END-- [ RunTime:0.000000s ]
INFO: [ app_begin ] --START--
INFO: Run Behavior\ReadHtmlCacheBehavior [ RunTime:0.000000s ]
INFO: [ app_begin ] --END-- [ RunTime:0.001000s ]
NOTIC: [2048] Declaration of Common\Model\FoodModel::find() should be compatible with Think\Model::find($options = Array) H:\phpStudy\WWW\peihuo\Application\Common\Model\FoodModel.class.php 第 10 行.
SQL: SHOW COLUMNS FROM `ph_food` [ RunTime:0.0130s ]
SQL: SELECT * FROM `ph_food` WHERE `status` = 1 AND `category_id` = 2 ORDER BY food_id asc  [ RunTime:0.0010s ]

[ 2017-09-15T00:30:41+08:00 ] ::1 /peihuo/index.php?c=order&a=add
INFO: [ app_init ] --START--
INFO: Run Behavior\BuildLiteBehavior [ RunTime:0.000000s ]
INFO: [ app_init ] --END-- [ RunTime:0.001001s ]
INFO: [ app_begin ] --START--
INFO: Run Behavior\ReadHtmlCacheBehavior [ RunTime:0.001000s ]
INFO: [ app_begin ] --END-- [ RunTime:0.001000s ]
NOTIC: [2048] Declaration of Common\Model\HotelModel::find() should be compatible with Think\Model::find($options = Array) H:\phpStudy\WWW\peihuo\Application\Common\Model\HotelModel.class.php 第 10 行.
SQL: SHOW COLUMNS FROM `ph_hotel` [ RunTime:0.0140s ]
SQL: SELECT * FROM `ph_hotel` WHERE ( hotel_id=1 ) LIMIT 1   [ RunTime:0.0000s ]
NOTIC: [2048] Declaration of Common\Model\OrderModel::find() should be compatible with Think\Model::find($options = Array) H:\phpStudy\WWW\peihuo\Application\Common\Model\OrderModel.class.php 第 125 行.
SQL: SHOW COLUMNS FROM `ph_order` [ RunTime:0.0120s ]
SQL: INSERT INTO `ph_order` (`hotel_id`,`hotel_name`,`hotel_number`,`order_sn`,`order_date`,`delivery_date`,`update_time`) VALUES ('1','明轩酒店','1001','2017091504594','1505406641','1505491200','1505406641') [ RunTime:0.0000s ]
NOTIC: [2048] Declaration of Common\Model\CategoryModel::find() should be compatible with Think\Model::find($options = Array) H:\phpStudy\WWW\peihuo\Application\Common\Model\CategoryModel.class.php 第 108 行.
SQL: SHOW COLUMNS FROM `ph_category` [ RunTime:0.0100s ]
SQL: SELECT * FROM `ph_category` WHERE ( category_id=3 ) LIMIT 1   [ RunTime:0.0010s ]
NOTIC: [2048] Declaration of Common\Model\FoodModel::find() should be compatible with Think\Model::find($options = Array) H:\phpStudy\WWW\peihuo\Application\Common\Model\FoodModel.class.php 第 140 行.
SQL: SHOW COLUMNS FROM `ph_food` [ RunTime:0.0070s ]
SQL: SELECT * FROM `ph_food` WHERE ( food_id=1 ) LIMIT 1   [ RunTime:0.0000s ]
NOTIC: [2048] Declaration of Common\Model\DetailModel::find() should be compatible with Think\Model::find($options = Array) H:\phpStudy\WWW\peihuo\Application\Common\Model\DetailModel.class.php 第 164 行.
SQL: SHOW COLUMNS FROM `ph_detail` [ RunTime:0.0060s ]
SQL: INSERT INTO `ph_detail` (`order_id`,`update_time`,`depart_id`,`category_id`,`category_name`,`food_id`,`food_price`,`food_name`,`food_unit`,`order_number`,`delivery_number`) VALUES ('36','1505406641','1','3','水果','1','6.00','香蕉','斤','1','') [ RunTime:0.0000s ]
NOTIC: [2048] Declaration of Common\Model\CountModel::find() should be compatible with Think\Model::find($options = Array) H:\phpStudy\WWW\peihuo\Application\Common\Model\CountModel.class.php 第 170 行.
SQL: SHOW COLUMNS FROM `ph_count` [ RunTime:0.0060s ]
SQL: INSERT INTO `ph_count` (`order_id`,`update_time`,`hotel_name`,`hotel_number`,`depart_number_1`,`category_id`,`category_name`,`food_id`,`food_price`,`food_name`,`food_unit`,`order_number`,`delivery_number`) VALUES ('36','1505406641','明轩酒店','1001','1','3','水果','1','6.00','香蕉','斤','1','') [ RunTime:0.0000s ]
SQL: SELECT * FROM `ph_category` WHERE ( category_id=1 ) LIMIT 1   [ RunTime:0.0000s ]
SQL: SELECT * FROM `ph_food` WHERE ( food_id=8 ) LIMIT 1   [ RunTime:0.0000s ]
SQL: INSERT INTO `ph_detail` (`order_id`,`update_time`,`depart_id`,`category_id`,`category_name`,`food_id`,`food_price`,`food_name`,`food_unit`,`order_number`,`delivery_number`) VALUES ('36','1505406641','2','1','蔬菜','8','2.58','生菜','斤','4','') [ RunTime:0.0000s ]
SQL: INSERT INTO `ph_count` (`order_id`,`update_time`,`hotel_name`,`hotel_number`,`category_id`,`category_name`,`food_id`,`food_price`,`food_name`,`food_unit`,`order_number`,`delivery_number`,`depart_number_2`) VALUES ('36','1505406641','明轩酒店','1001','1','蔬菜','8','2.58','生菜','斤','4','','4') [ RunTime:0.0010s ]
SQL: SELECT * FROM `ph_category` WHERE ( category_id=1 ) LIMIT 1   [ RunTime:0.0000s ]
SQL: SELECT * FROM `ph_food` WHERE ( food_id=8 ) LIMIT 1   [ RunTime:0.0000s ]
SQL: INSERT INTO `ph_detail` (`order_id`,`update_time`,`depart_id`,`category_id`,`category_name`,`food_id`,`food_price`,`food_name`,`food_unit`,`order_number`,`delivery_number`) VALUES ('36','1505406641','3','1','蔬菜','8','2.58','生菜','斤','5','') [ RunTime:0.0000s ]
SQL: INSERT INTO `ph_count` (`order_id`,`update_time`,`hotel_name`,`hotel_number`,`category_id`,`category_name`,`food_id`,`food_price`,`food_name`,`food_unit`,`order_number`,`delivery_number`,`depart_number_3`) VALUES ('36','1505406641','明轩酒店','1001','1','蔬菜','8','2.58','生菜','斤','5','','5') [ RunTime:0.0000s ]
SQL: SELECT * FROM `ph_category` WHERE ( category_id=2 ) LIMIT 1   [ RunTime:0.0000s ]
SQL: SELECT * FROM `ph_food` WHERE ( food_id=11 ) LIMIT 1   [ RunTime:0.0000s ]
SQL: INSERT INTO `ph_detail` (`order_id`,`update_time`,`depart_id`,`category_id`,`category_name`,`food_id`,`food_price`,`food_name`,`food_unit`,`order_number`,`delivery_number`) VALUES ('36','1505406641','3','2','肉类','11','25.40','牛肉','斤','6','') [ RunTime:0.0010s ]
SQL: INSERT INTO `ph_count` (`order_id`,`update_time`,`hotel_name`,`hotel_number`,`category_id`,`category_name`,`food_id`,`food_price`,`food_name`,`food_unit`,`order_number`,`delivery_number`,`depart_number_3`) VALUES ('36','1505406641','明轩酒店','1001','2','肉类','11','25.40','牛肉','斤','6','','6') [ RunTime:0.0000s ]
SQL: SELECT * FROM `ph_category` WHERE ( category_id=2 ) LIMIT 1   [ RunTime:0.0000s ]
SQL: SELECT * FROM `ph_food` WHERE ( food_id=11 ) LIMIT 1   [ RunTime:0.0000s ]
SQL: INSERT INTO `ph_detail` (`order_id`,`update_time`,`depart_id`,`category_id`,`category_name`,`food_id`,`food_price`,`food_name`,`food_unit`,`order_number`,`delivery_number`) VALUES ('36','1505406641','4','2','肉类','11','25.40','牛肉','斤','74','') [ RunTime:0.0000s ]
SQL: INSERT INTO `ph_count` (`order_id`,`update_time`,`hotel_name`,`hotel_number`,`category_id`,`category_name`,`food_id`,`food_price`,`food_name`,`food_unit`,`order_number`,`delivery_number`,`depart_number_4`) VALUES ('36','1505406641','明轩酒店','1001','2','肉类','11','25.40','牛肉','斤','74','','74') [ RunTime:0.0000s ]
SQL: SELECT * FROM `ph_category` WHERE ( category_id=3 ) LIMIT 1   [ RunTime:0.0000s ]
SQL: SELECT * FROM `ph_food` WHERE ( food_id=1 ) LIMIT 1   [ RunTime:0.0000s ]
SQL: INSERT INTO `ph_detail` (`order_id`,`update_time`,`depart_id`,`category_id`,`category_name`,`food_id`,`food_price`,`food_name`,`food_unit`,`order_number`,`delivery_number`) VALUES ('36','1505406641','5','3','水果','1','6.00','香蕉','斤','2','') [ RunTime:0.0000s ]
SQL: INSERT INTO `ph_count` (`order_id`,`update_time`,`hotel_name`,`hotel_number`,`category_id`,`category_name`,`food_id`,`food_price`,`food_name`,`food_unit`,`order_number`,`delivery_number`,`depart_number_5`) VALUES ('36','1505406641','明轩酒店','1001','3','水果','1','6.00','香蕉','斤','2','','2') [ RunTime:0.0010s ]
SQL: SELECT * FROM `ph_category` WHERE ( category_id=2 ) LIMIT 1   [ RunTime:0.0000s ]
SQL: SELECT * FROM `ph_food` WHERE ( food_id=11 ) LIMIT 1   [ RunTime:0.0000s ]
SQL: INSERT INTO `ph_detail` (`order_id`,`update_time`,`depart_id`,`category_id`,`category_name`,`food_id`,`food_price`,`food_name`,`food_unit`,`order_number`,`delivery_number`) VALUES ('36','1505406641','5','2','肉类','11','25.40','牛肉','斤','44','') [ RunTime:0.0000s ]
SQL: INSERT INTO `ph_count` (`order_id`,`update_time`,`hotel_name`,`hotel_number`,`category_id`,`category_name`,`food_id`,`food_price`,`food_name`,`food_unit`,`order_number`,`delivery_number`,`depart_number_5`) VALUES ('36','1505406641','明轩酒店','1001','2','肉类','11','25.40','牛肉','斤','44','','44') [ RunTime:0.0000s ]

[ 2017-09-15T00:30:42+08:00 ] ::1 /peihuo/index.php?c=order
INFO: [ app_init ] --START--
INFO: Run Behavior\BuildLiteBehavior [ RunTime:0.000000s ]
INFO: [ app_init ] --END-- [ RunTime:0.001000s ]
INFO: [ app_begin ] --START--
INFO: Run Behavior\ReadHtmlCacheBehavior [ RunTime:0.000000s ]
INFO: [ app_begin ] --END-- [ RunTime:0.000000s ]
NOTIC: [2048] Declaration of Common\Model\OrderModel::find() should be compatible with Think\Model::find($options = Array) H:\phpStudy\WWW\peihuo\Application\Common\Model\OrderModel.class.php 第 10 行.
SQL: SHOW COLUMNS FROM `ph_order` [ RunTime:0.0060s ]
SQL: SELECT * FROM `ph_order` WHERE `status` <> -1 ORDER BY order_id desc  [ RunTime:0.0000s ]
SQL: SELECT COUNT(*) AS tp_count FROM `ph_order` WHERE `status` <> -1 LIMIT 1   [ RunTime:0.0000s ]
INFO: [ view_parse ] --START--
INFO: [ template_filter ] --START--
INFO: Run Behavior\ContentReplaceBehavior [ RunTime:0.000000s ]
INFO: [ template_filter ] --END-- [ RunTime:0.000000s ]
INFO: Run Behavior\ParseTemplateBehavior [ RunTime:0.008001s ]
INFO: [ view_parse ] --END-- [ RunTime:0.008001s ]
INFO: [ view_filter ] --START--
INFO: Run Behavior\WriteHtmlCacheBehavior [ RunTime:0.000000s ]
INFO: [ view_filter ] --END-- [ RunTime:0.000000s ]
INFO: [ app_end ] --START--
INFO: Run Behavior\ShowPageTraceBehavior [ RunTime:0.001000s ]
INFO: [ app_end ] --END-- [ RunTime:0.001000s ]

[ 2017-09-15T00:30:46+08:00 ] ::1 /peihuo/index.php?c=order&a=check&id=36
INFO: [ app_init ] --START--
INFO: Run Behavior\BuildLiteBehavior [ RunTime:0.000000s ]
INFO: [ app_init ] --END-- [ RunTime:0.001000s ]
INFO: [ app_begin ] --START--
INFO: Run Behavior\ReadHtmlCacheBehavior [ RunTime:0.001000s ]
INFO: [ app_begin ] --END-- [ RunTime:0.001000s ]
NOTIC: [2048] Declaration of Common\Model\OrderModel::find() should be compatible with Think\Model::find($options = Array) H:\phpStudy\WWW\peihuo\Application\Common\Model\OrderModel.class.php 第 10 行.
SQL: SHOW COLUMNS FROM `ph_order` [ RunTime:0.0070s ]
SQL: SELECT * FROM `ph_order` WHERE ( order_id=36 ) LIMIT 1   [ RunTime:0.0010s ]
NOTIC: [2048] Declaration of Common\Model\CountModel::find() should be compatible with Think\Model::find($options = Array) H:\phpStudy\WWW\peihuo\Application\Common\Model\CountModel.class.php 第 170 行.
SQL: SHOW COLUMNS FROM `ph_count` [ RunTime:0.0070s ]
SQL: SELECT `food_name`,SUM(depart_number_1) AS total1,SUM(depart_number_2) AS total2,SUM(depart_number_3) AS total3,SUM(depart_number_4) AS total4,SUM(depart_number_5) AS total5,SUM(order_number) AS total FROM `ph_count` WHERE `status` <> -1 GROUP BY food_name ORDER BY count_id asc  [ RunTime:0.0010s ]
INFO: [ view_parse ] --START--
INFO: [ template_filter ] --START--
INFO: Run Behavior\ContentReplaceBehavior [ RunTime:0.000000s ]
INFO: [ template_filter ] --END-- [ RunTime:0.000000s ]
INFO: Run Behavior\ParseTemplateBehavior [ RunTime:0.008000s ]
INFO: [ view_parse ] --END-- [ RunTime:0.008000s ]
INFO: [ view_filter ] --START--
INFO: Run Behavior\WriteHtmlCacheBehavior [ RunTime:0.000000s ]
INFO: [ view_filter ] --END-- [ RunTime:0.000000s ]
INFO: [ app_end ] --START--
INFO: Run Behavior\ShowPageTraceBehavior [ RunTime:0.001000s ]
INFO: [ app_end ] --END-- [ RunTime:0.001000s ]

[ 2017-09-15T00:31:21+08:00 ] ::1 /peihuo/index.php?c=order&a=edit&id=36
INFO: [ app_init ] --START--
INFO: Run Behavior\BuildLiteBehavior [ RunTime:0.000000s ]
INFO: [ app_init ] --END-- [ RunTime:0.001001s ]
INFO: [ app_begin ] --START--
INFO: Run Behavior\ReadHtmlCacheBehavior [ RunTime:0.001000s ]
INFO: [ app_begin ] --END-- [ RunTime:0.001000s ]
NOTIC: [2048] Declaration of Common\Model\OrderModel::find() should be compatible with Think\Model::find($options = Array) H:\phpStudy\WWW\peihuo\Application\Common\Model\OrderModel.class.php 第 10 行.
SQL: SHOW COLUMNS FROM `ph_order` [ RunTime:0.0090s ]
SQL: SELECT * FROM `ph_order` WHERE ( order_id=36 ) LIMIT 1   [ RunTime:0.0000s ]
NOTIC: [2048] Declaration of Common\Model\HotelModel::find() should be compatible with Think\Model::find($options = Array) H:\phpStudy\WWW\peihuo\Application\Common\Model\HotelModel.class.php 第 129 行.
SQL: SHOW COLUMNS FROM `ph_hotel` [ RunTime:0.0060s ]
SQL: SELECT * FROM `ph_hotel` WHERE `status` <> -1 ORDER BY hotel_id asc  [ RunTime:0.0000s ]
NOTIC: [2048] Declaration of Common\Model\CategoryModel::find() should be compatible with Think\Model::find($options = Array) H:\phpStudy\WWW\peihuo\Application\Common\Model\CategoryModel.class.php 第 108 行.
SQL: SHOW COLUMNS FROM `ph_category` [ RunTime:0.0070s ]
SQL: SELECT * FROM `ph_category` WHERE `status` <> -1 ORDER BY category_id asc  [ RunTime:0.0000s ]
NOTIC: [2048] Declaration of Common\Model\FoodModel::find() should be compatible with Think\Model::find($options = Array) H:\phpStudy\WWW\peihuo\Application\Common\Model\FoodModel.class.php 第 140 行.
SQL: SHOW COLUMNS FROM `ph_food` [ RunTime:0.0060s ]
SQL: SELECT * FROM `ph_food` WHERE `status` <> -1 ORDER BY food_id desc  [ RunTime:0.0000s ]
NOTIC: [2048] Declaration of Common\Model\DetailModel::find() should be compatible with Think\Model::find($options = Array) H:\phpStudy\WWW\peihuo\Application\Common\Model\DetailModel.class.php 第 164 行.
SQL: SHOW COLUMNS FROM `ph_detail` [ RunTime:0.0060s ]
SQL: SELECT * FROM `ph_detail` WHERE `depart_id` = 1 AND `order_id` = 36 AND `status` <> -1 ORDER BY detail_id asc  [ RunTime:0.0000s ]
SQL: SELECT * FROM `ph_detail` WHERE `depart_id` = 2 AND `order_id` = 36 AND `status` <> -1 ORDER BY detail_id asc  [ RunTime:0.0000s ]
SQL: SELECT * FROM `ph_detail` WHERE `depart_id` = 3 AND `order_id` = 36 AND `status` <> -1 ORDER BY detail_id asc  [ RunTime:0.0000s ]
SQL: SELECT * FROM `ph_detail` WHERE `depart_id` = 4 AND `order_id` = 36 AND `status` <> -1 ORDER BY detail_id asc  [ RunTime:0.0000s ]
SQL: SELECT * FROM `ph_detail` WHERE `depart_id` = 5 AND `order_id` = 36 AND `status` <> -1 ORDER BY detail_id asc  [ RunTime:0.0010s ]
INFO: [ view_parse ] --START--
INFO: [ template_filter ] --START--
INFO: Run Behavior\ContentReplaceBehavior [ RunTime:0.000000s ]
INFO: [ template_filter ] --END-- [ RunTime:0.000000s ]
NOTIC: [8] Undefined variable: today H:\phpStudy\WWW\peihuo\Application\Runtime\Cache\Home\f773b9f65af8d1264ea6cb518a921941.php 第 51 行.
INFO: Run Behavior\ParseTemplateBehavior [ RunTime:0.030001s ]
INFO: [ view_parse ] --END-- [ RunTime:0.030001s ]
INFO: [ view_filter ] --START--
INFO: Run Behavior\WriteHtmlCacheBehavior [ RunTime:0.001000s ]
INFO: [ view_filter ] --END-- [ RunTime:0.001000s ]
INFO: [ app_end ] --START--
INFO: Run Behavior\ShowPageTraceBehavior [ RunTime:0.000000s ]
INFO: [ app_end ] --END-- [ RunTime:0.000000s ]

[ 2017-09-15T00:34:18+08:00 ] ::1 /peihuo/index.php?c=order&a=check&id=36
INFO: [ app_init ] --START--
INFO: Run Behavior\BuildLiteBehavior [ RunTime:0.000000s ]
INFO: [ app_init ] --END-- [ RunTime:0.001000s ]
INFO: [ app_begin ] --START--
INFO: Run Behavior\ReadHtmlCacheBehavior [ RunTime:0.001000s ]
INFO: [ app_begin ] --END-- [ RunTime:0.001000s ]
NOTIC: [2048] Declaration of Common\Model\OrderModel::find() should be compatible with Think\Model::find($options = Array) H:\phpStudy\WWW\peihuo\Application\Common\Model\OrderModel.class.php 第 10 行.
SQL: SHOW COLUMNS FROM `ph_order` [ RunTime:0.0080s ]
SQL: SELECT * FROM `ph_order` WHERE ( order_id=36 ) LIMIT 1   [ RunTime:0.0000s ]
NOTIC: [2048] Declaration of Common\Model\CountModel::find() should be compatible with Think\Model::find($options = Array) H:\phpStudy\WWW\peihuo\Application\Common\Model\CountModel.class.php 第 170 行.
SQL: SHOW COLUMNS FROM `ph_count` [ RunTime:0.0070s ]
SQL: SELECT `food_name`,SUM(depart_number_1) AS total1,SUM(depart_number_2) AS total2,SUM(depart_number_3) AS total3,SUM(depart_number_4) AS total4,SUM(depart_number_5) AS total5,SUM(order_number) AS total FROM `ph_count` WHERE `status` <> -1 GROUP BY food_name ORDER BY count_id asc  [ RunTime:0.0010s ]
INFO: [ view_parse ] --START--
INFO: [ template_filter ] --START--
INFO: Run Behavior\ContentReplaceBehavior [ RunTime:0.000000s ]
INFO: [ template_filter ] --END-- [ RunTime:0.000000s ]
INFO: Run Behavior\ParseTemplateBehavior [ RunTime:0.016001s ]
INFO: [ view_parse ] --END-- [ RunTime:0.016001s ]
INFO: [ view_filter ] --START--
INFO: Run Behavior\WriteHtmlCacheBehavior [ RunTime:0.001000s ]
INFO: [ view_filter ] --END-- [ RunTime:0.001000s ]
INFO: [ app_end ] --START--
INFO: Run Behavior\ShowPageTraceBehavior [ RunTime:0.001000s ]
INFO: [ app_end ] --END-- [ RunTime:0.001000s ]

[ 2017-09-15T00:35:30+08:00 ] ::1 /peihuo/index.php?c=order
INFO: [ app_init ] --START--
INFO: Run Behavior\BuildLiteBehavior [ RunTime:0.001000s ]
INFO: [ app_init ] --END-- [ RunTime:0.001000s ]
INFO: [ app_begin ] --START--
INFO: Run Behavior\ReadHtmlCacheBehavior [ RunTime:0.001000s ]
INFO: [ app_begin ] --END-- [ RunTime:0.001000s ]
NOTIC: [2048] Declaration of Common\Model\OrderModel::find() should be compatible with Think\Model::find($options = Array) H:\phpStudy\WWW\peihuo\Application\Common\Model\OrderModel.class.php 第 10 行.
SQL: SHOW COLUMNS FROM `ph_order` [ RunTime:0.0120s ]
SQL: SELECT * FROM `ph_order` WHERE `status` <> -1 ORDER BY order_id desc  [ RunTime:0.0010s ]
SQL: SELECT COUNT(*) AS tp_count FROM `ph_order` WHERE `status` <> -1 LIMIT 1   [ RunTime:0.0010s ]
INFO: [ view_parse ] --START--
INFO: [ template_filter ] --START--
INFO: Run Behavior\ContentReplaceBehavior [ RunTime:0.000000s ]
INFO: [ template_filter ] --END-- [ RunTime:0.000000s ]
INFO: Run Behavior\ParseTemplateBehavior [ RunTime:0.014001s ]
INFO: [ view_parse ] --END-- [ RunTime:0.014001s ]
INFO: [ view_filter ] --START--
INFO: Run Behavior\WriteHtmlCacheBehavior [ RunTime:0.001000s ]
INFO: [ view_filter ] --END-- [ RunTime:0.001000s ]
INFO: [ app_end ] --START--
INFO: Run Behavior\ShowPageTraceBehavior [ RunTime:0.001000s ]
INFO: [ app_end ] --END-- [ RunTime:0.001000s ]

[ 2017-09-15T00:35:39+08:00 ] ::1 /peihuo/index.php?c=order&a=add
INFO: [ app_init ] --START--
INFO: Run Behavior\BuildLiteBehavior [ RunTime:0.000000s ]
INFO: [ app_init ] --END-- [ RunTime:0.001000s ]
INFO: [ app_begin ] --START--
INFO: Run Behavior\ReadHtmlCacheBehavior [ RunTime:0.000000s ]
INFO: [ app_begin ] --END-- [ RunTime:0.000000s ]
NOTIC: [2048] Declaration of Common\Model\HotelModel::find() should be compatible with Think\Model::find($options = Array) H:\phpStudy\WWW\peihuo\Application\Common\Model\HotelModel.class.php 第 10 行.
SQL: SHOW COLUMNS FROM `ph_hotel` [ RunTime:0.0070s ]
SQL: SELECT * FROM `ph_hotel` WHERE `status` <> -1 ORDER BY hotel_id asc  [ RunTime:0.0000s ]
NOTIC: [2048] Declaration of Common\Model\CategoryModel::find() should be compatible with Think\Model::find($options = Array) H:\phpStudy\WWW\peihuo\Application\Common\Model\CategoryModel.class.php 第 108 行.
SQL: SHOW COLUMNS FROM `ph_category` [ RunTime:0.0060s ]
SQL: SELECT * FROM `ph_category` WHERE `status` <> -1 ORDER BY category_id asc  [ RunTime:0.0000s ]
INFO: [ view_parse ] --START--
INFO: [ template_filter ] --START--
INFO: Run Behavior\ContentReplaceBehavior [ RunTime:0.000000s ]
INFO: [ template_filter ] --END-- [ RunTime:0.000000s ]
NOTIC: [8] Undefined variable: today H:\phpStudy\WWW\peihuo\Application\Runtime\Cache\Home\585339be4d132c0afead7245d660e331.php 第 46 行.
INFO: Run Behavior\ParseTemplateBehavior [ RunTime:0.015000s ]
INFO: [ view_parse ] --END-- [ RunTime:0.015000s ]
INFO: [ view_filter ] --START--
INFO: Run Behavior\WriteHtmlCacheBehavior [ RunTime:0.000000s ]
INFO: [ view_filter ] --END-- [ RunTime:0.000000s ]
INFO: [ app_end ] --START--
INFO: Run Behavior\ShowPageTraceBehavior [ RunTime:0.001000s ]
INFO: [ app_end ] --END-- [ RunTime:0.001000s ]

[ 2017-09-15T00:35:45+08:00 ] ::1 /peihuo/index.php?c=food&a=getFoodData
INFO: [ app_init ] --START--
INFO: Run Behavior\BuildLiteBehavior [ RunTime:0.000000s ]
INFO: [ app_init ] --END-- [ RunTime:0.001000s ]
INFO: [ app_begin ] --START--
INFO: Run Behavior\ReadHtmlCacheBehavior [ RunTime:0.001000s ]
INFO: [ app_begin ] --END-- [ RunTime:0.001000s ]
NOTIC: [2048] Declaration of Common\Model\FoodModel::find() should be compatible with Think\Model::find($options = Array) H:\phpStudy\WWW\peihuo\Application\Common\Model\FoodModel.class.php 第 10 行.
SQL: SHOW COLUMNS FROM `ph_food` [ RunTime:0.0150s ]
SQL: SELECT * FROM `ph_food` WHERE `status` = 1 AND `category_id` = 1 ORDER BY food_id asc  [ RunTime:0.0010s ]

[ 2017-09-15T00:35:51+08:00 ] ::1 /peihuo/index.php?c=food&a=getFoodData
INFO: [ app_init ] --START--
INFO: Run Behavior\BuildLiteBehavior [ RunTime:0.001000s ]
INFO: [ app_init ] --END-- [ RunTime:0.001000s ]
INFO: [ app_begin ] --START--
INFO: Run Behavior\ReadHtmlCacheBehavior [ RunTime:0.000000s ]
INFO: [ app_begin ] --END-- [ RunTime:0.000000s ]
NOTIC: [2048] Declaration of Common\Model\FoodModel::find() should be compatible with Think\Model::find($options = Array) H:\phpStudy\WWW\peihuo\Application\Common\Model\FoodModel.class.php 第 10 行.
SQL: SHOW COLUMNS FROM `ph_food` [ RunTime:0.0080s ]
SQL: SELECT * FROM `ph_food` WHERE `status` = 1 AND `category_id` = 2 ORDER BY food_id asc  [ RunTime:0.0010s ]

[ 2017-09-15T00:35:57+08:00 ] ::1 /peihuo/index.php?c=food&a=getFoodData
INFO: [ app_init ] --START--
INFO: Run Behavior\BuildLiteBehavior [ RunTime:0.000000s ]
INFO: [ app_init ] --END-- [ RunTime:0.001000s ]
INFO: [ app_begin ] --START--
INFO: Run Behavior\ReadHtmlCacheBehavior [ RunTime:0.000000s ]
INFO: [ app_begin ] --END-- [ RunTime:0.000000s ]
NOTIC: [2048] Declaration of Common\Model\FoodModel::find() should be compatible with Think\Model::find($options = Array) H:\phpStudy\WWW\peihuo\Application\Common\Model\FoodModel.class.php 第 10 行.
SQL: SHOW COLUMNS FROM `ph_food` [ RunTime:0.0130s ]
SQL: SELECT * FROM `ph_food` WHERE `status` = 1 AND `category_id` = 1 ORDER BY food_id asc  [ RunTime:0.0010s ]

[ 2017-09-15T00:36:00+08:00 ] ::1 /peihuo/index.php?c=food&a=getFoodData
INFO: [ app_init ] --START--
INFO: Run Behavior\BuildLiteBehavior [ RunTime:0.000000s ]
INFO: [ app_init ] --END-- [ RunTime:0.000000s ]
INFO: [ app_begin ] --START--
INFO: Run Behavior\ReadHtmlCacheBehavior [ RunTime:0.001001s ]
INFO: [ app_begin ] --END-- [ RunTime:0.001001s ]
NOTIC: [2048] Declaration of Common\Model\FoodModel::find() should be compatible with Think\Model::find($options = Array) H:\phpStudy\WWW\peihuo\Application\Common\Model\FoodModel.class.php 第 10 行.
SQL: SHOW COLUMNS FROM `ph_food` [ RunTime:0.0120s ]
SQL: SELECT * FROM `ph_food` WHERE `status` = 1 AND `category_id` = 2 ORDER BY food_id asc  [ RunTime:0.0000s ]

