[ 2017-09-21T17:01:19+08:00 ] ::1 /peihuo/index.php?c=login
INFO: [ app_init ] --START--
INFO: Run Behavior\BuildLiteBehavior [ RunTime:0.000000s ]
INFO: [ app_init ] --END-- [ RunTime:0.001000s ]
INFO: [ app_begin ] --START--
INFO: Run Behavior\ReadHtmlCacheBehavior [ RunTime:0.001000s ]
INFO: [ app_begin ] --END-- [ RunTime:0.001000s ]
INFO: [ view_parse ] --START--
INFO: [ template_filter ] --START--
INFO: Run Behavior\ContentReplaceBehavior [ RunTime:0.000000s ]
INFO: [ template_filter ] --END-- [ RunTime:0.001000s ]
INFO: Run Behavior\ParseTemplateBehavior [ RunTime:0.028001s ]
INFO: [ view_parse ] --END-- [ RunTime:0.028001s ]
INFO: [ view_filter ] --START--
INFO: Run Behavior\WriteHtmlCacheBehavior [ RunTime:0.001000s ]
INFO: [ view_filter ] --END-- [ RunTime:0.001000s ]
INFO: [ app_end ] --START--
INFO: Run Behavior\ShowPageTraceBehavior [ RunTime:0.001000s ]
INFO: [ app_end ] --END-- [ RunTime:0.001000s ]

[ 2017-09-21T17:20:21+08:00 ] ::1 /peihuo/index.php?c=login&a=check
INFO: [ app_init ] --START--
INFO: Run Behavior\BuildLiteBehavior [ RunTime:0.000000s ]
INFO: [ app_init ] --END-- [ RunTime:0.001000s ]
INFO: [ app_begin ] --START--
INFO: Run Behavior\ReadHtmlCacheBehavior [ RunTime:0.002001s ]
INFO: [ app_begin ] --END-- [ RunTime:0.002001s ]
SQL: SHOW COLUMNS FROM `ph_admin` [ RunTime:0.1490s ]
SQL: SELECT * FROM `ph_admin` WHERE ( username="admin" ) LIMIT 1   [ RunTime:0.0010s ]

[ 2017-09-21T17:33:59+08:00 ] ::1 /peihuo/index.php?c=login&a=check
INFO: [ app_init ] --START--
INFO: Run Behavior\BuildLiteBehavior [ RunTime:0.000000s ]
INFO: [ app_init ] --END-- [ RunTime:0.001001s ]
INFO: [ app_begin ] --START--
INFO: Run Behavior\ReadHtmlCacheBehavior [ RunTime:0.001000s ]
INFO: [ app_begin ] --END-- [ RunTime:0.001000s ]
SQL: SHOW COLUMNS FROM `ph_admin` [ RunTime:0.0380s ]
SQL: SELECT * FROM `ph_admin` WHERE ( username="admin" ) LIMIT 1   [ RunTime:0.0000s ]

[ 2017-09-21T17:34:03+08:00 ] ::1 /peihuo/index.php?c=login&a=check
INFO: [ app_init ] --START--
INFO: Run Behavior\BuildLiteBehavior [ RunTime:0.000000s ]
INFO: [ app_init ] --END-- [ RunTime:0.001000s ]
INFO: [ app_begin ] --START--
INFO: Run Behavior\ReadHtmlCacheBehavior [ RunTime:0.001000s ]
INFO: [ app_begin ] --END-- [ RunTime:0.001000s ]
SQL: SHOW COLUMNS FROM `ph_admin` [ RunTime:0.0760s ]
SQL: SELECT * FROM `ph_admin` WHERE ( username="admin" ) LIMIT 1   [ RunTime:0.0000s ]
SQL: UPDATE `ph_admin` SET `lastlogintime`='1505986443' WHERE ( admin_id=1 ) [ RunTime:0.0000s ]

[ 2017-09-21T17:34:06+08:00 ] ::1 /peihuo/index.php?c=login&a=check
INFO: [ app_init ] --START--
INFO: Run Behavior\BuildLiteBehavior [ RunTime:0.000000s ]
INFO: [ app_init ] --END-- [ RunTime:0.001000s ]
INFO: [ app_begin ] --START--
INFO: Run Behavior\ReadHtmlCacheBehavior [ RunTime:0.001000s ]
INFO: [ app_begin ] --END-- [ RunTime:0.001000s ]
SQL: SHOW COLUMNS FROM `ph_admin` [ RunTime:0.0650s ]
SQL: SELECT * FROM `ph_admin` WHERE ( username="admin" ) LIMIT 1   [ RunTime:0.0000s ]
SQL: UPDATE `ph_admin` SET `lastlogintime`='1505986446' WHERE ( admin_id=1 ) [ RunTime:0.0000s ]

[ 2017-09-21T17:34:28+08:00 ] ::1 /peihuo/index.php?c=login&a=check
INFO: [ app_init ] --START--
INFO: Run Behavior\BuildLiteBehavior [ RunTime:0.000000s ]
INFO: [ app_init ] --END-- [ RunTime:0.001000s ]
INFO: [ app_begin ] --START--
INFO: Run Behavior\ReadHtmlCacheBehavior [ RunTime:0.001000s ]
INFO: [ app_begin ] --END-- [ RunTime:0.001000s ]
SQL: SHOW COLUMNS FROM `ph_admin` [ RunTime:0.1000s ]
SQL: SELECT * FROM `ph_admin` WHERE ( username="admin" ) LIMIT 1   [ RunTime:0.0000s ]
SQL: UPDATE `ph_admin` SET `lastlogintime`='1505986468' WHERE ( admin_id=1 ) [ RunTime:0.0000s ]

[ 2017-09-21T17:34:58+08:00 ] ::1 /peihuo/index.php?c=login&a=check
INFO: [ app_init ] --START--
INFO: Run Behavior\BuildLiteBehavior [ RunTime:0.000000s ]
INFO: [ app_init ] --END-- [ RunTime:0.001000s ]
INFO: [ app_begin ] --START--
INFO: Run Behavior\ReadHtmlCacheBehavior [ RunTime:0.002000s ]
INFO: [ app_begin ] --END-- [ RunTime:0.002000s ]
SQL: SHOW COLUMNS FROM `ph_admin` [ RunTime:0.1020s ]
SQL: SELECT * FROM `ph_admin` WHERE ( username="admin" ) LIMIT 1   [ RunTime:0.0000s ]
SQL: UPDATE `ph_admin` SET `lastlogintime`='1505986498' WHERE ( admin_id=1 ) [ RunTime:0.0010s ]

[ 2017-09-21T17:35:32+08:00 ] ::1 /peihuo/index.php?c=login&a=check
INFO: [ app_init ] --START--
INFO: Run Behavior\BuildLiteBehavior [ RunTime:0.000000s ]
INFO: [ app_init ] --END-- [ RunTime:0.001000s ]
INFO: [ app_begin ] --START--
INFO: Run Behavior\ReadHtmlCacheBehavior [ RunTime:0.001000s ]
INFO: [ app_begin ] --END-- [ RunTime:0.001000s ]

[ 2017-09-21T17:36:25+08:00 ] ::1 /peihuo/index.php?c=login
INFO: [ app_init ] --START--
INFO: Run Behavior\BuildLiteBehavior [ RunTime:0.000000s ]
INFO: [ app_init ] --END-- [ RunTime:0.001000s ]
INFO: [ app_begin ] --START--
INFO: Run Behavior\ReadHtmlCacheBehavior [ RunTime:0.002001s ]
INFO: [ app_begin ] --END-- [ RunTime:0.002001s ]
INFO: [ view_parse ] --START--
INFO: [ template_filter ] --START--
INFO: Run Behavior\ContentReplaceBehavior [ RunTime:0.000000s ]
INFO: [ template_filter ] --END-- [ RunTime:0.000000s ]
INFO: Run Behavior\ParseTemplateBehavior [ RunTime:0.036002s ]
INFO: [ view_parse ] --END-- [ RunTime:0.036002s ]
INFO: [ view_filter ] --START--
INFO: Run Behavior\WriteHtmlCacheBehavior [ RunTime:0.001000s ]
INFO: [ view_filter ] --END-- [ RunTime:0.001000s ]
INFO: [ app_end ] --START--
INFO: Run Behavior\ShowPageTraceBehavior [ RunTime:0.001000s ]
INFO: [ app_end ] --END-- [ RunTime:0.001000s ]

[ 2017-09-21T17:36:30+08:00 ] ::1 /peihuo/index.php?c=login&a=check
INFO: [ app_init ] --START--
INFO: Run Behavior\BuildLiteBehavior [ RunTime:0.000000s ]
INFO: [ app_init ] --END-- [ RunTime:0.001000s ]
INFO: [ app_begin ] --START--
INFO: Run Behavior\ReadHtmlCacheBehavior [ RunTime:0.001000s ]
INFO: [ app_begin ] --END-- [ RunTime:0.001000s ]
SQL: SHOW COLUMNS FROM `ph_admin` [ RunTime:0.0360s ]
SQL: SELECT * FROM `ph_admin` WHERE ( username="admin" ) LIMIT 1   [ RunTime:0.0000s ]
SQL: UPDATE `ph_admin` SET `lastlogintime`='1505986590' WHERE ( admin_id=1 ) [ RunTime:0.0000s ]

[ 2017-09-21T17:36:32+08:00 ] ::1 /peihuo/index.php?c=index
INFO: [ app_init ] --START--
INFO: Run Behavior\BuildLiteBehavior [ RunTime:0.000000s ]
INFO: [ app_init ] --END-- [ RunTime:0.000000s ]
INFO: [ app_begin ] --START--
INFO: Run Behavior\ReadHtmlCacheBehavior [ RunTime:0.001000s ]
INFO: [ app_begin ] --END-- [ RunTime:0.001000s ]
INFO: [ view_parse ] --START--
INFO: [ template_filter ] --START--
INFO: Run Behavior\ContentReplaceBehavior [ RunTime:0.000000s ]
INFO: [ template_filter ] --END-- [ RunTime:0.000000s ]
NOTIC: [8] Undefined variable: webname F:\phpStudy\WWW\peihuo\Application\Runtime\Cache\Home\2a94b8bda04ff446dcedd42276fc99ee.php 第 24 行.
INFO: Run Behavior\ParseTemplateBehavior [ RunTime:0.101005s ]
INFO: [ view_parse ] --END-- [ RunTime:0.101005s ]
INFO: [ view_filter ] --START--
INFO: Run Behavior\WriteHtmlCacheBehavior [ RunTime:0.001000s ]
INFO: [ view_filter ] --END-- [ RunTime:0.001000s ]
INFO: [ app_end ] --START--
INFO: Run Behavior\ShowPageTraceBehavior [ RunTime:0.001000s ]
INFO: [ app_end ] --END-- [ RunTime:0.001000s ]

[ 2017-09-21T17:36:33+08:00 ] ::1 /peihuo/index.php?a=welcome
INFO: [ app_init ] --START--
INFO: Run Behavior\BuildLiteBehavior [ RunTime:0.000000s ]
INFO: [ app_init ] --END-- [ RunTime:0.000000s ]
INFO: [ app_begin ] --START--
INFO: Run Behavior\ReadHtmlCacheBehavior [ RunTime:0.001000s ]
INFO: [ app_begin ] --END-- [ RunTime:0.001000s ]
INFO: [ view_parse ] --START--
INFO: [ template_filter ] --START--
INFO: Run Behavior\ContentReplaceBehavior [ RunTime:0.000000s ]
INFO: [ template_filter ] --END-- [ RunTime:0.000000s ]
INFO: Run Behavior\ParseTemplateBehavior [ RunTime:0.211012s ]
INFO: [ view_parse ] --END-- [ RunTime:0.211012s ]
INFO: [ view_filter ] --START--
INFO: Run Behavior\WriteHtmlCacheBehavior [ RunTime:0.001000s ]
INFO: [ view_filter ] --END-- [ RunTime:0.001000s ]
INFO: [ app_end ] --START--
INFO: Run Behavior\ShowPageTraceBehavior [ RunTime:0.001000s ]
INFO: [ app_end ] --END-- [ RunTime:0.001000s ]

[ 2017-09-21T17:58:52+08:00 ] ::1 /peihuo/index.php?c=index
INFO: [ app_init ] --START--
INFO: Run Behavior\BuildLiteBehavior [ RunTime:0.000000s ]
INFO: [ app_init ] --END-- [ RunTime:0.001000s ]
INFO: [ app_begin ] --START--
INFO: Run Behavior\ReadHtmlCacheBehavior [ RunTime:0.001000s ]
INFO: [ app_begin ] --END-- [ RunTime:0.001000s ]
INFO: [ view_parse ] --START--
INFO: [ template_filter ] --START--
INFO: Run Behavior\ContentReplaceBehavior [ RunTime:0.000000s ]
INFO: [ template_filter ] --END-- [ RunTime:0.000000s ]
NOTIC: [8] Undefined variable: webname F:\phpStudy\WWW\peihuo\Application\Runtime\Cache\Home\2a94b8bda04ff446dcedd42276fc99ee.php 第 24 行.
INFO: Run Behavior\ParseTemplateBehavior [ RunTime:0.030002s ]
INFO: [ view_parse ] --END-- [ RunTime:0.030002s ]
INFO: [ view_filter ] --START--
INFO: Run Behavior\WriteHtmlCacheBehavior [ RunTime:0.001000s ]
INFO: [ view_filter ] --END-- [ RunTime:0.001000s ]
INFO: [ app_end ] --START--
INFO: Run Behavior\ShowPageTraceBehavior [ RunTime:0.001000s ]
INFO: [ app_end ] --END-- [ RunTime:0.001000s ]

[ 2017-09-21T17:58:52+08:00 ] ::1 /peihuo/index.php?a=welcome
INFO: [ app_init ] --START--
INFO: Run Behavior\BuildLiteBehavior [ RunTime:0.000000s ]
INFO: [ app_init ] --END-- [ RunTime:0.000000s ]
INFO: [ app_begin ] --START--
INFO: Run Behavior\ReadHtmlCacheBehavior [ RunTime:0.001000s ]
INFO: [ app_begin ] --END-- [ RunTime:0.001000s ]
INFO: [ view_parse ] --START--
INFO: [ template_filter ] --START--
INFO: Run Behavior\ContentReplaceBehavior [ RunTime:0.000000s ]
INFO: [ template_filter ] --END-- [ RunTime:0.000000s ]
INFO: Run Behavior\ParseTemplateBehavior [ RunTime:0.024001s ]
INFO: [ view_parse ] --END-- [ RunTime:0.024001s ]
INFO: [ view_filter ] --START--
INFO: Run Behavior\WriteHtmlCacheBehavior [ RunTime:0.001000s ]
INFO: [ view_filter ] --END-- [ RunTime:0.002000s ]
INFO: [ app_end ] --START--
INFO: Run Behavior\ShowPageTraceBehavior [ RunTime:0.001000s ]
INFO: [ app_end ] --END-- [ RunTime:0.001000s ]

[ 2017-09-21T17:58:59+08:00 ] ::1 /peihuo/index.php?c=count&a=hotelbymonth
INFO: [ app_init ] --START--
INFO: Run Behavior\BuildLiteBehavior [ RunTime:0.000000s ]
INFO: [ app_init ] --END-- [ RunTime:0.001000s ]
INFO: [ app_begin ] --START--
INFO: Run Behavior\ReadHtmlCacheBehavior [ RunTime:0.001000s ]
INFO: [ app_begin ] --END-- [ RunTime:0.001000s ]
NOTIC: [8] Undefined index: hotel_id F:\phpStudy\WWW\peihuo\Application\Home\Controller\CountController.class.php 第 63 行.
NOTIC: [8] Undefined index: delivery_date F:\phpStudy\WWW\peihuo\Application\Home\Controller\CountController.class.php 第 64 行.
NOTIC: [8] Undefined index: delivery_date F:\phpStudy\WWW\peihuo\Application\Home\Controller\CountController.class.php 第 73 行.
NOTIC: [2048] Declaration of Common\Model\HotelModel::find() should be compatible with Think\Model::find($options = Array) F:\phpStudy\WWW\peihuo\Application\Common\Model\HotelModel.class.php 第 10 行.
SQL: SHOW COLUMNS FROM `ph_hotel` [ RunTime:0.1590s ]
SQL: SELECT * FROM `ph_hotel` WHERE `status` <> -1 ORDER BY hotel_id asc  [ RunTime:0.0140s ]
INFO: [ view_parse ] --START--
INFO: [ template_filter ] --START--
INFO: Run Behavior\ContentReplaceBehavior [ RunTime:0.000000s ]
INFO: [ template_filter ] --END-- [ RunTime:0.000000s ]
NOTIC: [8] Undefined index: hotelId F:\phpStudy\WWW\peihuo\Application\Runtime\Cache\Home\62da33bc5a4020a2e82efe0ed623b8e6.php 第 54 行.
NOTIC: [8] Undefined index: hotelId F:\phpStudy\WWW\peihuo\Application\Runtime\Cache\Home\62da33bc5a4020a2e82efe0ed623b8e6.php 第 54 行.
NOTIC: [8] Undefined index: hotelId F:\phpStudy\WWW\peihuo\Application\Runtime\Cache\Home\62da33bc5a4020a2e82efe0ed623b8e6.php 第 54 行.
NOTIC: [8] Undefined index: hotelId F:\phpStudy\WWW\peihuo\Application\Runtime\Cache\Home\62da33bc5a4020a2e82efe0ed623b8e6.php 第 54 行.
NOTIC: [8] Undefined index: hotelId F:\phpStudy\WWW\peihuo\Application\Runtime\Cache\Home\62da33bc5a4020a2e82efe0ed623b8e6.php 第 54 行.
NOTIC: [8] Undefined index: hotelId F:\phpStudy\WWW\peihuo\Application\Runtime\Cache\Home\62da33bc5a4020a2e82efe0ed623b8e6.php 第 54 行.
NOTIC: [8] Undefined index: hotelId F:\phpStudy\WWW\peihuo\Application\Runtime\Cache\Home\62da33bc5a4020a2e82efe0ed623b8e6.php 第 54 行.
NOTIC: [8] Undefined index: hotelId F:\phpStudy\WWW\peihuo\Application\Runtime\Cache\Home\62da33bc5a4020a2e82efe0ed623b8e6.php 第 54 行.
NOTIC: [8] Undefined index: hotelId F:\phpStudy\WWW\peihuo\Application\Runtime\Cache\Home\62da33bc5a4020a2e82efe0ed623b8e6.php 第 54 行.
NOTIC: [8] Undefined index: hotelId F:\phpStudy\WWW\peihuo\Application\Runtime\Cache\Home\62da33bc5a4020a2e82efe0ed623b8e6.php 第 54 行.
NOTIC: [8] Undefined index: hotelId F:\phpStudy\WWW\peihuo\Application\Runtime\Cache\Home\62da33bc5a4020a2e82efe0ed623b8e6.php 第 54 行.
NOTIC: [8] Undefined index: hotelName F:\phpStudy\WWW\peihuo\Application\Runtime\Cache\Home\62da33bc5a4020a2e82efe0ed623b8e6.php 第 64 行.
INFO: Run Behavior\ParseTemplateBehavior [ RunTime:0.100006s ]
INFO: [ view_parse ] --END-- [ RunTime:0.100006s ]
INFO: [ view_filter ] --START--
INFO: Run Behavior\WriteHtmlCacheBehavior [ RunTime:0.001000s ]
INFO: [ view_filter ] --END-- [ RunTime:0.001000s ]
INFO: [ app_end ] --START--
INFO: Run Behavior\ShowPageTraceBehavior [ RunTime:0.001000s ]
INFO: [ app_end ] --END-- [ RunTime:0.002000s ]

[ 2017-09-21T17:59:05+08:00 ] ::1 /peihuo/index.php?c=count&a=hotelbymonth&hotel_id=1&delivery_date=2017-09
INFO: [ app_init ] --START--
INFO: Run Behavior\BuildLiteBehavior [ RunTime:0.000000s ]
INFO: [ app_init ] --END-- [ RunTime:0.001000s ]
INFO: [ app_begin ] --START--
INFO: Run Behavior\ReadHtmlCacheBehavior [ RunTime:0.001000s ]
INFO: [ app_begin ] --END-- [ RunTime:0.002000s ]
NOTIC: [2048] Declaration of Common\Model\HotelModel::find() should be compatible with Think\Model::find($options = Array) F:\phpStudy\WWW\peihuo\Application\Common\Model\HotelModel.class.php 第 10 行.
SQL: SHOW COLUMNS FROM `ph_hotel` [ RunTime:0.0700s ]
SQL: SELECT * FROM `ph_hotel` WHERE ( hotel_id=1 ) LIMIT 1   [ RunTime:0.0000s ]
NOTIC: [2048] Declaration of Common\Model\CountModel::find() should be compatible with Think\Model::find($options = Array) F:\phpStudy\WWW\peihuo\Application\Common\Model\CountModel.class.php 第 266 行.
SQL: SHOW COLUMNS FROM `ph_count` [ RunTime:0.1260s ]
SQL: SELECT `food_name`,`food_unit`,SUM(order_number) AS total1,SUM(delivery_number) AS total2 FROM `ph_count` LEFT JOIN ph_order ON ph_count.order_id = ph_order.order_id  WHERE `status` <> -1 AND `hotel_id` = '1' AND ( `delivery_date` >= 1504195200 AND `delivery_date` < 1506787200  ) GROUP BY food_name ORDER BY count_id asc  [ RunTime:0.0640s ]
SQL: SELECT * FROM `ph_hotel` WHERE `status` <> -1 ORDER BY hotel_id asc  [ RunTime:0.0010s ]
INFO: [ view_parse ] --START--
INFO: [ template_filter ] --START--
INFO: Run Behavior\ContentReplaceBehavior [ RunTime:0.000000s ]
INFO: [ template_filter ] --END-- [ RunTime:0.000000s ]
INFO: Run Behavior\ParseTemplateBehavior [ RunTime:0.035002s ]
INFO: [ view_parse ] --END-- [ RunTime:0.035002s ]
INFO: [ view_filter ] --START--
INFO: Run Behavior\WriteHtmlCacheBehavior [ RunTime:0.001000s ]
INFO: [ view_filter ] --END-- [ RunTime:0.001000s ]
INFO: [ app_end ] --START--
INFO: Run Behavior\ShowPageTraceBehavior [ RunTime:0.001000s ]
INFO: [ app_end ] --END-- [ RunTime:0.001000s ]

