[ 2017-12-01T09:48:59+08:00 ] 192.168.3.72 /peihuo/index.php?c=order&a=add
INFO: [ app_init ] --START--
INFO: Run Behavior\BuildLiteBehavior [ RunTime:0.000000s ]
INFO: [ app_init ] --END-- [ RunTime:0.001001s ]
INFO: [ app_begin ] --START--
INFO: Run Behavior\ReadHtmlCacheBehavior [ RunTime:0.001000s ]
INFO: [ app_begin ] --END-- [ RunTime:0.001000s ]
NOTIC: [2048] Declaration of Home\Controller\OrderController::setStatus() should be compatible with Home\Controller\CommonController::setStatus($data, $models) F:\phpStudy\WWW\peihuo\Application\Home\Controller\OrderController.class.php 第 7 行.
NOTIC: [2048] Declaration of Common\Model\HotelModel::find() should be compatible with Think\Model::find($options = Array) F:\phpStudy\WWW\peihuo\Application\Common\Model\HotelModel.class.php 第 10 行.
SQL: SHOW COLUMNS FROM `ph_hotel` [ RunTime:0.0700s ]
SQL: SELECT * FROM `ph_hotel` WHERE `status` <> -1 ORDER BY hotel_id asc  [ RunTime:0.0000s ]
NOTIC: [2048] Declaration of Common\Model\FoodModel::find() should be compatible with Think\Model::find($options = Array) F:\phpStudy\WWW\peihuo\Application\Common\Model\FoodModel.class.php 第 140 行.
SQL: SHOW COLUMNS FROM `ph_food` [ RunTime:0.0330s ]
SQL: SELECT * FROM `ph_food` WHERE `status` <> -1 ORDER BY food_id desc  [ RunTime:0.0010s ]
INFO: [ view_parse ] --START--
INFO: [ template_filter ] --START--
INFO: Run Behavior\ContentReplaceBehavior [ RunTime:0.001000s ]
INFO: [ template_filter ] --END-- [ RunTime:0.001000s ]
NOTIC: [8] Undefined variable: today F:\phpStudy\WWW\peihuo\Application\Runtime\Cache\Home\585339be4d132c0afead7245d660e331.php 第 52 行.
NOTIC: [8] Undefined variable: categoryList F:\phpStudy\WWW\peihuo\Application\Runtime\Cache\Home\585339be4d132c0afead7245d660e331.php 第 74 行.
NOTIC: [8] Undefined variable: categoryList F:\phpStudy\WWW\peihuo\Application\Runtime\Cache\Home\585339be4d132c0afead7245d660e331.php 第 116 行.
NOTIC: [8] Undefined variable: categoryList F:\phpStudy\WWW\peihuo\Application\Runtime\Cache\Home\585339be4d132c0afead7245d660e331.php 第 155 行.
NOTIC: [8] Undefined variable: categoryList F:\phpStudy\WWW\peihuo\Application\Runtime\Cache\Home\585339be4d132c0afead7245d660e331.php 第 201 行.
NOTIC: [8] Undefined variable: categoryList F:\phpStudy\WWW\peihuo\Application\Runtime\Cache\Home\585339be4d132c0afead7245d660e331.php 第 247 行.
INFO: Run Behavior\ParseTemplateBehavior [ RunTime:0.113006s ]
INFO: [ view_parse ] --END-- [ RunTime:0.113006s ]
INFO: [ view_filter ] --START--
INFO: Run Behavior\WriteHtmlCacheBehavior [ RunTime:0.001000s ]
INFO: [ view_filter ] --END-- [ RunTime:0.001000s ]
INFO: [ app_end ] --START--
INFO: Run Behavior\ShowPageTraceBehavior [ RunTime:0.001000s ]
INFO: [ app_end ] --END-- [ RunTime:0.001000s ]

[ 2017-12-01T09:50:10+08:00 ] 192.168.3.72 /peihuo/index.php?c=food&a=getFoodById
INFO: [ app_init ] --START--
INFO: Run Behavior\BuildLiteBehavior [ RunTime:0.000000s ]
INFO: [ app_init ] --END-- [ RunTime:0.001000s ]
INFO: [ app_begin ] --START--
INFO: Run Behavior\ReadHtmlCacheBehavior [ RunTime:0.001000s ]
INFO: [ app_begin ] --END-- [ RunTime:0.001000s ]
NOTIC: [2048] Declaration of Home\Controller\FoodController::setStatus() should be compatible with Home\Controller\CommonController::setStatus($data, $models) F:\phpStudy\WWW\peihuo\Application\Home\Controller\FoodController.class.php 第 7 行.
NOTIC: [2048] Declaration of Common\Model\FoodModel::find() should be compatible with Think\Model::find($options = Array) F:\phpStudy\WWW\peihuo\Application\Common\Model\FoodModel.class.php 第 10 行.
SQL: SHOW COLUMNS FROM `ph_food` [ RunTime:0.0380s ]
SQL: SELECT * FROM `ph_food` WHERE ( food_id=10 ) LIMIT 1   [ RunTime:0.0000s ]

[ 2017-12-01T09:50:25+08:00 ] 192.168.3.72 /peihuo/index.php?c=food&a=getFoodById
INFO: [ app_init ] --START--
INFO: Run Behavior\BuildLiteBehavior [ RunTime:0.000000s ]
INFO: [ app_init ] --END-- [ RunTime:0.001000s ]
INFO: [ app_begin ] --START--
INFO: Run Behavior\ReadHtmlCacheBehavior [ RunTime:0.000000s ]
INFO: [ app_begin ] --END-- [ RunTime:0.000000s ]
NOTIC: [2048] Declaration of Home\Controller\FoodController::setStatus() should be compatible with Home\Controller\CommonController::setStatus($data, $models) F:\phpStudy\WWW\peihuo\Application\Home\Controller\FoodController.class.php 第 7 行.
NOTIC: [2048] Declaration of Common\Model\FoodModel::find() should be compatible with Think\Model::find($options = Array) F:\phpStudy\WWW\peihuo\Application\Common\Model\FoodModel.class.php 第 10 行.
SQL: SHOW COLUMNS FROM `ph_food` [ RunTime:0.0310s ]
SQL: SELECT * FROM `ph_food` WHERE ( food_id=2 ) LIMIT 1   [ RunTime:0.0000s ]

[ 2017-12-01T09:50:35+08:00 ] 192.168.3.72 /peihuo/index.php?c=count&a=hotel
INFO: [ app_init ] --START--
INFO: Run Behavior\BuildLiteBehavior [ RunTime:0.000000s ]
INFO: [ app_init ] --END-- [ RunTime:0.001001s ]
INFO: [ app_begin ] --START--
INFO: Run Behavior\ReadHtmlCacheBehavior [ RunTime:0.001000s ]
INFO: [ app_begin ] --END-- [ RunTime:0.001000s ]
NOTIC: [8] Undefined index: hotel_id F:\phpStudy\WWW\peihuo\Application\Home\Controller\CountController.class.php 第 69 行.
NOTIC: [2048] Declaration of Common\Model\HotelModel::find() should be compatible with Think\Model::find($options = Array) F:\phpStudy\WWW\peihuo\Application\Common\Model\HotelModel.class.php 第 10 行.
SQL: SHOW COLUMNS FROM `ph_hotel` [ RunTime:0.0230s ]
SQL: SELECT * FROM `ph_hotel` WHERE `status` <> -1 ORDER BY hotel_id asc  [ RunTime:0.0000s ]
INFO: [ view_parse ] --START--
INFO: [ template_filter ] --START--
INFO: Run Behavior\ContentReplaceBehavior [ RunTime:0.000000s ]
INFO: [ template_filter ] --END-- [ RunTime:0.000000s ]
INFO: Run Behavior\ParseTemplateBehavior [ RunTime:0.045002s ]
INFO: [ view_parse ] --END-- [ RunTime:0.045002s ]
INFO: [ view_filter ] --START--
INFO: Run Behavior\WriteHtmlCacheBehavior [ RunTime:0.001000s ]
INFO: [ view_filter ] --END-- [ RunTime:0.001000s ]
INFO: [ app_end ] --START--
INFO: Run Behavior\ShowPageTraceBehavior [ RunTime:0.001000s ]
INFO: [ app_end ] --END-- [ RunTime:0.001000s ]

[ 2017-12-01T09:50:38+08:00 ] 192.168.3.72 /peihuo/index.php?c=count&a=hotel&hotel_id=4
INFO: [ app_init ] --START--
INFO: Run Behavior\BuildLiteBehavior [ RunTime:0.000000s ]
INFO: [ app_init ] --END-- [ RunTime:0.001000s ]
INFO: [ app_begin ] --START--
INFO: Run Behavior\ReadHtmlCacheBehavior [ RunTime:0.001000s ]
INFO: [ app_begin ] --END-- [ RunTime:0.001000s ]
NOTIC: [2048] Declaration of Common\Model\OrderModel::find() should be compatible with Think\Model::find($options = Array) F:\phpStudy\WWW\peihuo\Application\Common\Model\OrderModel.class.php 第 10 行.
SQL: SHOW COLUMNS FROM `ph_order` [ RunTime:0.0740s ]
SQL: SELECT * FROM `ph_order` WHERE `hotel_id` = 4 AND `status` <> -1  [ RunTime:0.0000s ]
NOTIC: [2048] Declaration of Common\Model\HotelModel::find() should be compatible with Think\Model::find($options = Array) F:\phpStudy\WWW\peihuo\Application\Common\Model\HotelModel.class.php 第 129 行.
SQL: SHOW COLUMNS FROM `ph_hotel` [ RunTime:0.0120s ]
SQL: SELECT * FROM `ph_hotel` WHERE `status` <> -1 ORDER BY hotel_id asc  [ RunTime:0.0010s ]
INFO: [ view_parse ] --START--
INFO: [ template_filter ] --START--
INFO: Run Behavior\ContentReplaceBehavior [ RunTime:0.000000s ]
INFO: [ template_filter ] --END-- [ RunTime:0.000000s ]
INFO: Run Behavior\ParseTemplateBehavior [ RunTime:0.011000s ]
INFO: [ view_parse ] --END-- [ RunTime:0.011000s ]
INFO: [ view_filter ] --START--
INFO: Run Behavior\WriteHtmlCacheBehavior [ RunTime:0.001000s ]
INFO: [ view_filter ] --END-- [ RunTime:0.001000s ]
INFO: [ app_end ] --START--
INFO: Run Behavior\ShowPageTraceBehavior [ RunTime:0.000000s ]
INFO: [ app_end ] --END-- [ RunTime:0.000000s ]

[ 2017-12-01T09:50:40+08:00 ] 192.168.3.72 /peihuo/index.php?c=count&a=hotel&hotel_id=4
INFO: [ app_init ] --START--
INFO: Run Behavior\BuildLiteBehavior [ RunTime:0.000000s ]
INFO: [ app_init ] --END-- [ RunTime:0.001000s ]
INFO: [ app_begin ] --START--
INFO: Run Behavior\ReadHtmlCacheBehavior [ RunTime:0.001000s ]
INFO: [ app_begin ] --END-- [ RunTime:0.001000s ]
NOTIC: [2048] Declaration of Common\Model\OrderModel::find() should be compatible with Think\Model::find($options = Array) F:\phpStudy\WWW\peihuo\Application\Common\Model\OrderModel.class.php 第 10 行.
SQL: SHOW COLUMNS FROM `ph_order` [ RunTime:0.0160s ]
SQL: SELECT * FROM `ph_order` WHERE `hotel_id` = 4 AND `status` <> -1  [ RunTime:0.0000s ]
NOTIC: [2048] Declaration of Common\Model\HotelModel::find() should be compatible with Think\Model::find($options = Array) F:\phpStudy\WWW\peihuo\Application\Common\Model\HotelModel.class.php 第 129 行.
SQL: SHOW COLUMNS FROM `ph_hotel` [ RunTime:0.0130s ]
SQL: SELECT * FROM `ph_hotel` WHERE `status` <> -1 ORDER BY hotel_id asc  [ RunTime:0.0000s ]
INFO: [ view_parse ] --START--
INFO: [ template_filter ] --START--
INFO: Run Behavior\ContentReplaceBehavior [ RunTime:0.000000s ]
INFO: [ template_filter ] --END-- [ RunTime:0.000000s ]
INFO: Run Behavior\ParseTemplateBehavior [ RunTime:0.013001s ]
INFO: [ view_parse ] --END-- [ RunTime:0.013001s ]
INFO: [ view_filter ] --START--
INFO: Run Behavior\WriteHtmlCacheBehavior [ RunTime:0.000000s ]
INFO: [ view_filter ] --END-- [ RunTime:0.000000s ]
INFO: [ app_end ] --START--
INFO: Run Behavior\ShowPageTraceBehavior [ RunTime:0.001000s ]
INFO: [ app_end ] --END-- [ RunTime:0.001000s ]

[ 2017-12-01T09:50:41+08:00 ] 192.168.3.72 /peihuo/index.php?c=count&a=hotel&hotel_id=4
INFO: [ app_init ] --START--
INFO: Run Behavior\BuildLiteBehavior [ RunTime:0.000000s ]
INFO: [ app_init ] --END-- [ RunTime:0.001000s ]
INFO: [ app_begin ] --START--
INFO: Run Behavior\ReadHtmlCacheBehavior [ RunTime:0.000000s ]
INFO: [ app_begin ] --END-- [ RunTime:0.000000s ]
NOTIC: [2048] Declaration of Common\Model\OrderModel::find() should be compatible with Think\Model::find($options = Array) F:\phpStudy\WWW\peihuo\Application\Common\Model\OrderModel.class.php 第 10 行.
SQL: SHOW COLUMNS FROM `ph_order` [ RunTime:0.0110s ]
SQL: SELECT * FROM `ph_order` WHERE `hotel_id` = 4 AND `status` <> -1  [ RunTime:0.0010s ]
NOTIC: [2048] Declaration of Common\Model\HotelModel::find() should be compatible with Think\Model::find($options = Array) F:\phpStudy\WWW\peihuo\Application\Common\Model\HotelModel.class.php 第 129 行.
SQL: SHOW COLUMNS FROM `ph_hotel` [ RunTime:0.0120s ]
SQL: SELECT * FROM `ph_hotel` WHERE `status` <> -1 ORDER BY hotel_id asc  [ RunTime:0.0000s ]
INFO: [ view_parse ] --START--
INFO: [ template_filter ] --START--
INFO: Run Behavior\ContentReplaceBehavior [ RunTime:0.000000s ]
INFO: [ template_filter ] --END-- [ RunTime:0.000000s ]
INFO: Run Behavior\ParseTemplateBehavior [ RunTime:0.012001s ]
INFO: [ view_parse ] --END-- [ RunTime:0.012001s ]
INFO: [ view_filter ] --START--
INFO: Run Behavior\WriteHtmlCacheBehavior [ RunTime:0.000000s ]
INFO: [ view_filter ] --END-- [ RunTime:0.001000s ]
INFO: [ app_end ] --START--
INFO: Run Behavior\ShowPageTraceBehavior [ RunTime:0.000000s ]
INFO: [ app_end ] --END-- [ RunTime:0.000000s ]

[ 2017-12-01T09:50:47+08:00 ] 192.168.3.72 /peihuo/index.php?c=count&a=hotel&hotel_id=3
INFO: [ app_init ] --START--
INFO: Run Behavior\BuildLiteBehavior [ RunTime:0.000000s ]
INFO: [ app_init ] --END-- [ RunTime:0.001000s ]
INFO: [ app_begin ] --START--
INFO: Run Behavior\ReadHtmlCacheBehavior [ RunTime:0.001000s ]
INFO: [ app_begin ] --END-- [ RunTime:0.001000s ]
NOTIC: [2048] Declaration of Common\Model\OrderModel::find() should be compatible with Think\Model::find($options = Array) F:\phpStudy\WWW\peihuo\Application\Common\Model\OrderModel.class.php 第 10 行.
SQL: SHOW COLUMNS FROM `ph_order` [ RunTime:0.0250s ]
SQL: SELECT * FROM `ph_order` WHERE `hotel_id` = 3 AND `status` <> -1  [ RunTime:0.0000s ]
NOTIC: [2048] Declaration of Common\Model\HotelModel::find() should be compatible with Think\Model::find($options = Array) F:\phpStudy\WWW\peihuo\Application\Common\Model\HotelModel.class.php 第 129 行.
SQL: SHOW COLUMNS FROM `ph_hotel` [ RunTime:0.0130s ]
SQL: SELECT * FROM `ph_hotel` WHERE `status` <> -1 ORDER BY hotel_id asc  [ RunTime:0.0000s ]
INFO: [ view_parse ] --START--
INFO: [ template_filter ] --START--
INFO: Run Behavior\ContentReplaceBehavior [ RunTime:0.000000s ]
INFO: [ template_filter ] --END-- [ RunTime:0.000000s ]
NOTIC: [8] Undefined index: hotel_name F:\phpStudy\WWW\peihuo\Application\Runtime\Cache\Home\024d3a0f450dbd2a0e6ed9eff8217cb7.php 第 80 行.
NOTIC: [8] Undefined index: hotel_number F:\phpStudy\WWW\peihuo\Application\Runtime\Cache\Home\024d3a0f450dbd2a0e6ed9eff8217cb7.php 第 81 行.
NOTIC: [8] Use of undefined constant status - assumed 'status' F:\phpStudy\WWW\peihuo\Application\Runtime\Cache\Home\024d3a0f450dbd2a0e6ed9eff8217cb7.php 第 89 行.
NOTIC: [8] Use of undefined constant status - assumed 'status' F:\phpStudy\WWW\peihuo\Application\Runtime\Cache\Home\024d3a0f450dbd2a0e6ed9eff8217cb7.php 第 91 行.
NOTIC: [8] Use of undefined constant status - assumed 'status' F:\phpStudy\WWW\peihuo\Application\Runtime\Cache\Home\024d3a0f450dbd2a0e6ed9eff8217cb7.php 第 93 行.
NOTIC: [8] Undefined index: hotel_name F:\phpStudy\WWW\peihuo\Application\Runtime\Cache\Home\024d3a0f450dbd2a0e6ed9eff8217cb7.php 第 80 行.
NOTIC: [8] Undefined index: hotel_number F:\phpStudy\WWW\peihuo\Application\Runtime\Cache\Home\024d3a0f450dbd2a0e6ed9eff8217cb7.php 第 81 行.
NOTIC: [8] Use of undefined constant status - assumed 'status' F:\phpStudy\WWW\peihuo\Application\Runtime\Cache\Home\024d3a0f450dbd2a0e6ed9eff8217cb7.php 第 89 行.
NOTIC: [8] Use of undefined constant status - assumed 'status' F:\phpStudy\WWW\peihuo\Application\Runtime\Cache\Home\024d3a0f450dbd2a0e6ed9eff8217cb7.php 第 91 行.
NOTIC: [8] Use of undefined constant status - assumed 'status' F:\phpStudy\WWW\peihuo\Application\Runtime\Cache\Home\024d3a0f450dbd2a0e6ed9eff8217cb7.php 第 93 行.
NOTIC: [8] Undefined index: hotel_name F:\phpStudy\WWW\peihuo\Application\Runtime\Cache\Home\024d3a0f450dbd2a0e6ed9eff8217cb7.php 第 80 行.
NOTIC: [8] Undefined index: hotel_number F:\phpStudy\WWW\peihuo\Application\Runtime\Cache\Home\024d3a0f450dbd2a0e6ed9eff8217cb7.php 第 81 行.
NOTIC: [8] Use of undefined constant status - assumed 'status' F:\phpStudy\WWW\peihuo\Application\Runtime\Cache\Home\024d3a0f450dbd2a0e6ed9eff8217cb7.php 第 89 行.
NOTIC: [8] Use of undefined constant status - assumed 'status' F:\phpStudy\WWW\peihuo\Application\Runtime\Cache\Home\024d3a0f450dbd2a0e6ed9eff8217cb7.php 第 91 行.
NOTIC: [8] Use of undefined constant status - assumed 'status' F:\phpStudy\WWW\peihuo\Application\Runtime\Cache\Home\024d3a0f450dbd2a0e6ed9eff8217cb7.php 第 93 行.
INFO: Run Behavior\ParseTemplateBehavior [ RunTime:0.066004s ]
INFO: [ view_parse ] --END-- [ RunTime:0.066004s ]
INFO: [ view_filter ] --START--
INFO: Run Behavior\WriteHtmlCacheBehavior [ RunTime:0.003000s ]
INFO: [ view_filter ] --END-- [ RunTime:0.003000s ]
INFO: [ app_end ] --START--
INFO: Run Behavior\ShowPageTraceBehavior [ RunTime:0.003000s ]
INFO: [ app_end ] --END-- [ RunTime:0.003000s ]

[ 2017-12-01T09:50:53+08:00 ] 192.168.3.72 /peihuo/index.php?c=order&a=check&id=46
INFO: [ app_init ] --START--
INFO: Run Behavior\BuildLiteBehavior [ RunTime:0.000000s ]
INFO: [ app_init ] --END-- [ RunTime:0.000000s ]
INFO: [ app_begin ] --START--
INFO: Run Behavior\ReadHtmlCacheBehavior [ RunTime:0.001000s ]
INFO: [ app_begin ] --END-- [ RunTime:0.001000s ]
NOTIC: [2048] Declaration of Home\Controller\OrderController::setStatus() should be compatible with Home\Controller\CommonController::setStatus($data, $models) F:\phpStudy\WWW\peihuo\Application\Home\Controller\OrderController.class.php 第 7 行.
NOTIC: [2048] Declaration of Common\Model\OrderModel::find() should be compatible with Think\Model::find($options = Array) F:\phpStudy\WWW\peihuo\Application\Common\Model\OrderModel.class.php 第 10 行.
SQL: SHOW COLUMNS FROM `ph_order` [ RunTime:0.0130s ]
SQL: SELECT o.*,`hotel_name`,`hotel_number` FROM ph_order o LEFT JOIN ph_hotel h ON o.hotel_id = h.hotel_id  WHERE o.status <> -1 AND `order_id` = '46' LIMIT 1   [ RunTime:0.0010s ]
NOTIC: [2048] Declaration of Common\Model\CountModel::find() should be compatible with Think\Model::find($options = Array) F:\phpStudy\WWW\peihuo\Application\Common\Model\CountModel.class.php 第 291 行.
SQL: SHOW COLUMNS FROM `ph_count` [ RunTime:0.1540s ]
SQL: SELECT `food_name`,SUM(depart_number_1) AS total1,SUM(depart_number_2) AS total2,SUM(depart_number_3) AS total3,SUM(depart_number_4) AS total4,SUM(depart_number_5) AS total5,SUM(order_number) AS total FROM ph_count c LEFT JOIN ph_food f ON c.food_id = f.food_id  WHERE `order_id` = '46' GROUP BY c.food_id ORDER BY count_id asc  [ RunTime:0.1310s ]
INFO: [ view_parse ] --START--
INFO: [ template_filter ] --START--
INFO: Run Behavior\ContentReplaceBehavior [ RunTime:0.000000s ]
INFO: [ template_filter ] --END-- [ RunTime:0.000000s ]
INFO: Run Behavior\ParseTemplateBehavior [ RunTime:0.015001s ]
INFO: [ view_parse ] --END-- [ RunTime:0.015001s ]
INFO: [ view_filter ] --START--
INFO: Run Behavior\WriteHtmlCacheBehavior [ RunTime:0.000000s ]
INFO: [ view_filter ] --END-- [ RunTime:0.000000s ]
INFO: [ app_end ] --START--
INFO: Run Behavior\ShowPageTraceBehavior [ RunTime:0.001000s ]
INFO: [ app_end ] --END-- [ RunTime:0.001000s ]

[ 2017-12-01T09:50:59+08:00 ] 192.168.3.72 /peihuo/index.php?c=order&a=check&id=46
INFO: [ app_init ] --START--
INFO: Run Behavior\BuildLiteBehavior [ RunTime:0.000000s ]
INFO: [ app_init ] --END-- [ RunTime:0.001000s ]
INFO: [ app_begin ] --START--
INFO: Run Behavior\ReadHtmlCacheBehavior [ RunTime:0.001000s ]
INFO: [ app_begin ] --END-- [ RunTime:0.001000s ]
NOTIC: [2048] Declaration of Home\Controller\OrderController::setStatus() should be compatible with Home\Controller\CommonController::setStatus($data, $models) F:\phpStudy\WWW\peihuo\Application\Home\Controller\OrderController.class.php 第 7 行.
NOTIC: [2048] Declaration of Common\Model\OrderModel::find() should be compatible with Think\Model::find($options = Array) F:\phpStudy\WWW\peihuo\Application\Common\Model\OrderModel.class.php 第 10 行.
SQL: SHOW COLUMNS FROM `ph_order` [ RunTime:0.0160s ]
SQL: SELECT o.*,`hotel_name`,`hotel_number` FROM ph_order o LEFT JOIN ph_hotel h ON o.hotel_id = h.hotel_id  WHERE o.status <> -1 AND `order_id` = '46' LIMIT 1   [ RunTime:0.0000s ]
NOTIC: [2048] Declaration of Common\Model\CountModel::find() should be compatible with Think\Model::find($options = Array) F:\phpStudy\WWW\peihuo\Application\Common\Model\CountModel.class.php 第 291 行.
SQL: SHOW COLUMNS FROM `ph_count` [ RunTime:0.0130s ]
SQL: SELECT `food_name`,SUM(depart_number_1) AS total1,SUM(depart_number_2) AS total2,SUM(depart_number_3) AS total3,SUM(depart_number_4) AS total4,SUM(depart_number_5) AS total5,SUM(order_number) AS total FROM ph_count c LEFT JOIN ph_food f ON c.food_id = f.food_id  WHERE `order_id` = '46' GROUP BY c.food_id ORDER BY count_id asc  [ RunTime:0.0530s ]
INFO: [ view_parse ] --START--
INFO: [ template_filter ] --START--
INFO: Run Behavior\ContentReplaceBehavior [ RunTime:0.000000s ]
INFO: [ template_filter ] --END-- [ RunTime:0.000000s ]
INFO: Run Behavior\ParseTemplateBehavior [ RunTime:0.010001s ]
INFO: [ view_parse ] --END-- [ RunTime:0.010001s ]
INFO: [ view_filter ] --START--
INFO: Run Behavior\WriteHtmlCacheBehavior [ RunTime:0.001000s ]
INFO: [ view_filter ] --END-- [ RunTime:0.001000s ]
INFO: [ app_end ] --START--
INFO: Run Behavior\ShowPageTraceBehavior [ RunTime:0.001000s ]
INFO: [ app_end ] --END-- [ RunTime:0.001000s ]

[ 2017-12-01T09:51:59+08:00 ] 192.168.3.72 /peihuo/index.php/Home/Login/logout.html
INFO: [ app_init ] --START--
INFO: Run Behavior\BuildLiteBehavior [ RunTime:0.000000s ]
INFO: [ app_init ] --END-- [ RunTime:0.001000s ]
INFO: [ app_begin ] --START--
INFO: Run Behavior\ReadHtmlCacheBehavior [ RunTime:0.000000s ]
INFO: [ app_begin ] --END-- [ RunTime:0.000000s ]

[ 2017-12-01T09:51:59+08:00 ] 192.168.3.72 /peihuo/index.php/Home/Login.html
INFO: [ app_init ] --START--
INFO: Run Behavior\BuildLiteBehavior [ RunTime:0.000000s ]
INFO: [ app_init ] --END-- [ RunTime:0.001000s ]
INFO: [ app_begin ] --START--
INFO: Run Behavior\ReadHtmlCacheBehavior [ RunTime:0.001000s ]
INFO: [ app_begin ] --END-- [ RunTime:0.001000s ]
INFO: [ view_parse ] --START--
INFO: [ template_filter ] --START--
INFO: Run Behavior\ContentReplaceBehavior [ RunTime:0.000000s ]
INFO: [ template_filter ] --END-- [ RunTime:0.000000s ]
INFO: Run Behavior\ParseTemplateBehavior [ RunTime:0.048003s ]
INFO: [ view_parse ] --END-- [ RunTime:0.048003s ]
INFO: [ view_filter ] --START--
INFO: Run Behavior\WriteHtmlCacheBehavior [ RunTime:0.002000s ]
INFO: [ view_filter ] --END-- [ RunTime:0.002000s ]
INFO: [ app_end ] --START--
INFO: Run Behavior\ShowPageTraceBehavior [ RunTime:0.001000s ]
INFO: [ app_end ] --END-- [ RunTime:0.002000s ]

[ 2017-12-01T09:52:10+08:00 ] 192.168.3.72 /peihuo/index.php/Home/Login/check.html
INFO: [ app_init ] --START--
INFO: Run Behavior\BuildLiteBehavior [ RunTime:0.000000s ]
INFO: [ app_init ] --END-- [ RunTime:0.000000s ]
INFO: [ app_begin ] --START--
INFO: Run Behavior\ReadHtmlCacheBehavior [ RunTime:0.001000s ]
INFO: [ app_begin ] --END-- [ RunTime:0.001000s ]
SQL: SHOW COLUMNS FROM `ph_admin` [ RunTime:0.0630s ]
SQL: SELECT * FROM `ph_admin` WHERE ( username="jwd" ) LIMIT 1   [ RunTime:0.0010s ]
SQL: UPDATE `ph_admin` SET `lastlogintime`='1512093130' WHERE ( admin_id=2 ) [ RunTime:0.0010s ]

[ 2017-12-01T09:52:11+08:00 ] 192.168.3.72 /peihuo/
INFO: [ app_init ] --START--
INFO: Run Behavior\BuildLiteBehavior [ RunTime:0.000000s ]
INFO: [ app_init ] --END-- [ RunTime:0.000000s ]
INFO: [ app_begin ] --START--
INFO: Run Behavior\ReadHtmlCacheBehavior [ RunTime:0.001000s ]
INFO: [ app_begin ] --END-- [ RunTime:0.001000s ]
INFO: [ view_parse ] --START--
INFO: [ template_filter ] --START--
INFO: Run Behavior\ContentReplaceBehavior [ RunTime:0.000000s ]
INFO: [ template_filter ] --END-- [ RunTime:0.000000s ]
NOTIC: [8] Undefined variable: webname F:\phpStudy\WWW\peihuo\Application\Runtime\Cache\Home\2a94b8bda04ff446dcedd42276fc99ee.php 第 24 行.
INFO: Run Behavior\ParseTemplateBehavior [ RunTime:0.034002s ]
INFO: [ view_parse ] --END-- [ RunTime:0.034002s ]
INFO: [ view_filter ] --START--
INFO: Run Behavior\WriteHtmlCacheBehavior [ RunTime:0.000000s ]
INFO: [ view_filter ] --END-- [ RunTime:0.000000s ]
INFO: [ app_end ] --START--
INFO: Run Behavior\ShowPageTraceBehavior [ RunTime:0.001000s ]
INFO: [ app_end ] --END-- [ RunTime:0.001000s ]

[ 2017-12-01T09:52:12+08:00 ] 192.168.3.72 /peihuo/index.php?a=welcome
INFO: [ app_init ] --START--
INFO: Run Behavior\BuildLiteBehavior [ RunTime:0.000000s ]
INFO: [ app_init ] --END-- [ RunTime:0.001000s ]
INFO: [ app_begin ] --START--
INFO: Run Behavior\ReadHtmlCacheBehavior [ RunTime:0.001000s ]
INFO: [ app_begin ] --END-- [ RunTime:0.001000s ]
INFO: [ view_parse ] --START--
INFO: [ template_filter ] --START--
INFO: Run Behavior\ContentReplaceBehavior [ RunTime:0.001000s ]
INFO: [ template_filter ] --END-- [ RunTime:0.001000s ]
INFO: Run Behavior\ParseTemplateBehavior [ RunTime:0.026002s ]
INFO: [ view_parse ] --END-- [ RunTime:0.026002s ]
INFO: [ view_filter ] --START--
INFO: Run Behavior\WriteHtmlCacheBehavior [ RunTime:0.001000s ]
INFO: [ view_filter ] --END-- [ RunTime:0.001000s ]
INFO: [ app_end ] --START--
INFO: Run Behavior\ShowPageTraceBehavior [ RunTime:0.001000s ]
INFO: [ app_end ] --END-- [ RunTime:0.001000s ]

[ 2017-12-01T09:52:19+08:00 ] 192.168.3.72 /peihuo/index.php?c=admin
INFO: [ app_init ] --START--
INFO: Run Behavior\BuildLiteBehavior [ RunTime:0.000000s ]
INFO: [ app_init ] --END-- [ RunTime:0.000000s ]
INFO: [ app_begin ] --START--
INFO: Run Behavior\ReadHtmlCacheBehavior [ RunTime:0.001000s ]
INFO: [ app_begin ] --END-- [ RunTime:0.001000s ]
NOTIC: [2048] Declaration of Home\Controller\AdminController::setStatus() should be compatible with Home\Controller\CommonController::setStatus($data, $models) F:\phpStudy\WWW\peihuo\Application\Home\Controller\AdminController.class.php 第 9 行.
SQL: SHOW COLUMNS FROM `ph_admin` [ RunTime:0.0190s ]
SQL: SELECT * FROM `ph_admin` WHERE `status` <> -1 ORDER BY admin_id desc  [ RunTime:0.0840s ]
SQL: SELECT COUNT(*) AS tp_count FROM `ph_admin` WHERE `status` <> -1 LIMIT 1   [ RunTime:0.0010s ]
INFO: [ view_parse ] --START--
INFO: [ template_filter ] --START--
INFO: Run Behavior\ContentReplaceBehavior [ RunTime:0.001000s ]
INFO: [ template_filter ] --END-- [ RunTime:0.001000s ]
INFO: Run Behavior\ParseTemplateBehavior [ RunTime:0.056003s ]
INFO: [ view_parse ] --END-- [ RunTime:0.056003s ]
INFO: [ view_filter ] --START--
INFO: Run Behavior\WriteHtmlCacheBehavior [ RunTime:0.001000s ]
INFO: [ view_filter ] --END-- [ RunTime:0.001000s ]
INFO: [ app_end ] --START--
INFO: Run Behavior\ShowPageTraceBehavior [ RunTime:0.002000s ]
INFO: [ app_end ] --END-- [ RunTime:0.002000s ]

[ 2017-12-01T09:52:21+08:00 ] 192.168.3.72 /peihuo/index.php?c=log
INFO: [ app_init ] --START--
INFO: Run Behavior\BuildLiteBehavior [ RunTime:0.000000s ]
INFO: [ app_init ] --END-- [ RunTime:0.001000s ]
INFO: [ app_begin ] --START--
INFO: Run Behavior\ReadHtmlCacheBehavior [ RunTime:0.001000s ]
INFO: [ app_begin ] --END-- [ RunTime:0.001000s ]
SQL: SHOW COLUMNS FROM `ph_log` [ RunTime:0.1340s ]
SQL: SELECT * FROM `ph_log` ORDER BY log_id desc  [ RunTime:0.0810s ]
SQL: SELECT COUNT(*) AS tp_count FROM `ph_log` LIMIT 1   [ RunTime:0.0000s ]
INFO: [ view_parse ] --START--
INFO: [ template_filter ] --START--
INFO: Run Behavior\ContentReplaceBehavior [ RunTime:0.000000s ]
INFO: [ template_filter ] --END-- [ RunTime:0.000000s ]
INFO: Run Behavior\ParseTemplateBehavior [ RunTime:0.065004s ]
INFO: [ view_parse ] --END-- [ RunTime:0.065004s ]
INFO: [ view_filter ] --START--
INFO: Run Behavior\WriteHtmlCacheBehavior [ RunTime:0.003000s ]
INFO: [ view_filter ] --END-- [ RunTime:0.003000s ]
INFO: [ app_end ] --START--
INFO: Run Behavior\ShowPageTraceBehavior [ RunTime:0.003001s ]
INFO: [ app_end ] --END-- [ RunTime:0.004001s ]

